2018-02-01 12:07:19
Url：/DataStatistics/GameLog/GetGameLogPage?userid=&pagination=%7B%22rows%22%3A50%2C%22page%22%3A1%2C%22sidx%22%3A%22%22%2C%22sord%22%3A%22ASC%22%2C%22records%22%3A0%2C%22total%22%3A0%7D&_=1517458039429
Message：输入字符串的格式不正确。

2018-02-01 12:07:19
Url：/DataStatistics/GameLog/GetGameLogPage?userid=&pagination=%7B%22rows%22%3A50%2C%22page%22%3A1%2C%22sidx%22%3A%22%22%2C%22sord%22%3A%22ASC%22%2C%22records%22%3A0%2C%22total%22%3A0%7D&_=1517458039429
Message：输入字符串的格式不正确。

2018-02-01 12:07:28
Url：/DataStatistics/GameLog/GetGameLogPage?userid=&sdate=&edate=&userid=&pagination=%7B%22rows%22%3A50%2C%22page%22%3A1%2C%22sidx%22%3A%22%22%2C%22sord%22%3A%22ASC%22%2C%22records%22%3A0%2C%22total%22%3A0%7D&_=1517458039430
Message：输入字符串的格式不正确。

2018-02-01 12:07:28
Url：/DataStatistics/GameLog/GetGameLogPage?userid=&sdate=&edate=&userid=&pagination=%7B%22rows%22%3A50%2C%22page%22%3A1%2C%22sidx%22%3A%22%22%2C%22sord%22%3A%22ASC%22%2C%22records%22%3A0%2C%22total%22%3A0%7D&_=1517458039430
Message：输入字符串的格式不正确。

2018-02-01 14:41:35
Url：/ClubModule/Club/GetClubPage?pagination=%7B%22rows%22%3A50%2C%22page%22%3A1%2C%22sidx%22%3A%22%22%2C%22sord%22%3A%22ASC%22%2C%22records%22%3A0%2C%22total%22%3A0%7D&_=1517467295790
Message：Table 'linyun_game.t_club' doesn't exist

2018-02-01 14:41:35
Url：/ClubModule/Club/GetClubPage?pagination=%7B%22rows%22%3A50%2C%22page%22%3A1%2C%22sidx%22%3A%22%22%2C%22sord%22%3A%22ASC%22%2C%22records%22%3A0%2C%22total%22%3A0%7D&_=1517467295790
Message：Table 'linyun_game.t_club' doesn't exist

2018-02-01 14:43:52
Url：/ClubModule/Club/GetClubPage?pagination=%7B%22rows%22%3A50%2C%22page%22%3A1%2C%22sidx%22%3A%22%22%2C%22sord%22%3A%22ASC%22%2C%22records%22%3A0%2C%22total%22%3A0%7D&_=1517467432049
Message：Table 'linyun_game.t_club' doesn't exist

2018-02-01 14:43:52
Url：/ClubModule/Club/GetClubPage?pagination=%7B%22rows%22%3A50%2C%22page%22%3A1%2C%22sidx%22%3A%22%22%2C%22sord%22%3A%22ASC%22%2C%22records%22%3A0%2C%22total%22%3A0%7D&_=1517467432049
Message：Table 'linyun_game.t_club' doesn't exist

2018-02-01 14:45:42
Url：/ClubModule/Club/GetClubPage?pagination=%7B%22rows%22%3A50%2C%22page%22%3A1%2C%22sidx%22%3A%22%22%2C%22sord%22%3A%22ASC%22%2C%22records%22%3A0%2C%22total%22%3A0%7D&_=1517467542377
Message：Table 'linyun_game.t_club' doesn't exist

2018-02-01 14:45:42
Url：/ClubModule/Club/GetClubPage?pagination=%7B%22rows%22%3A50%2C%22page%22%3A1%2C%22sidx%22%3A%22%22%2C%22sord%22%3A%22ASC%22%2C%22records%22%3A0%2C%22total%22%3A0%7D&_=1517467542377
Message：Table 'linyun_game.t_club' doesn't exist

2018-02-01 15:01:32
Url：/ClubModule/Club/GetClubPage?pagination=%7B%22rows%22%3A50%2C%22page%22%3A1%2C%22sidx%22%3A%22%22%2C%22sord%22%3A%22ASC%22%2C%22records%22%3A0%2C%22total%22%3A0%7D&_=1517468492387
Message：Table 'linyun_game.t_club' doesn't exist

2018-02-01 15:01:32
Url：/ClubModule/Club/GetClubPage?pagination=%7B%22rows%22%3A50%2C%22page%22%3A1%2C%22sidx%22%3A%22%22%2C%22sord%22%3A%22ASC%22%2C%22records%22%3A0%2C%22total%22%3A0%7D&_=1517468492387
Message：Table 'linyun_game.t_club' doesn't exist

