2018-03-22 16:40:08
错误编号:2018032216400892X3862539ee0
Message:无法连接到远程服务器
Type:System.Net.WebException
Source:System
StackTrace:   在 System.Net.WebClient.UploadDataInternal(Uri address, String method, Byte[] data, WebRequest& request)
   在 System.Net.WebClient.UploadData(Uri address, String method, Byte[] data)
   在 System.Net.WebClient.UploadData(String address, String method, Byte[] data)
   在 Game.Common.WebCommon.APIPostBack(String url, String posts, Boolean check, String contentType)
Method:UploadDataInternal
Class:System.Net.WebClient
UserIP:192.168.0.104
UserName:
CompanyID:0
CompanyName:
BaseException:
System.Net.Sockets.SocketException (0x80004005): 由于目标计算机积极拒绝，无法连接。 192.168.0.114:2113
   在 System.Net.Sockets.Socket.DoConnect(EndPoint endPointSnapshot, SocketAddress socketAddress)
   在 System.Net.ServicePoint.ConnectSocketInternal(Boolean connectFailure, Socket s4, Socket s6, Socket& socket, IPAddress& address, ConnectSocketState state, IAsyncResult asyncResult, Exception& exception)
2018-03-22 16:40:09
Url：/User/User/CKfangka
Message：Error reading JObject from JsonReader. Path '', line 0, position 0.

2018-03-22 16:40:09
Url：/User/User/CKfangka
Message：Error reading JObject from JsonReader. Path '', line 0, position 0.

2018-03-22 16:41:59
Url：/User/User/CKfangka
Message：JSONHelper.JSONToObject(): 值不能为 null。
参数名: input

2018-03-22 16:41:59
Url：/User/User/CKfangka
Message：JSONHelper.JSONToObject(): 值不能为 null。
参数名: input

