2018-01-29 14:36:01
Url：/GameConfig/Placardset/Index
Message：Table 'linyun_game.t_placardset' doesn't exist

2018-01-29 14:36:01
Url：/GameConfig/Placardset/Index
Message：Table 'linyun_game.t_placardset' doesn't exist

2018-01-29 14:36:21
Url：/GameConfig/Placardset/Index
Message：Table 'linyun_game.t_placardset' doesn't exist

2018-01-29 14:36:21
Url：/GameConfig/Placardset/Index
Message：Table 'linyun_game.t_placardset' doesn't exist

2018-01-29 14:36:40
Url：/GameConfig/Placardset/Index
Message：Table 'linyun_game.t_placardset' doesn't exist

2018-01-29 14:36:40
Url：/GameConfig/Placardset/Index
Message：Table 'linyun_game.t_placardset' doesn't exist

2018-01-29 14:37:20
Url：/GameConfig/Placardset/Index
Message：Table 'linyun_game.t_placardset' doesn't exist

2018-01-29 14:37:20
Url：/GameConfig/Placardset/Index
Message：Table 'linyun_game.t_placardset' doesn't exist

2018-01-29 14:41:05
Url：/GameConfig/Placardset/Index
Message：无法对 null 引用执行运行时绑定

2018-01-29 14:41:05
Url：/GameConfig/Placardset/Index
Message：无法对 null 引用执行运行时绑定

2018-01-29 14:42:00
Url：/GameConfig/Placardset/Index
Message：e:\Projects\网站运营后台\Game.H5\Game.H5\Areas\GameConfig\Views\Placardset\Index.cshtml(16): error CS1002: 应输入 ;

2018-01-29 14:42:00
Url：/GameConfig/Placardset/Index
Message：e:\Projects\网站运营后台\Game.H5\Game.H5\Areas\GameConfig\Views\Placardset\Index.cshtml(16): error CS1002: 应输入 ;

2018-01-29 14:42:14
Url：/GameConfig/Placardset/Index
Message：e:\Projects\网站运营后台\Game.H5\Game.H5\Areas\GameConfig\Views\Placardset\Index.cshtml(16): error CS1002: 应输入 ;

2018-01-29 14:42:14
Url：/GameConfig/Placardset/Index
Message：e:\Projects\网站运营后台\Game.H5\Game.H5\Areas\GameConfig\Views\Placardset\Index.cshtml(16): error CS1002: 应输入 ;

2018-01-29 14:42:41
Url：/GameConfig/Placardset/index
Message：e:\Projects\网站运营后台\Game.H5\Game.H5\Areas\GameConfig\Views\Placardset\Index.cshtml(16): error CS1002: 应输入 ;

2018-01-29 14:42:41
Url：/GameConfig/Placardset/index
Message：e:\Projects\网站运营后台\Game.H5\Game.H5\Areas\GameConfig\Views\Placardset\Index.cshtml(16): error CS1002: 应输入 ;

2018-01-29 14:42:45
Url：/GameConfig/Placardset/index
Message：e:\Projects\网站运营后台\Game.H5\Game.H5\Areas\GameConfig\Views\Placardset\Index.cshtml(16): error CS1002: 应输入 ;

2018-01-29 14:42:45
Url：/GameConfig/Placardset/index
Message：e:\Projects\网站运营后台\Game.H5\Game.H5\Areas\GameConfig\Views\Placardset\Index.cshtml(16): error CS1002: 应输入 ;

2018-01-29 14:42:49
Url：/GameConfig/Placardset/index
Message：e:\Projects\网站运营后台\Game.H5\Game.H5\Areas\GameConfig\Views\Placardset\Index.cshtml(16): error CS1002: 应输入 ;

2018-01-29 14:42:49
Url：/GameConfig/Placardset/index
Message：e:\Projects\网站运营后台\Game.H5\Game.H5\Areas\GameConfig\Views\Placardset\Index.cshtml(16): error CS1002: 应输入 ;

2018-01-29 14:44:11
Url：/GameConfig/Placardset/Index
Message：e:\Projects\网站运营后台\Game.H5\Game.H5\Areas\GameConfig\Views\Placardset\Index.cshtml(16): error CS1002: 应输入 ;

2018-01-29 14:44:11
Url：/GameConfig/Placardset/Index
Message：e:\Projects\网站运营后台\Game.H5\Game.H5\Areas\GameConfig\Views\Placardset\Index.cshtml(16): error CS1002: 应输入 ;

2018-01-29 14:44:39
Url：/GameConfig/Placardset/Index
Message：e:\Projects\网站运营后台\Game.H5\Game.H5\Areas\GameConfig\Views\Placardset\Index.cshtml(14): error CS1002: 应输入 ;

2018-01-29 14:44:39
Url：/GameConfig/Placardset/Index
Message：e:\Projects\网站运营后台\Game.H5\Game.H5\Areas\GameConfig\Views\Placardset\Index.cshtml(14): error CS1002: 应输入 ;

2018-01-29 14:45:30
Url：/GameConfig/Placardset/Index
Message：e:\Projects\网站运营后台\Game.H5\Game.H5\Areas\GameConfig\Views\Placardset\Index.cshtml(14): error CS1002: 应输入 ;

2018-01-29 14:45:30
Url：/GameConfig/Placardset/Index
Message：e:\Projects\网站运营后台\Game.H5\Game.H5\Areas\GameConfig\Views\Placardset\Index.cshtml(14): error CS1002: 应输入 ;

2018-01-29 14:47:14
Url：/GameConfig/Placardset/Index
Message：e:\Projects\网站运营后台\Game.H5\Game.H5\Areas\GameConfig\Views\Placardset\Index.cshtml(14): error CS1002: 应输入 ;

2018-01-29 14:47:14
Url：/GameConfig/Placardset/Index
Message：e:\Projects\网站运营后台\Game.H5\Game.H5\Areas\GameConfig\Views\Placardset\Index.cshtml(14): error CS1002: 应输入 ;

2018-01-29 14:49:28
Url：/GameConfig/Placardset/Index
Message：e:\Projects\网站运营后台\Game.H5\Game.H5\Areas\GameConfig\Views\Placardset\Index.cshtml(14): error CS1002: 应输入 ;

2018-01-29 14:49:28
Url：/GameConfig/Placardset/Index
Message：e:\Projects\网站运营后台\Game.H5\Game.H5\Areas\GameConfig\Views\Placardset\Index.cshtml(14): error CS1002: 应输入 ;

2018-01-29 14:58:03
Url：/GameConfig/Placardset/Index
Message：e:\Projects\网站运营后台\Game.H5\Game.H5\Areas\GameConfig\Views\Placardset\Index.cshtml(14): error CS1002: 应输入 ;

2018-01-29 14:58:03
Url：/GameConfig/Placardset/Index
Message：e:\Projects\网站运营后台\Game.H5\Game.H5\Areas\GameConfig\Views\Placardset\Index.cshtml(14): error CS1002: 应输入 ;

2018-01-29 14:59:09
Url：/GameConfig/Placardset/Index
Message：e:\Projects\网站运营后台\Game.H5\Game.H5\Areas\GameConfig\Views\Placardset\Index.cshtml(11): error CS1002: 应输入 ;

2018-01-29 14:59:09
Url：/GameConfig/Placardset/Index
Message：e:\Projects\网站运营后台\Game.H5\Game.H5\Areas\GameConfig\Views\Placardset\Index.cshtml(11): error CS1002: 应输入 ;

2018-01-29 15:01:06
Url：/GameConfig/Placardset/Index
Message：e:\Projects\网站运营后台\Game.H5\Game.H5\Areas\GameConfig\Views\Placardset\Index.cshtml(11): error CS1002: 应输入 ;

2018-01-29 15:01:06
Url：/GameConfig/Placardset/Index
Message：e:\Projects\网站运营后台\Game.H5\Game.H5\Areas\GameConfig\Views\Placardset\Index.cshtml(11): error CS1002: 应输入 ;

2018-01-29 15:02:58
Url：/GameConfig/Placardset/Index
Message：e:\Projects\网站运营后台\Game.H5\Game.H5\Areas\GameConfig\Views\Placardset\Index.cshtml(11): error CS1002: 应输入 ;

2018-01-29 15:02:58
Url：/GameConfig/Placardset/Index
Message：e:\Projects\网站运营后台\Game.H5\Game.H5\Areas\GameConfig\Views\Placardset\Index.cshtml(11): error CS1002: 应输入 ;

2018-01-29 15:03:39
Url：/GameConfig/Placardset/Index
Message：e:\Projects\网站运营后台\Game.H5\Game.H5\Areas\GameConfig\Views\Placardset\Index.cshtml(11): error CS1002: 应输入 ;

2018-01-29 15:03:39
Url：/GameConfig/Placardset/Index
Message：e:\Projects\网站运营后台\Game.H5\Game.H5\Areas\GameConfig\Views\Placardset\Index.cshtml(11): error CS1002: 应输入 ;

2018-01-29 15:05:20
Url：/GameConfig/Placardset/Index
Message：e:\Projects\网站运营后台\Game.H5\Game.H5\Areas\GameConfig\Views\Placardset\Index.cshtml(4): error CS1002: 应输入 ;

2018-01-29 15:05:20
Url：/GameConfig/Placardset/Index
Message：e:\Projects\网站运营后台\Game.H5\Game.H5\Areas\GameConfig\Views\Placardset\Index.cshtml(4): error CS1002: 应输入 ;

2018-01-29 15:06:10
Url：/GameConfig/Placardset/Index
Message：e:\Projects\网站运营后台\Game.H5\Game.H5\Areas\GameConfig\Views\Placardset\Index.cshtml(4): error CS1002: 应输入 ;

2018-01-29 15:06:10
Url：/GameConfig/Placardset/Index
Message：e:\Projects\网站运营后台\Game.H5\Game.H5\Areas\GameConfig\Views\Placardset\Index.cshtml(4): error CS1002: 应输入 ;

2018-01-29 15:06:18
Url：/GameConfig/Placardset/Index
Message：e:\Projects\网站运营后台\Game.H5\Game.H5\Areas\GameConfig\Views\Placardset\Index.cshtml(4): error CS1002: 应输入 ;

2018-01-29 15:06:18
Url：/GameConfig/Placardset/Index
Message：e:\Projects\网站运营后台\Game.H5\Game.H5\Areas\GameConfig\Views\Placardset\Index.cshtml(4): error CS1002: 应输入 ;

2018-01-29 15:06:31
Url：/GameConfig/Placardset/Index
Message：e:\Projects\网站运营后台\Game.H5\Game.H5\Areas\GameConfig\Views\Placardset\Index.cshtml(4): error CS1002: 应输入 ;

2018-01-29 15:06:31
Url：/GameConfig/Placardset/Index
Message：e:\Projects\网站运营后台\Game.H5\Game.H5\Areas\GameConfig\Views\Placardset\Index.cshtml(4): error CS1002: 应输入 ;

2018-01-29 15:08:32
Url：/GameConfig/placardset/AddPlacard
Message：Field 'Id' doesn't have a default value

2018-01-29 15:08:32
Url：/GameConfig/placardset/AddPlacard
Message：Field 'Id' doesn't have a default value

2018-01-29 15:09:08
Url：/GameConfig/placardset/AddPlacard
Message：Field 'Id' doesn't have a default value

2018-01-29 15:09:08
Url：/GameConfig/placardset/AddPlacard
Message：Field 'Id' doesn't have a default value

