2018-03-19 11:44:16
Url：/ClubModule/Club/SetClubConfig
Message：对于“Game.H5.Areas.ClubModule.Controllers.ClubController”中方法“System.Web.Mvc.ActionResult SetClubConfig(Int32, Int32)”的不可以为 null 的类型“System.Int32”的参数“val”，参数字典包含一个 null 项。可选参数必须为引用类型、可以为 null 的类型或声明为可选参数。
参数名: parameters

2018-03-19 11:44:16
Url：/ClubModule/Club/SetClubConfig
Message：对于“Game.H5.Areas.ClubModule.Controllers.ClubController”中方法“System.Web.Mvc.ActionResult SetClubConfig(Int32, Int32)”的不可以为 null 的类型“System.Int32”的参数“val”，参数字典包含一个 null 项。可选参数必须为引用类型、可以为 null 的类型或声明为可选参数。
参数名: parameters

2018-03-19 12:07:06
Url：/ClubModule/Club/SetClubConfig
Message：JSONHelper.JSONToObject(): 值不能为 null。
参数名: input

2018-03-19 12:07:07
Url：/ClubModule/Club/SetClubConfig
Message：JSONHelper.JSONToObject(): 值不能为 null。
参数名: input

2018-03-19 12:07:29
Url：/ClubModule/Club/SetClubConfig
Message：JSONHelper.JSONToObject(): 值不能为 null。
参数名: input

2018-03-19 12:07:29
Url：/ClubModule/Club/SetClubConfig
Message：JSONHelper.JSONToObject(): 值不能为 null。
参数名: input

2018-03-19 12:08:43
错误编号:2018031912084349Xc1121f7865
Message:基础连接已经关闭: 连接被意外关闭。
Type:System.Net.WebException
Source:System
StackTrace:   在 System.Net.WebClient.UploadDataInternal(Uri address, String method, Byte[] data, WebRequest& request)
   在 System.Net.WebClient.UploadData(Uri address, String method, Byte[] data)
   在 System.Net.WebClient.UploadData(String address, String method, Byte[] data)
   在 Game.Common.WebCommon.APIPostBack(String url, String posts, Boolean check, String contentType) 位置 E:\Projects\网站运营后台\Game.H5\Game.Common\WebCommon.cs:行号 179
Method:UploadDataInternal
Class:System.Net.WebClient
UserIP:::1
UserName:
CompanyID:0
CompanyName:

2018-03-19 12:08:43
Url：/ClubModule/Club/SetClubConfig
Message：Error reading JObject from JsonReader. Path '', line 0, position 0.

2018-03-19 12:08:43
Url：/ClubModule/Club/SetClubConfig
Message：Error reading JObject from JsonReader. Path '', line 0, position 0.

2018-03-19 12:09:28
Url：/ClubModule/Club/SetClubConfig
Message：JSONHelper.JSONToObject(): 值不能为 null。
参数名: input

2018-03-19 12:09:28
Url：/ClubModule/Club/SetClubConfig
Message：JSONHelper.JSONToObject(): 值不能为 null。
参数名: input

2018-03-19 12:09:59
Url：/ClubModule/Club/SetClubConfig
Message：JSONHelper.JSONToObject(): 值不能为 null。
参数名: input

2018-03-19 12:09:59
Url：/ClubModule/Club/SetClubConfig
Message：JSONHelper.JSONToObject(): 值不能为 null。
参数名: input

2018-03-19 12:12:41
Url：/ClubModule/Agent/SetUserforAgent
Message：JSONHelper.JSONToObject(): 值不能为 null。
参数名: input

2018-03-19 12:12:41
Url：/ClubModule/Agent/SetUserforAgent
Message：JSONHelper.JSONToObject(): 值不能为 null。
参数名: input

2018-03-19 12:13:12
Url：/ClubModule/Agent/SetUserforAgent
Message：JSONHelper.JSONToObject(): 值不能为 null。
参数名: input

2018-03-19 12:13:12
Url：/ClubModule/Agent/SetUserforAgent
Message：JSONHelper.JSONToObject(): 值不能为 null。
参数名: input

2018-03-19 15:05:28
Url：/GameConfig/placardset/AddPlacard
Message：Table 'linyun_game.t_placardset' doesn't exist

2018-03-19 15:05:28
Url：/GameConfig/placardset/AddPlacard
Message：Table 'linyun_game.t_placardset' doesn't exist

2018-03-19 15:16:09
Url：/ClubModule/Club/GetClubUserPage?pagination=%7B%22rows%22%3A50%2C%22page%22%3A1%2C%22sidx%22%3A%22%22%2C%22sord%22%3A%22ASC%22%2C%22records%22%3A0%2C%22total%22%3A0%7D&_=1521443769141
Message：对于“Game.H5.Areas.ClubModule.Controllers.ClubController”中方法“System.Web.Mvc.ActionResult GetClubUserPage(System.String, Int32, System.String, System.String, System.String)”的不可以为 null 的类型“System.Int32”的参数“clubid”，参数字典包含一个 null 项。可选参数必须为引用类型、可以为 null 的类型或声明为可选参数。
参数名: parameters

2018-03-19 15:16:09
Url：/ClubModule/Club/GetClubUserPage?pagination=%7B%22rows%22%3A50%2C%22page%22%3A1%2C%22sidx%22%3A%22%22%2C%22sord%22%3A%22ASC%22%2C%22records%22%3A0%2C%22total%22%3A0%7D&_=1521443769141
Message：对于“Game.H5.Areas.ClubModule.Controllers.ClubController”中方法“System.Web.Mvc.ActionResult GetClubUserPage(System.String, Int32, System.String, System.String, System.String)”的不可以为 null 的类型“System.Int32”的参数“clubid”，参数字典包含一个 null 项。可选参数必须为引用类型、可以为 null 的类型或声明为可选参数。
参数名: parameters

2018-03-19 15:17:07
Url：/ClubModule/Club/GetClubUserPage?clubid=10000000&sdate=&edate=&keyword=&pagination=%7B%22rows%22%3A50%2C%22page%22%3A1%2C%22sidx%22%3A%22%22%2C%22sord%22%3A%22ASC%22%2C%22records%22%3A0%2C%22total%22%3A0%7D&_=1521443769143
Message：Error parsing column 5 (position=2 - Int16)

2018-03-19 15:17:07
Url：/ClubModule/Club/GetClubUserPage?clubid=10000000&sdate=&edate=&keyword=&pagination=%7B%22rows%22%3A50%2C%22page%22%3A1%2C%22sidx%22%3A%22%22%2C%22sord%22%3A%22ASC%22%2C%22records%22%3A0%2C%22total%22%3A0%7D&_=1521443769143
Message：Error parsing column 5 (position=2 - Int16)

2018-03-19 15:17:23
Url：/ClubModule/Club/GetClubUserPage?clubid=10000000&sdate=&edate=&keyword=&pagination=%7B%22rows%22%3A50%2C%22page%22%3A1%2C%22sidx%22%3A%22%22%2C%22sord%22%3A%22ASC%22%2C%22records%22%3A0%2C%22total%22%3A0%7D&_=1521443769144
Message：Error parsing column 5 (position=2 - Int16)

2018-03-19 15:17:24
Url：/ClubModule/Club/GetClubUserPage?clubid=10000000&sdate=&edate=&keyword=&pagination=%7B%22rows%22%3A50%2C%22page%22%3A1%2C%22sidx%22%3A%22%22%2C%22sord%22%3A%22ASC%22%2C%22records%22%3A0%2C%22total%22%3A0%7D&_=1521443769144
Message：Error parsing column 5 (position=2 - Int16)

2018-03-19 15:17:47
Url：/ClubModule/Club/GetClubUserPage?pagination=%7B%22rows%22%3A50%2C%22page%22%3A1%2C%22sidx%22%3A%22%22%2C%22sord%22%3A%22ASC%22%2C%22records%22%3A0%2C%22total%22%3A0%7D&_=1521443867120
Message：对于“Game.H5.Areas.ClubModule.Controllers.ClubController”中方法“System.Web.Mvc.ActionResult GetClubUserPage(System.String, Int32, System.String, System.String, System.String)”的不可以为 null 的类型“System.Int32”的参数“clubid”，参数字典包含一个 null 项。可选参数必须为引用类型、可以为 null 的类型或声明为可选参数。
参数名: parameters

2018-03-19 15:17:47
Url：/ClubModule/Club/GetClubUserPage?pagination=%7B%22rows%22%3A50%2C%22page%22%3A1%2C%22sidx%22%3A%22%22%2C%22sord%22%3A%22ASC%22%2C%22records%22%3A0%2C%22total%22%3A0%7D&_=1521443867120
Message：对于“Game.H5.Areas.ClubModule.Controllers.ClubController”中方法“System.Web.Mvc.ActionResult GetClubUserPage(System.String, Int32, System.String, System.String, System.String)”的不可以为 null 的类型“System.Int32”的参数“clubid”，参数字典包含一个 null 项。可选参数必须为引用类型、可以为 null 的类型或声明为可选参数。
参数名: parameters

2018-03-19 15:18:32
Url：/ClubModule/Club/GetClubUserPage?clubid=10000000&sdate=&edate=&keyword=&pagination=%7B%22rows%22%3A50%2C%22page%22%3A1%2C%22sidx%22%3A%22%22%2C%22sord%22%3A%22ASC%22%2C%22records%22%3A0%2C%22total%22%3A0%7D&_=1521443867121
Message：Error parsing column 5 (position=2 - Int16)

2018-03-19 15:18:32
Url：/ClubModule/Club/GetClubUserPage?clubid=10000000&sdate=&edate=&keyword=&pagination=%7B%22rows%22%3A50%2C%22page%22%3A1%2C%22sidx%22%3A%22%22%2C%22sord%22%3A%22ASC%22%2C%22records%22%3A0%2C%22total%22%3A0%7D&_=1521443867121
Message：Error parsing column 5 (position=2 - Int16)

2018-03-19 15:18:54
Url：/ClubModule/Club/GetClubUserPage?clubid=10000000&sdate=&edate=&keyword=&pagination=%7B%22rows%22%3A50%2C%22page%22%3A1%2C%22sidx%22%3A%22%22%2C%22sord%22%3A%22ASC%22%2C%22records%22%3A0%2C%22total%22%3A0%7D&_=1521443867122
Message：Error parsing column 5 (position=2 - Int16)

2018-03-19 15:18:54
Url：/ClubModule/Club/GetClubUserPage?clubid=10000000&sdate=&edate=&keyword=&pagination=%7B%22rows%22%3A50%2C%22page%22%3A1%2C%22sidx%22%3A%22%22%2C%22sord%22%3A%22ASC%22%2C%22records%22%3A0%2C%22total%22%3A0%7D&_=1521443867122
Message：Error parsing column 5 (position=2 - Int16)

2018-03-19 15:19:56
Url：/ClubModule/Club/GetClubUserPage?clubid=10000000&sdate=&edate=&keyword=&pagination=%7B%22rows%22%3A50%2C%22page%22%3A1%2C%22sidx%22%3A%22%22%2C%22sord%22%3A%22ASC%22%2C%22records%22%3A0%2C%22total%22%3A0%7D&_=1521443867123
Message：Error parsing column 5 (position=2 - Int16)

2018-03-19 15:19:56
Url：/ClubModule/Club/GetClubUserPage?clubid=10000000&sdate=&edate=&keyword=&pagination=%7B%22rows%22%3A50%2C%22page%22%3A1%2C%22sidx%22%3A%22%22%2C%22sord%22%3A%22ASC%22%2C%22records%22%3A0%2C%22total%22%3A0%7D&_=1521443867123
Message：Error parsing column 5 (position=2 - Int16)

2018-03-19 15:20:22
Url：/ClubModule/Club/GetClubUserPage?pagination=%7B%22rows%22%3A50%2C%22page%22%3A1%2C%22sidx%22%3A%22%22%2C%22sord%22%3A%22ASC%22%2C%22records%22%3A0%2C%22total%22%3A0%7D&_=1521444021720
Message：对于“Game.H5.Areas.ClubModule.Controllers.ClubController”中方法“System.Web.Mvc.ActionResult GetClubUserPage(System.String, Int32, System.String, System.String, System.String)”的不可以为 null 的类型“System.Int32”的参数“clubid”，参数字典包含一个 null 项。可选参数必须为引用类型、可以为 null 的类型或声明为可选参数。
参数名: parameters

2018-03-19 15:20:22
Url：/ClubModule/Club/GetClubUserPage?pagination=%7B%22rows%22%3A50%2C%22page%22%3A1%2C%22sidx%22%3A%22%22%2C%22sord%22%3A%22ASC%22%2C%22records%22%3A0%2C%22total%22%3A0%7D&_=1521444021720
Message：对于“Game.H5.Areas.ClubModule.Controllers.ClubController”中方法“System.Web.Mvc.ActionResult GetClubUserPage(System.String, Int32, System.String, System.String, System.String)”的不可以为 null 的类型“System.Int32”的参数“clubid”，参数字典包含一个 null 项。可选参数必须为引用类型、可以为 null 的类型或声明为可选参数。
参数名: parameters

2018-03-19 15:20:33
Url：/ClubModule/Club/GetClubUserPage?clubid=10000000&sdate=&edate=&keyword=&pagination=%7B%22rows%22%3A50%2C%22page%22%3A1%2C%22sidx%22%3A%22%22%2C%22sord%22%3A%22ASC%22%2C%22records%22%3A0%2C%22total%22%3A0%7D&_=1521444021721
Message：Error parsing column 5 (position=2 - Int16)

2018-03-19 15:20:33
Url：/ClubModule/Club/GetClubUserPage?clubid=10000000&sdate=&edate=&keyword=&pagination=%7B%22rows%22%3A50%2C%22page%22%3A1%2C%22sidx%22%3A%22%22%2C%22sord%22%3A%22ASC%22%2C%22records%22%3A0%2C%22total%22%3A0%7D&_=1521444021721
Message：Error parsing column 5 (position=2 - Int16)

2018-03-19 15:21:09
Url：/ClubModule/Club/GetClubUserPage?clubid=10000000&sdate=&edate=&keyword=&pagination=%7B%22rows%22%3A50%2C%22page%22%3A1%2C%22sidx%22%3A%22%22%2C%22sord%22%3A%22ASC%22%2C%22records%22%3A0%2C%22total%22%3A0%7D&_=1521444021722
Message：Error parsing column 5 (position=2 - Int16)

2018-03-19 15:21:09
Url：/ClubModule/Club/GetClubUserPage?clubid=10000000&sdate=&edate=&keyword=&pagination=%7B%22rows%22%3A50%2C%22page%22%3A1%2C%22sidx%22%3A%22%22%2C%22sord%22%3A%22ASC%22%2C%22records%22%3A0%2C%22total%22%3A0%7D&_=1521444021722
Message：Error parsing column 5 (position=2 - Int16)

2018-03-19 15:44:06
Url：/ClubModule/Club/GetClubUserPage?pagination=%7B%22rows%22%3A50%2C%22page%22%3A1%2C%22sidx%22%3A%22%22%2C%22sord%22%3A%22ASC%22%2C%22records%22%3A0%2C%22total%22%3A0%7D&_=1521445446136
Message：对于“Game.H5.Areas.ClubModule.Controllers.ClubController”中方法“System.Web.Mvc.ActionResult GetClubUserPage(System.String, Int32, System.String, System.String, System.String)”的不可以为 null 的类型“System.Int32”的参数“clubid”，参数字典包含一个 null 项。可选参数必须为引用类型、可以为 null 的类型或声明为可选参数。
参数名: parameters

2018-03-19 15:44:06
Url：/ClubModule/Club/GetClubUserPage?pagination=%7B%22rows%22%3A50%2C%22page%22%3A1%2C%22sidx%22%3A%22%22%2C%22sord%22%3A%22ASC%22%2C%22records%22%3A0%2C%22total%22%3A0%7D&_=1521445446136
Message：对于“Game.H5.Areas.ClubModule.Controllers.ClubController”中方法“System.Web.Mvc.ActionResult GetClubUserPage(System.String, Int32, System.String, System.String, System.String)”的不可以为 null 的类型“System.Int32”的参数“clubid”，参数字典包含一个 null 项。可选参数必须为引用类型、可以为 null 的类型或声明为可选参数。
参数名: parameters

2018-03-19 15:45:59
Url：/ClubModule/Club/GetClubUserPage?pagination=%7B%22rows%22%3A50%2C%22page%22%3A1%2C%22sidx%22%3A%22%22%2C%22sord%22%3A%22ASC%22%2C%22records%22%3A0%2C%22total%22%3A0%7D&_=1521445544833
Message：对于“Game.H5.Areas.ClubModule.Controllers.ClubController”中方法“System.Web.Mvc.ActionResult GetClubUserPage(System.String, Int32, System.String, System.String, System.String)”的不可以为 null 的类型“System.Int32”的参数“clubid”，参数字典包含一个 null 项。可选参数必须为引用类型、可以为 null 的类型或声明为可选参数。
参数名: parameters

2018-03-19 15:45:59
Url：/ClubModule/Club/GetClubUserPage?pagination=%7B%22rows%22%3A50%2C%22page%22%3A1%2C%22sidx%22%3A%22%22%2C%22sord%22%3A%22ASC%22%2C%22records%22%3A0%2C%22total%22%3A0%7D&_=1521445544833
Message：对于“Game.H5.Areas.ClubModule.Controllers.ClubController”中方法“System.Web.Mvc.ActionResult GetClubUserPage(System.String, Int32, System.String, System.String, System.String)”的不可以为 null 的类型“System.Int32”的参数“clubid”，参数字典包含一个 null 项。可选参数必须为引用类型、可以为 null 的类型或声明为可选参数。
参数名: parameters

2018-03-19 15:47:49
Url：/ClubModule/Club/GetClubUserPage?pagination=%7B%22rows%22%3A50%2C%22page%22%3A1%2C%22sidx%22%3A%22%22%2C%22sord%22%3A%22ASC%22%2C%22records%22%3A0%2C%22total%22%3A0%7D&_=1521445666450
Message：对于“Game.H5.Areas.ClubModule.Controllers.ClubController”中方法“System.Web.Mvc.ActionResult GetClubUserPage(System.String, Int32, System.String, System.String, System.String)”的不可以为 null 的类型“System.Int32”的参数“clubid”，参数字典包含一个 null 项。可选参数必须为引用类型、可以为 null 的类型或声明为可选参数。
参数名: parameters

2018-03-19 15:47:49
Url：/ClubModule/Club/GetClubUserPage?pagination=%7B%22rows%22%3A50%2C%22page%22%3A1%2C%22sidx%22%3A%22%22%2C%22sord%22%3A%22ASC%22%2C%22records%22%3A0%2C%22total%22%3A0%7D&_=1521445666450
Message：对于“Game.H5.Areas.ClubModule.Controllers.ClubController”中方法“System.Web.Mvc.ActionResult GetClubUserPage(System.String, Int32, System.String, System.String, System.String)”的不可以为 null 的类型“System.Int32”的参数“clubid”，参数字典包含一个 null 项。可选参数必须为引用类型、可以为 null 的类型或声明为可选参数。
参数名: parameters

2018-03-19 15:49:33
Url：/ClubModule/Club/GetClubUserPage?pagination=%7B%22rows%22%3A50%2C%22page%22%3A1%2C%22sidx%22%3A%22%22%2C%22sord%22%3A%22ASC%22%2C%22records%22%3A0%2C%22total%22%3A0%7D&_=1521445773666
Message：对于“Game.H5.Areas.ClubModule.Controllers.ClubController”中方法“System.Web.Mvc.ActionResult GetClubUserPage(System.String, Int32, System.String, System.String, System.String)”的不可以为 null 的类型“System.Int32”的参数“clubid”，参数字典包含一个 null 项。可选参数必须为引用类型、可以为 null 的类型或声明为可选参数。
参数名: parameters

2018-03-19 15:49:34
Url：/ClubModule/Club/GetClubUserPage?pagination=%7B%22rows%22%3A50%2C%22page%22%3A1%2C%22sidx%22%3A%22%22%2C%22sord%22%3A%22ASC%22%2C%22records%22%3A0%2C%22total%22%3A0%7D&_=1521445773666
Message：对于“Game.H5.Areas.ClubModule.Controllers.ClubController”中方法“System.Web.Mvc.ActionResult GetClubUserPage(System.String, Int32, System.String, System.String, System.String)”的不可以为 null 的类型“System.Int32”的参数“clubid”，参数字典包含一个 null 项。可选参数必须为引用类型、可以为 null 的类型或声明为可选参数。
参数名: parameters

2018-03-19 15:51:05
Url：/ClubModule/Club/GetClubUserPage?pagination=%7B%22rows%22%3A50%2C%22page%22%3A1%2C%22sidx%22%3A%22%22%2C%22sord%22%3A%22ASC%22%2C%22records%22%3A0%2C%22total%22%3A0%7D&_=1521445864896
Message：对于“Game.H5.Areas.ClubModule.Controllers.ClubController”中方法“System.Web.Mvc.ActionResult GetClubUserPage(System.String, Int32, System.String, System.String, System.String)”的不可以为 null 的类型“System.Int32”的参数“clubid”，参数字典包含一个 null 项。可选参数必须为引用类型、可以为 null 的类型或声明为可选参数。
参数名: parameters

2018-03-19 15:51:05
Url：/ClubModule/Club/GetClubUserPage?pagination=%7B%22rows%22%3A50%2C%22page%22%3A1%2C%22sidx%22%3A%22%22%2C%22sord%22%3A%22ASC%22%2C%22records%22%3A0%2C%22total%22%3A0%7D&_=1521445864896
Message：对于“Game.H5.Areas.ClubModule.Controllers.ClubController”中方法“System.Web.Mvc.ActionResult GetClubUserPage(System.String, Int32, System.String, System.String, System.String)”的不可以为 null 的类型“System.Int32”的参数“clubid”，参数字典包含一个 null 项。可选参数必须为引用类型、可以为 null 的类型或声明为可选参数。
参数名: parameters

2018-03-19 15:51:28
Url：/ClubModule/Club/GetClubUserPage?pagination=%7B%22rows%22%3A50%2C%22page%22%3A1%2C%22sidx%22%3A%22%22%2C%22sord%22%3A%22ASC%22%2C%22records%22%3A0%2C%22total%22%3A0%7D&_=1521445888600
Message：对于“Game.H5.Areas.ClubModule.Controllers.ClubController”中方法“System.Web.Mvc.ActionResult GetClubUserPage(System.String, Int32, System.String, System.String, System.String)”的不可以为 null 的类型“System.Int32”的参数“clubid”，参数字典包含一个 null 项。可选参数必须为引用类型、可以为 null 的类型或声明为可选参数。
参数名: parameters

2018-03-19 15:51:29
Url：/ClubModule/Club/GetClubUserPage?pagination=%7B%22rows%22%3A50%2C%22page%22%3A1%2C%22sidx%22%3A%22%22%2C%22sord%22%3A%22ASC%22%2C%22records%22%3A0%2C%22total%22%3A0%7D&_=1521445888600
Message：对于“Game.H5.Areas.ClubModule.Controllers.ClubController”中方法“System.Web.Mvc.ActionResult GetClubUserPage(System.String, Int32, System.String, System.String, System.String)”的不可以为 null 的类型“System.Int32”的参数“clubid”，参数字典包含一个 null 项。可选参数必须为引用类型、可以为 null 的类型或声明为可选参数。
参数名: parameters

2018-03-19 15:51:57
Url：/ClubModule/Club/GetClubUserPage?pagination=%7B%22rows%22%3A50%2C%22page%22%3A1%2C%22sidx%22%3A%22%22%2C%22sord%22%3A%22ASC%22%2C%22records%22%3A0%2C%22total%22%3A0%7D&_=1521445916936
Message：对于“Game.H5.Areas.ClubModule.Controllers.ClubController”中方法“System.Web.Mvc.ActionResult GetClubUserPage(System.String, Int32, System.String, System.String, System.String)”的不可以为 null 的类型“System.Int32”的参数“clubid”，参数字典包含一个 null 项。可选参数必须为引用类型、可以为 null 的类型或声明为可选参数。
参数名: parameters

2018-03-19 15:51:57
Url：/ClubModule/Club/GetClubUserPage?pagination=%7B%22rows%22%3A50%2C%22page%22%3A1%2C%22sidx%22%3A%22%22%2C%22sord%22%3A%22ASC%22%2C%22records%22%3A0%2C%22total%22%3A0%7D&_=1521445916936
Message：对于“Game.H5.Areas.ClubModule.Controllers.ClubController”中方法“System.Web.Mvc.ActionResult GetClubUserPage(System.String, Int32, System.String, System.String, System.String)”的不可以为 null 的类型“System.Int32”的参数“clubid”，参数字典包含一个 null 项。可选参数必须为引用类型、可以为 null 的类型或声明为可选参数。
参数名: parameters

2018-03-19 15:52:14
Url：/ClubModule/Club/GetClubUserPage?pagination=%7B%22rows%22%3A50%2C%22page%22%3A1%2C%22sidx%22%3A%22%22%2C%22sord%22%3A%22ASC%22%2C%22records%22%3A0%2C%22total%22%3A0%7D&_=1521445934300
Message：对于“Game.H5.Areas.ClubModule.Controllers.ClubController”中方法“System.Web.Mvc.ActionResult GetClubUserPage(System.String, Int32, System.String, System.String, System.String)”的不可以为 null 的类型“System.Int32”的参数“clubid”，参数字典包含一个 null 项。可选参数必须为引用类型、可以为 null 的类型或声明为可选参数。
参数名: parameters

2018-03-19 15:52:14
Url：/ClubModule/Club/GetClubUserPage?pagination=%7B%22rows%22%3A50%2C%22page%22%3A1%2C%22sidx%22%3A%22%22%2C%22sord%22%3A%22ASC%22%2C%22records%22%3A0%2C%22total%22%3A0%7D&_=1521445934300
Message：对于“Game.H5.Areas.ClubModule.Controllers.ClubController”中方法“System.Web.Mvc.ActionResult GetClubUserPage(System.String, Int32, System.String, System.String, System.String)”的不可以为 null 的类型“System.Int32”的参数“clubid”，参数字典包含一个 null 项。可选参数必须为引用类型、可以为 null 的类型或声明为可选参数。
参数名: parameters

2018-03-19 15:52:36
Url：/ClubModule/Club/GetClubUserPage?pagination=%7B%22rows%22%3A50%2C%22page%22%3A1%2C%22sidx%22%3A%22%22%2C%22sord%22%3A%22ASC%22%2C%22records%22%3A0%2C%22total%22%3A0%7D&_=1521445955872
Message：对于“Game.H5.Areas.ClubModule.Controllers.ClubController”中方法“System.Web.Mvc.ActionResult GetClubUserPage(System.String, Int32, System.String, System.String, System.String)”的不可以为 null 的类型“System.Int32”的参数“clubid”，参数字典包含一个 null 项。可选参数必须为引用类型、可以为 null 的类型或声明为可选参数。
参数名: parameters

2018-03-19 15:52:36
Url：/ClubModule/Club/GetClubUserPage?pagination=%7B%22rows%22%3A50%2C%22page%22%3A1%2C%22sidx%22%3A%22%22%2C%22sord%22%3A%22ASC%22%2C%22records%22%3A0%2C%22total%22%3A0%7D&_=1521445955872
Message：对于“Game.H5.Areas.ClubModule.Controllers.ClubController”中方法“System.Web.Mvc.ActionResult GetClubUserPage(System.String, Int32, System.String, System.String, System.String)”的不可以为 null 的类型“System.Int32”的参数“clubid”，参数字典包含一个 null 项。可选参数必须为引用类型、可以为 null 的类型或声明为可选参数。
参数名: parameters

2018-03-19 15:52:58
Url：/ClubModule/Club/GetClubUserPage?pagination=%7B%22rows%22%3A50%2C%22page%22%3A1%2C%22sidx%22%3A%22%22%2C%22sord%22%3A%22ASC%22%2C%22records%22%3A0%2C%22total%22%3A0%7D&_=1521445977665
Message：对于“Game.H5.Areas.ClubModule.Controllers.ClubController”中方法“System.Web.Mvc.ActionResult GetClubUserPage(System.String, Int32, System.String, System.String, System.String)”的不可以为 null 的类型“System.Int32”的参数“clubid”，参数字典包含一个 null 项。可选参数必须为引用类型、可以为 null 的类型或声明为可选参数。
参数名: parameters

2018-03-19 15:52:58
Url：/ClubModule/Club/GetClubUserPage?pagination=%7B%22rows%22%3A50%2C%22page%22%3A1%2C%22sidx%22%3A%22%22%2C%22sord%22%3A%22ASC%22%2C%22records%22%3A0%2C%22total%22%3A0%7D&_=1521445977665
Message：对于“Game.H5.Areas.ClubModule.Controllers.ClubController”中方法“System.Web.Mvc.ActionResult GetClubUserPage(System.String, Int32, System.String, System.String, System.String)”的不可以为 null 的类型“System.Int32”的参数“clubid”，参数字典包含一个 null 项。可选参数必须为引用类型、可以为 null 的类型或声明为可选参数。
参数名: parameters

2018-03-19 15:52:59
Url：/ClubModule/Club/GetClubUserPage?pagination=%7B%22rows%22%3A50%2C%22page%22%3A1%2C%22sidx%22%3A%22%22%2C%22sord%22%3A%22ASC%22%2C%22records%22%3A0%2C%22total%22%3A0%7D&_=1521445979165
Message：对于“Game.H5.Areas.ClubModule.Controllers.ClubController”中方法“System.Web.Mvc.ActionResult GetClubUserPage(System.String, Int32, System.String, System.String, System.String)”的不可以为 null 的类型“System.Int32”的参数“clubid”，参数字典包含一个 null 项。可选参数必须为引用类型、可以为 null 的类型或声明为可选参数。
参数名: parameters

2018-03-19 15:52:59
Url：/ClubModule/Club/GetClubUserPage?pagination=%7B%22rows%22%3A50%2C%22page%22%3A1%2C%22sidx%22%3A%22%22%2C%22sord%22%3A%22ASC%22%2C%22records%22%3A0%2C%22total%22%3A0%7D&_=1521445979165
Message：对于“Game.H5.Areas.ClubModule.Controllers.ClubController”中方法“System.Web.Mvc.ActionResult GetClubUserPage(System.String, Int32, System.String, System.String, System.String)”的不可以为 null 的类型“System.Int32”的参数“clubid”，参数字典包含一个 null 项。可选参数必须为引用类型、可以为 null 的类型或声明为可选参数。
参数名: parameters

2018-03-19 15:54:09
Url：/ClubModule/Club/GetClubUserPage?pagination=%7B%22rows%22%3A50%2C%22page%22%3A1%2C%22sidx%22%3A%22%22%2C%22sord%22%3A%22ASC%22%2C%22records%22%3A0%2C%22total%22%3A0%7D&_=1521446049364
Message：对于“Game.H5.Areas.ClubModule.Controllers.ClubController”中方法“System.Web.Mvc.ActionResult GetClubUserPage(System.String, Int32, System.String, System.String, System.String)”的不可以为 null 的类型“System.Int32”的参数“clubid”，参数字典包含一个 null 项。可选参数必须为引用类型、可以为 null 的类型或声明为可选参数。
参数名: parameters

2018-03-19 15:54:09
Url：/ClubModule/Club/GetClubUserPage?pagination=%7B%22rows%22%3A50%2C%22page%22%3A1%2C%22sidx%22%3A%22%22%2C%22sord%22%3A%22ASC%22%2C%22records%22%3A0%2C%22total%22%3A0%7D&_=1521446049364
Message：对于“Game.H5.Areas.ClubModule.Controllers.ClubController”中方法“System.Web.Mvc.ActionResult GetClubUserPage(System.String, Int32, System.String, System.String, System.String)”的不可以为 null 的类型“System.Int32”的参数“clubid”，参数字典包含一个 null 项。可选参数必须为引用类型、可以为 null 的类型或声明为可选参数。
参数名: parameters

2018-03-19 15:54:20
Url：/ClubModule/Club/GetClubUserPage?pagination=%7B%22rows%22%3A50%2C%22page%22%3A1%2C%22sidx%22%3A%22%22%2C%22sord%22%3A%22ASC%22%2C%22records%22%3A0%2C%22total%22%3A0%7D&_=1521446060276
Message：对于“Game.H5.Areas.ClubModule.Controllers.ClubController”中方法“System.Web.Mvc.ActionResult GetClubUserPage(System.String, Int32, System.String, System.String, System.String)”的不可以为 null 的类型“System.Int32”的参数“clubid”，参数字典包含一个 null 项。可选参数必须为引用类型、可以为 null 的类型或声明为可选参数。
参数名: parameters

2018-03-19 15:54:20
Url：/ClubModule/Club/GetClubUserPage?pagination=%7B%22rows%22%3A50%2C%22page%22%3A1%2C%22sidx%22%3A%22%22%2C%22sord%22%3A%22ASC%22%2C%22records%22%3A0%2C%22total%22%3A0%7D&_=1521446060276
Message：对于“Game.H5.Areas.ClubModule.Controllers.ClubController”中方法“System.Web.Mvc.ActionResult GetClubUserPage(System.String, Int32, System.String, System.String, System.String)”的不可以为 null 的类型“System.Int32”的参数“clubid”，参数字典包含一个 null 项。可选参数必须为引用类型、可以为 null 的类型或声明为可选参数。
参数名: parameters

2018-03-19 15:54:22
Url：/ClubModule/Club/GetClubUserPage?pagination=%7B%22rows%22%3A50%2C%22page%22%3A1%2C%22sidx%22%3A%22%22%2C%22sord%22%3A%22ASC%22%2C%22records%22%3A0%2C%22total%22%3A0%7D&_=1521446062476
Message：对于“Game.H5.Areas.ClubModule.Controllers.ClubController”中方法“System.Web.Mvc.ActionResult GetClubUserPage(System.String, Int32, System.String, System.String, System.String)”的不可以为 null 的类型“System.Int32”的参数“clubid”，参数字典包含一个 null 项。可选参数必须为引用类型、可以为 null 的类型或声明为可选参数。
参数名: parameters

2018-03-19 15:54:22
Url：/ClubModule/Club/GetClubUserPage?pagination=%7B%22rows%22%3A50%2C%22page%22%3A1%2C%22sidx%22%3A%22%22%2C%22sord%22%3A%22ASC%22%2C%22records%22%3A0%2C%22total%22%3A0%7D&_=1521446062476
Message：对于“Game.H5.Areas.ClubModule.Controllers.ClubController”中方法“System.Web.Mvc.ActionResult GetClubUserPage(System.String, Int32, System.String, System.String, System.String)”的不可以为 null 的类型“System.Int32”的参数“clubid”，参数字典包含一个 null 项。可选参数必须为引用类型、可以为 null 的类型或声明为可选参数。
参数名: parameters

2018-03-19 15:54:51
Url：/ClubModule/Club/GetClubUserPage?pagination=%7B%22rows%22%3A50%2C%22page%22%3A1%2C%22sidx%22%3A%22%22%2C%22sord%22%3A%22ASC%22%2C%22records%22%3A0%2C%22total%22%3A0%7D&_=1521446090755
Message：对于“Game.H5.Areas.ClubModule.Controllers.ClubController”中方法“System.Web.Mvc.ActionResult GetClubUserPage(System.String, Int32, System.String, System.String, System.String)”的不可以为 null 的类型“System.Int32”的参数“clubid”，参数字典包含一个 null 项。可选参数必须为引用类型、可以为 null 的类型或声明为可选参数。
参数名: parameters

2018-03-19 15:54:51
Url：/ClubModule/Club/GetClubUserPage?pagination=%7B%22rows%22%3A50%2C%22page%22%3A1%2C%22sidx%22%3A%22%22%2C%22sord%22%3A%22ASC%22%2C%22records%22%3A0%2C%22total%22%3A0%7D&_=1521446090755
Message：对于“Game.H5.Areas.ClubModule.Controllers.ClubController”中方法“System.Web.Mvc.ActionResult GetClubUserPage(System.String, Int32, System.String, System.String, System.String)”的不可以为 null 的类型“System.Int32”的参数“clubid”，参数字典包含一个 null 项。可选参数必须为引用类型、可以为 null 的类型或声明为可选参数。
参数名: parameters

2018-03-19 15:55:10
Url：/ClubModule/Club/GetClubUserPage?pagination=%7B%22rows%22%3A50%2C%22page%22%3A1%2C%22sidx%22%3A%22%22%2C%22sord%22%3A%22ASC%22%2C%22records%22%3A0%2C%22total%22%3A0%7D&_=1521446110394
Message：对于“Game.H5.Areas.ClubModule.Controllers.ClubController”中方法“System.Web.Mvc.ActionResult GetClubUserPage(System.String, Int32, System.String, System.String, System.String)”的不可以为 null 的类型“System.Int32”的参数“clubid”，参数字典包含一个 null 项。可选参数必须为引用类型、可以为 null 的类型或声明为可选参数。
参数名: parameters

2018-03-19 15:55:10
Url：/ClubModule/Club/GetClubUserPage?pagination=%7B%22rows%22%3A50%2C%22page%22%3A1%2C%22sidx%22%3A%22%22%2C%22sord%22%3A%22ASC%22%2C%22records%22%3A0%2C%22total%22%3A0%7D&_=1521446110394
Message：对于“Game.H5.Areas.ClubModule.Controllers.ClubController”中方法“System.Web.Mvc.ActionResult GetClubUserPage(System.String, Int32, System.String, System.String, System.String)”的不可以为 null 的类型“System.Int32”的参数“clubid”，参数字典包含一个 null 项。可选参数必须为引用类型、可以为 null 的类型或声明为可选参数。
参数名: parameters

2018-03-19 15:55:25
Url：/ClubModule/Club/GetClubUserPage?pagination=%7B%22rows%22%3A50%2C%22page%22%3A1%2C%22sidx%22%3A%22%22%2C%22sord%22%3A%22ASC%22%2C%22records%22%3A0%2C%22total%22%3A0%7D&_=1521446125572
Message：对于“Game.H5.Areas.ClubModule.Controllers.ClubController”中方法“System.Web.Mvc.ActionResult GetClubUserPage(System.String, Int32, System.String, System.String, System.String)”的不可以为 null 的类型“System.Int32”的参数“clubid”，参数字典包含一个 null 项。可选参数必须为引用类型、可以为 null 的类型或声明为可选参数。
参数名: parameters

2018-03-19 15:55:26
Url：/ClubModule/Club/GetClubUserPage?pagination=%7B%22rows%22%3A50%2C%22page%22%3A1%2C%22sidx%22%3A%22%22%2C%22sord%22%3A%22ASC%22%2C%22records%22%3A0%2C%22total%22%3A0%7D&_=1521446125572
Message：对于“Game.H5.Areas.ClubModule.Controllers.ClubController”中方法“System.Web.Mvc.ActionResult GetClubUserPage(System.String, Int32, System.String, System.String, System.String)”的不可以为 null 的类型“System.Int32”的参数“clubid”，参数字典包含一个 null 项。可选参数必须为引用类型、可以为 null 的类型或声明为可选参数。
参数名: parameters

2018-03-19 15:55:31
Url：/ClubModule/Club/GetClubUserPage?pagination=%7B%22rows%22%3A50%2C%22page%22%3A1%2C%22sidx%22%3A%22%22%2C%22sord%22%3A%22ASC%22%2C%22records%22%3A0%2C%22total%22%3A0%7D&_=1521446131063
Message：对于“Game.H5.Areas.ClubModule.Controllers.ClubController”中方法“System.Web.Mvc.ActionResult GetClubUserPage(System.String, Int32, System.String, System.String, System.String)”的不可以为 null 的类型“System.Int32”的参数“clubid”，参数字典包含一个 null 项。可选参数必须为引用类型、可以为 null 的类型或声明为可选参数。
参数名: parameters

2018-03-19 15:55:31
Url：/ClubModule/Club/GetClubUserPage?pagination=%7B%22rows%22%3A50%2C%22page%22%3A1%2C%22sidx%22%3A%22%22%2C%22sord%22%3A%22ASC%22%2C%22records%22%3A0%2C%22total%22%3A0%7D&_=1521446131063
Message：对于“Game.H5.Areas.ClubModule.Controllers.ClubController”中方法“System.Web.Mvc.ActionResult GetClubUserPage(System.String, Int32, System.String, System.String, System.String)”的不可以为 null 的类型“System.Int32”的参数“clubid”，参数字典包含一个 null 项。可选参数必须为引用类型、可以为 null 的类型或声明为可选参数。
参数名: parameters

2018-03-19 15:55:38
Url：/ClubModule/Club/GetClubUserPage?pagination=%7B%22rows%22%3A50%2C%22page%22%3A1%2C%22sidx%22%3A%22%22%2C%22sord%22%3A%22ASC%22%2C%22records%22%3A0%2C%22total%22%3A0%7D&_=1521446137977
Message：对于“Game.H5.Areas.ClubModule.Controllers.ClubController”中方法“System.Web.Mvc.ActionResult GetClubUserPage(System.String, Int32, System.String, System.String, System.String)”的不可以为 null 的类型“System.Int32”的参数“clubid”，参数字典包含一个 null 项。可选参数必须为引用类型、可以为 null 的类型或声明为可选参数。
参数名: parameters

2018-03-19 15:55:38
Url：/ClubModule/Club/GetClubUserPage?pagination=%7B%22rows%22%3A50%2C%22page%22%3A1%2C%22sidx%22%3A%22%22%2C%22sord%22%3A%22ASC%22%2C%22records%22%3A0%2C%22total%22%3A0%7D&_=1521446137977
Message：对于“Game.H5.Areas.ClubModule.Controllers.ClubController”中方法“System.Web.Mvc.ActionResult GetClubUserPage(System.String, Int32, System.String, System.String, System.String)”的不可以为 null 的类型“System.Int32”的参数“clubid”，参数字典包含一个 null 项。可选参数必须为引用类型、可以为 null 的类型或声明为可选参数。
参数名: parameters

2018-03-19 15:56:15
Url：/ClubModule/Club/GetClubUserPage?pagination=%7B%22rows%22%3A50%2C%22page%22%3A1%2C%22sidx%22%3A%22%22%2C%22sord%22%3A%22ASC%22%2C%22records%22%3A0%2C%22total%22%3A0%7D&_=1521446174934
Message：对于“Game.H5.Areas.ClubModule.Controllers.ClubController”中方法“System.Web.Mvc.ActionResult GetClubUserPage(System.String, Int32, System.String, System.String, System.String)”的不可以为 null 的类型“System.Int32”的参数“clubid”，参数字典包含一个 null 项。可选参数必须为引用类型、可以为 null 的类型或声明为可选参数。
参数名: parameters

2018-03-19 15:56:15
Url：/ClubModule/Club/GetClubUserPage?pagination=%7B%22rows%22%3A50%2C%22page%22%3A1%2C%22sidx%22%3A%22%22%2C%22sord%22%3A%22ASC%22%2C%22records%22%3A0%2C%22total%22%3A0%7D&_=1521446174934
Message：对于“Game.H5.Areas.ClubModule.Controllers.ClubController”中方法“System.Web.Mvc.ActionResult GetClubUserPage(System.String, Int32, System.String, System.String, System.String)”的不可以为 null 的类型“System.Int32”的参数“clubid”，参数字典包含一个 null 项。可选参数必须为引用类型、可以为 null 的类型或声明为可选参数。
参数名: parameters

2018-03-19 15:56:19
Url：/ClubModule/Club/GetClubUserPage?pagination=%7B%22rows%22%3A50%2C%22page%22%3A1%2C%22sidx%22%3A%22%22%2C%22sord%22%3A%22ASC%22%2C%22records%22%3A0%2C%22total%22%3A0%7D&_=1521446178727
Message：对于“Game.H5.Areas.ClubModule.Controllers.ClubController”中方法“System.Web.Mvc.ActionResult GetClubUserPage(System.String, Int32, System.String, System.String, System.String)”的不可以为 null 的类型“System.Int32”的参数“clubid”，参数字典包含一个 null 项。可选参数必须为引用类型、可以为 null 的类型或声明为可选参数。
参数名: parameters

2018-03-19 15:56:19
Url：/ClubModule/Club/GetClubUserPage?pagination=%7B%22rows%22%3A50%2C%22page%22%3A1%2C%22sidx%22%3A%22%22%2C%22sord%22%3A%22ASC%22%2C%22records%22%3A0%2C%22total%22%3A0%7D&_=1521446178727
Message：对于“Game.H5.Areas.ClubModule.Controllers.ClubController”中方法“System.Web.Mvc.ActionResult GetClubUserPage(System.String, Int32, System.String, System.String, System.String)”的不可以为 null 的类型“System.Int32”的参数“clubid”，参数字典包含一个 null 项。可选参数必须为引用类型、可以为 null 的类型或声明为可选参数。
参数名: parameters

2018-03-19 15:56:35
Url：/ClubModule/Club/GetClubUserPage?pagination=%7B%22rows%22%3A50%2C%22page%22%3A1%2C%22sidx%22%3A%22%22%2C%22sord%22%3A%22ASC%22%2C%22records%22%3A0%2C%22total%22%3A0%7D&_=1521446195554
Message：对于“Game.H5.Areas.ClubModule.Controllers.ClubController”中方法“System.Web.Mvc.ActionResult GetClubUserPage(System.String, Int32, System.String, System.String, System.String)”的不可以为 null 的类型“System.Int32”的参数“clubid”，参数字典包含一个 null 项。可选参数必须为引用类型、可以为 null 的类型或声明为可选参数。
参数名: parameters

2018-03-19 15:56:36
Url：/ClubModule/Club/GetClubUserPage?pagination=%7B%22rows%22%3A50%2C%22page%22%3A1%2C%22sidx%22%3A%22%22%2C%22sord%22%3A%22ASC%22%2C%22records%22%3A0%2C%22total%22%3A0%7D&_=1521446195554
Message：对于“Game.H5.Areas.ClubModule.Controllers.ClubController”中方法“System.Web.Mvc.ActionResult GetClubUserPage(System.String, Int32, System.String, System.String, System.String)”的不可以为 null 的类型“System.Int32”的参数“clubid”，参数字典包含一个 null 项。可选参数必须为引用类型、可以为 null 的类型或声明为可选参数。
参数名: parameters

2018-03-19 15:58:18
Url：/ClubModule/Club/GetClubUserPage?pagination=%7B%22rows%22%3A50%2C%22page%22%3A1%2C%22sidx%22%3A%22%22%2C%22sord%22%3A%22ASC%22%2C%22records%22%3A0%2C%22total%22%3A0%7D&_=1521446298311
Message：对于“Game.H5.Areas.ClubModule.Controllers.ClubController”中方法“System.Web.Mvc.ActionResult GetClubUserPage(System.String, Int32, System.String, System.String, System.String)”的不可以为 null 的类型“System.Int32”的参数“clubid”，参数字典包含一个 null 项。可选参数必须为引用类型、可以为 null 的类型或声明为可选参数。
参数名: parameters

2018-03-19 15:58:18
Url：/ClubModule/Club/GetClubUserPage?pagination=%7B%22rows%22%3A50%2C%22page%22%3A1%2C%22sidx%22%3A%22%22%2C%22sord%22%3A%22ASC%22%2C%22records%22%3A0%2C%22total%22%3A0%7D&_=1521446298311
Message：对于“Game.H5.Areas.ClubModule.Controllers.ClubController”中方法“System.Web.Mvc.ActionResult GetClubUserPage(System.String, Int32, System.String, System.String, System.String)”的不可以为 null 的类型“System.Int32”的参数“clubid”，参数字典包含一个 null 项。可选参数必须为引用类型、可以为 null 的类型或声明为可选参数。
参数名: parameters

2018-03-19 15:58:22
Url：/ClubModule/Club/GetClubUserPage?pagination=%7B%22rows%22%3A50%2C%22page%22%3A1%2C%22sidx%22%3A%22%22%2C%22sord%22%3A%22ASC%22%2C%22records%22%3A0%2C%22total%22%3A0%7D&_=1521446302414
Message：对于“Game.H5.Areas.ClubModule.Controllers.ClubController”中方法“System.Web.Mvc.ActionResult GetClubUserPage(System.String, Int32, System.String, System.String, System.String)”的不可以为 null 的类型“System.Int32”的参数“clubid”，参数字典包含一个 null 项。可选参数必须为引用类型、可以为 null 的类型或声明为可选参数。
参数名: parameters

2018-03-19 15:58:23
Url：/ClubModule/Club/GetClubUserPage?pagination=%7B%22rows%22%3A50%2C%22page%22%3A1%2C%22sidx%22%3A%22%22%2C%22sord%22%3A%22ASC%22%2C%22records%22%3A0%2C%22total%22%3A0%7D&_=1521446302414
Message：对于“Game.H5.Areas.ClubModule.Controllers.ClubController”中方法“System.Web.Mvc.ActionResult GetClubUserPage(System.String, Int32, System.String, System.String, System.String)”的不可以为 null 的类型“System.Int32”的参数“clubid”，参数字典包含一个 null 项。可选参数必须为引用类型、可以为 null 的类型或声明为可选参数。
参数名: parameters

2018-03-19 15:58:24
Url：/ClubModule/Club/GetClubUserPage?pagination=%7B%22rows%22%3A50%2C%22page%22%3A1%2C%22sidx%22%3A%22%22%2C%22sord%22%3A%22ASC%22%2C%22records%22%3A0%2C%22total%22%3A0%7D&_=1521446303820
Message：对于“Game.H5.Areas.ClubModule.Controllers.ClubController”中方法“System.Web.Mvc.ActionResult GetClubUserPage(System.String, Int32, System.String, System.String, System.String)”的不可以为 null 的类型“System.Int32”的参数“clubid”，参数字典包含一个 null 项。可选参数必须为引用类型、可以为 null 的类型或声明为可选参数。
参数名: parameters

2018-03-19 15:58:24
Url：/ClubModule/Club/GetClubUserPage?pagination=%7B%22rows%22%3A50%2C%22page%22%3A1%2C%22sidx%22%3A%22%22%2C%22sord%22%3A%22ASC%22%2C%22records%22%3A0%2C%22total%22%3A0%7D&_=1521446303820
Message：对于“Game.H5.Areas.ClubModule.Controllers.ClubController”中方法“System.Web.Mvc.ActionResult GetClubUserPage(System.String, Int32, System.String, System.String, System.String)”的不可以为 null 的类型“System.Int32”的参数“clubid”，参数字典包含一个 null 项。可选参数必须为引用类型、可以为 null 的类型或声明为可选参数。
参数名: parameters

2018-03-19 15:58:25
Url：/ClubModule/Club/GetClubUserPage?pagination=%7B%22rows%22%3A50%2C%22page%22%3A1%2C%22sidx%22%3A%22%22%2C%22sord%22%3A%22ASC%22%2C%22records%22%3A0%2C%22total%22%3A0%7D&_=1521446304998
Message：对于“Game.H5.Areas.ClubModule.Controllers.ClubController”中方法“System.Web.Mvc.ActionResult GetClubUserPage(System.String, Int32, System.String, System.String, System.String)”的不可以为 null 的类型“System.Int32”的参数“clubid”，参数字典包含一个 null 项。可选参数必须为引用类型、可以为 null 的类型或声明为可选参数。
参数名: parameters

2018-03-19 15:58:25
Url：/ClubModule/Club/GetClubUserPage?pagination=%7B%22rows%22%3A50%2C%22page%22%3A1%2C%22sidx%22%3A%22%22%2C%22sord%22%3A%22ASC%22%2C%22records%22%3A0%2C%22total%22%3A0%7D&_=1521446304998
Message：对于“Game.H5.Areas.ClubModule.Controllers.ClubController”中方法“System.Web.Mvc.ActionResult GetClubUserPage(System.String, Int32, System.String, System.String, System.String)”的不可以为 null 的类型“System.Int32”的参数“clubid”，参数字典包含一个 null 项。可选参数必须为引用类型、可以为 null 的类型或声明为可选参数。
参数名: parameters

2018-03-19 15:58:29
Url：/ClubModule/Club/GetClubUserPage?pagination=%7B%22rows%22%3A50%2C%22page%22%3A1%2C%22sidx%22%3A%22%22%2C%22sord%22%3A%22ASC%22%2C%22records%22%3A0%2C%22total%22%3A0%7D&_=1521446308871
Message：对于“Game.H5.Areas.ClubModule.Controllers.ClubController”中方法“System.Web.Mvc.ActionResult GetClubUserPage(System.String, Int32, System.String, System.String, System.String)”的不可以为 null 的类型“System.Int32”的参数“clubid”，参数字典包含一个 null 项。可选参数必须为引用类型、可以为 null 的类型或声明为可选参数。
参数名: parameters

2018-03-19 15:58:29
Url：/ClubModule/Club/GetClubUserPage?pagination=%7B%22rows%22%3A50%2C%22page%22%3A1%2C%22sidx%22%3A%22%22%2C%22sord%22%3A%22ASC%22%2C%22records%22%3A0%2C%22total%22%3A0%7D&_=1521446308871
Message：对于“Game.H5.Areas.ClubModule.Controllers.ClubController”中方法“System.Web.Mvc.ActionResult GetClubUserPage(System.String, Int32, System.String, System.String, System.String)”的不可以为 null 的类型“System.Int32”的参数“clubid”，参数字典包含一个 null 项。可选参数必须为引用类型、可以为 null 的类型或声明为可选参数。
参数名: parameters

2018-03-19 15:58:30
Url：/ClubModule/Club/GetClubUserPage?pagination=%7B%22rows%22%3A50%2C%22page%22%3A1%2C%22sidx%22%3A%22%22%2C%22sord%22%3A%22ASC%22%2C%22records%22%3A0%2C%22total%22%3A0%7D&_=1521446310105
Message：对于“Game.H5.Areas.ClubModule.Controllers.ClubController”中方法“System.Web.Mvc.ActionResult GetClubUserPage(System.String, Int32, System.String, System.String, System.String)”的不可以为 null 的类型“System.Int32”的参数“clubid”，参数字典包含一个 null 项。可选参数必须为引用类型、可以为 null 的类型或声明为可选参数。
参数名: parameters

2018-03-19 15:58:30
Url：/ClubModule/Club/GetClubUserPage?pagination=%7B%22rows%22%3A50%2C%22page%22%3A1%2C%22sidx%22%3A%22%22%2C%22sord%22%3A%22ASC%22%2C%22records%22%3A0%2C%22total%22%3A0%7D&_=1521446310105
Message：对于“Game.H5.Areas.ClubModule.Controllers.ClubController”中方法“System.Web.Mvc.ActionResult GetClubUserPage(System.String, Int32, System.String, System.String, System.String)”的不可以为 null 的类型“System.Int32”的参数“clubid”，参数字典包含一个 null 项。可选参数必须为引用类型、可以为 null 的类型或声明为可选参数。
参数名: parameters

2018-03-19 15:58:44
Url：/ClubModule/Club/GetClubUserPage?pagination=%7B%22rows%22%3A50%2C%22page%22%3A1%2C%22sidx%22%3A%22%22%2C%22sord%22%3A%22ASC%22%2C%22records%22%3A0%2C%22total%22%3A0%7D&_=1521446324488
Message：对于“Game.H5.Areas.ClubModule.Controllers.ClubController”中方法“System.Web.Mvc.ActionResult GetClubUserPage(System.String, Int32, System.String, System.String, System.String)”的不可以为 null 的类型“System.Int32”的参数“clubid”，参数字典包含一个 null 项。可选参数必须为引用类型、可以为 null 的类型或声明为可选参数。
参数名: parameters

2018-03-19 15:58:44
Url：/ClubModule/Club/GetClubUserPage?pagination=%7B%22rows%22%3A50%2C%22page%22%3A1%2C%22sidx%22%3A%22%22%2C%22sord%22%3A%22ASC%22%2C%22records%22%3A0%2C%22total%22%3A0%7D&_=1521446324488
Message：对于“Game.H5.Areas.ClubModule.Controllers.ClubController”中方法“System.Web.Mvc.ActionResult GetClubUserPage(System.String, Int32, System.String, System.String, System.String)”的不可以为 null 的类型“System.Int32”的参数“clubid”，参数字典包含一个 null 项。可选参数必须为引用类型、可以为 null 的类型或声明为可选参数。
参数名: parameters

2018-03-19 15:59:42
Url：/ClubModule/Club/GetClubUserPage?pagination=%7B%22rows%22%3A50%2C%22page%22%3A1%2C%22sidx%22%3A%22%22%2C%22sord%22%3A%22ASC%22%2C%22records%22%3A0%2C%22total%22%3A0%7D&_=1521446381893
Message：对于“Game.H5.Areas.ClubModule.Controllers.ClubController”中方法“System.Web.Mvc.ActionResult GetClubUserPage(System.String, Int32, System.String, System.String, System.String)”的不可以为 null 的类型“System.Int32”的参数“clubid”，参数字典包含一个 null 项。可选参数必须为引用类型、可以为 null 的类型或声明为可选参数。
参数名: parameters

2018-03-19 15:59:42
Url：/ClubModule/Club/GetClubUserPage?pagination=%7B%22rows%22%3A50%2C%22page%22%3A1%2C%22sidx%22%3A%22%22%2C%22sord%22%3A%22ASC%22%2C%22records%22%3A0%2C%22total%22%3A0%7D&_=1521446381893
Message：对于“Game.H5.Areas.ClubModule.Controllers.ClubController”中方法“System.Web.Mvc.ActionResult GetClubUserPage(System.String, Int32, System.String, System.String, System.String)”的不可以为 null 的类型“System.Int32”的参数“clubid”，参数字典包含一个 null 项。可选参数必须为引用类型、可以为 null 的类型或声明为可选参数。
参数名: parameters

2018-03-19 15:59:54
Url：/ClubModule/Club/GetClubUserPage?pagination=%7B%22rows%22%3A50%2C%22page%22%3A1%2C%22sidx%22%3A%22%22%2C%22sord%22%3A%22ASC%22%2C%22records%22%3A0%2C%22total%22%3A0%7D&_=1521446394417
Message：对于“Game.H5.Areas.ClubModule.Controllers.ClubController”中方法“System.Web.Mvc.ActionResult GetClubUserPage(System.String, Int32, System.String, System.String, System.String)”的不可以为 null 的类型“System.Int32”的参数“clubid”，参数字典包含一个 null 项。可选参数必须为引用类型、可以为 null 的类型或声明为可选参数。
参数名: parameters

2018-03-19 15:59:54
Url：/ClubModule/Club/GetClubUserPage?pagination=%7B%22rows%22%3A50%2C%22page%22%3A1%2C%22sidx%22%3A%22%22%2C%22sord%22%3A%22ASC%22%2C%22records%22%3A0%2C%22total%22%3A0%7D&_=1521446394417
Message：对于“Game.H5.Areas.ClubModule.Controllers.ClubController”中方法“System.Web.Mvc.ActionResult GetClubUserPage(System.String, Int32, System.String, System.String, System.String)”的不可以为 null 的类型“System.Int32”的参数“clubid”，参数字典包含一个 null 项。可选参数必须为引用类型、可以为 null 的类型或声明为可选参数。
参数名: parameters

2018-03-19 16:01:12
Url：/ClubModule/Club/GetClubUserPage?pagination=%7B%22rows%22%3A50%2C%22page%22%3A1%2C%22sidx%22%3A%22%22%2C%22sord%22%3A%22ASC%22%2C%22records%22%3A0%2C%22total%22%3A0%7D&_=1521446472681
Message：对于“Game.H5.Areas.ClubModule.Controllers.ClubController”中方法“System.Web.Mvc.ActionResult GetClubUserPage(System.String, Int32, System.String, System.String, System.String)”的不可以为 null 的类型“System.Int32”的参数“clubid”，参数字典包含一个 null 项。可选参数必须为引用类型、可以为 null 的类型或声明为可选参数。
参数名: parameters

2018-03-19 16:01:13
Url：/ClubModule/Club/GetClubUserPage?pagination=%7B%22rows%22%3A50%2C%22page%22%3A1%2C%22sidx%22%3A%22%22%2C%22sord%22%3A%22ASC%22%2C%22records%22%3A0%2C%22total%22%3A0%7D&_=1521446472681
Message：对于“Game.H5.Areas.ClubModule.Controllers.ClubController”中方法“System.Web.Mvc.ActionResult GetClubUserPage(System.String, Int32, System.String, System.String, System.String)”的不可以为 null 的类型“System.Int32”的参数“clubid”，参数字典包含一个 null 项。可选参数必须为引用类型、可以为 null 的类型或声明为可选参数。
参数名: parameters

2018-03-19 16:26:11
Url：/ClubModule/Club/GetClubUserPage?pagination=%7B%22rows%22%3A50%2C%22page%22%3A1%2C%22sidx%22%3A%22%22%2C%22sord%22%3A%22ASC%22%2C%22records%22%3A0%2C%22total%22%3A0%7D&_=1521447971633
Message：对于“Game.H5.Areas.ClubModule.Controllers.ClubController”中方法“System.Web.Mvc.ActionResult GetClubUserPage(System.String, Int32, System.String, System.String, System.String)”的不可以为 null 的类型“System.Int32”的参数“clubid”，参数字典包含一个 null 项。可选参数必须为引用类型、可以为 null 的类型或声明为可选参数。
参数名: parameters

2018-03-19 16:26:12
Url：/ClubModule/Club/GetClubUserPage?pagination=%7B%22rows%22%3A50%2C%22page%22%3A1%2C%22sidx%22%3A%22%22%2C%22sord%22%3A%22ASC%22%2C%22records%22%3A0%2C%22total%22%3A0%7D&_=1521447971633
Message：对于“Game.H5.Areas.ClubModule.Controllers.ClubController”中方法“System.Web.Mvc.ActionResult GetClubUserPage(System.String, Int32, System.String, System.String, System.String)”的不可以为 null 的类型“System.Int32”的参数“clubid”，参数字典包含一个 null 项。可选参数必须为引用类型、可以为 null 的类型或声明为可选参数。
参数名: parameters

2018-03-19 16:26:14
Url：/ClubModule/Club/ClubUser?user=10215&club10000000
Message：对于“Game.H5.Areas.ClubModule.Controllers.ClubController”中方法“System.Web.Mvc.ActionResult ClubUser(Int32, Int32)”的不可以为 null 的类型“System.Int32”的参数“club”，参数字典包含一个 null 项。可选参数必须为引用类型、可以为 null 的类型或声明为可选参数。
参数名: parameters

2018-03-19 16:26:15
Url：/ClubModule/Club/ClubUser?user=10215&club10000000
Message：对于“Game.H5.Areas.ClubModule.Controllers.ClubController”中方法“System.Web.Mvc.ActionResult ClubUser(Int32, Int32)”的不可以为 null 的类型“System.Int32”的参数“club”，参数字典包含一个 null 项。可选参数必须为引用类型、可以为 null 的类型或声明为可选参数。
参数名: parameters

2018-03-19 16:26:20
Url：/ClubModule/Club/ClubUser?user=10231&club10000000
Message：对于“Game.H5.Areas.ClubModule.Controllers.ClubController”中方法“System.Web.Mvc.ActionResult ClubUser(Int32, Int32)”的不可以为 null 的类型“System.Int32”的参数“club”，参数字典包含一个 null 项。可选参数必须为引用类型、可以为 null 的类型或声明为可选参数。
参数名: parameters

2018-03-19 16:26:20
Url：/ClubModule/Club/ClubUser?user=10231&club10000000
Message：对于“Game.H5.Areas.ClubModule.Controllers.ClubController”中方法“System.Web.Mvc.ActionResult ClubUser(Int32, Int32)”的不可以为 null 的类型“System.Int32”的参数“club”，参数字典包含一个 null 项。可选参数必须为引用类型、可以为 null 的类型或声明为可选参数。
参数名: parameters

2018-03-19 16:27:03
Url：/ClubModule/Club/GetClubUserPage?pagination=%7B%22rows%22%3A50%2C%22page%22%3A1%2C%22sidx%22%3A%22%22%2C%22sord%22%3A%22ASC%22%2C%22records%22%3A0%2C%22total%22%3A0%7D&_=1521448023207
Message：对于“Game.H5.Areas.ClubModule.Controllers.ClubController”中方法“System.Web.Mvc.ActionResult GetClubUserPage(System.String, Int32, System.String, System.String, System.String)”的不可以为 null 的类型“System.Int32”的参数“clubid”，参数字典包含一个 null 项。可选参数必须为引用类型、可以为 null 的类型或声明为可选参数。
参数名: parameters

2018-03-19 16:27:03
Url：/ClubModule/Club/GetClubUserPage?pagination=%7B%22rows%22%3A50%2C%22page%22%3A1%2C%22sidx%22%3A%22%22%2C%22sord%22%3A%22ASC%22%2C%22records%22%3A0%2C%22total%22%3A0%7D&_=1521448023207
Message：对于“Game.H5.Areas.ClubModule.Controllers.ClubController”中方法“System.Web.Mvc.ActionResult GetClubUserPage(System.String, Int32, System.String, System.String, System.String)”的不可以为 null 的类型“System.Int32”的参数“clubid”，参数字典包含一个 null 项。可选参数必须为引用类型、可以为 null 的类型或声明为可选参数。
参数名: parameters

2018-03-19 16:27:33
Url：/ClubModule/Club/ClubUser?user=10232&club10000000
Message：对于“Game.H5.Areas.ClubModule.Controllers.ClubController”中方法“System.Web.Mvc.ActionResult ClubUser(Int32, Int32)”的不可以为 null 的类型“System.Int32”的参数“club”，参数字典包含一个 null 项。可选参数必须为引用类型、可以为 null 的类型或声明为可选参数。
参数名: parameters

2018-03-19 16:27:34
Url：/ClubModule/Club/ClubUser?user=10232&club10000000
Message：对于“Game.H5.Areas.ClubModule.Controllers.ClubController”中方法“System.Web.Mvc.ActionResult ClubUser(Int32, Int32)”的不可以为 null 的类型“System.Int32”的参数“club”，参数字典包含一个 null 项。可选参数必须为引用类型、可以为 null 的类型或声明为可选参数。
参数名: parameters

2018-03-19 16:27:37
Url：/ClubModule/Club/GetClubUserPage?pagination=%7B%22rows%22%3A50%2C%22page%22%3A1%2C%22sidx%22%3A%22%22%2C%22sord%22%3A%22ASC%22%2C%22records%22%3A0%2C%22total%22%3A0%7D&_=1521448057352
Message：对于“Game.H5.Areas.ClubModule.Controllers.ClubController”中方法“System.Web.Mvc.ActionResult GetClubUserPage(System.String, Int32, System.String, System.String, System.String)”的不可以为 null 的类型“System.Int32”的参数“clubid”，参数字典包含一个 null 项。可选参数必须为引用类型、可以为 null 的类型或声明为可选参数。
参数名: parameters

2018-03-19 16:27:37
Url：/ClubModule/Club/GetClubUserPage?pagination=%7B%22rows%22%3A50%2C%22page%22%3A1%2C%22sidx%22%3A%22%22%2C%22sord%22%3A%22ASC%22%2C%22records%22%3A0%2C%22total%22%3A0%7D&_=1521448057352
Message：对于“Game.H5.Areas.ClubModule.Controllers.ClubController”中方法“System.Web.Mvc.ActionResult GetClubUserPage(System.String, Int32, System.String, System.String, System.String)”的不可以为 null 的类型“System.Int32”的参数“clubid”，参数字典包含一个 null 项。可选参数必须为引用类型、可以为 null 的类型或声明为可选参数。
参数名: parameters

2018-03-19 16:27:40
Url：/ClubModule/Club/GetClubUserPage?pagination=%7B%22rows%22%3A50%2C%22page%22%3A1%2C%22sidx%22%3A%22%22%2C%22sord%22%3A%22ASC%22%2C%22records%22%3A0%2C%22total%22%3A0%7D&_=1521448060023
Message：对于“Game.H5.Areas.ClubModule.Controllers.ClubController”中方法“System.Web.Mvc.ActionResult GetClubUserPage(System.String, Int32, System.String, System.String, System.String)”的不可以为 null 的类型“System.Int32”的参数“clubid”，参数字典包含一个 null 项。可选参数必须为引用类型、可以为 null 的类型或声明为可选参数。
参数名: parameters

2018-03-19 16:27:40
Url：/ClubModule/Club/GetClubUserPage?pagination=%7B%22rows%22%3A50%2C%22page%22%3A1%2C%22sidx%22%3A%22%22%2C%22sord%22%3A%22ASC%22%2C%22records%22%3A0%2C%22total%22%3A0%7D&_=1521448060023
Message：对于“Game.H5.Areas.ClubModule.Controllers.ClubController”中方法“System.Web.Mvc.ActionResult GetClubUserPage(System.String, Int32, System.String, System.String, System.String)”的不可以为 null 的类型“System.Int32”的参数“clubid”，参数字典包含一个 null 项。可选参数必须为引用类型、可以为 null 的类型或声明为可选参数。
参数名: parameters

2018-03-19 16:29:08
Url：/ClubModule/Club/GetClubUserPage?pagination=%7B%22rows%22%3A50%2C%22page%22%3A1%2C%22sidx%22%3A%22%22%2C%22sord%22%3A%22ASC%22%2C%22records%22%3A0%2C%22total%22%3A0%7D&_=1521448148598
Message：对于“Game.H5.Areas.ClubModule.Controllers.ClubController”中方法“System.Web.Mvc.ActionResult GetClubUserPage(System.String, Int32, System.String, System.String, System.String)”的不可以为 null 的类型“System.Int32”的参数“clubid”，参数字典包含一个 null 项。可选参数必须为引用类型、可以为 null 的类型或声明为可选参数。
参数名: parameters

2018-03-19 16:29:09
Url：/ClubModule/Club/GetClubUserPage?pagination=%7B%22rows%22%3A50%2C%22page%22%3A1%2C%22sidx%22%3A%22%22%2C%22sord%22%3A%22ASC%22%2C%22records%22%3A0%2C%22total%22%3A0%7D&_=1521448148598
Message：对于“Game.H5.Areas.ClubModule.Controllers.ClubController”中方法“System.Web.Mvc.ActionResult GetClubUserPage(System.String, Int32, System.String, System.String, System.String)”的不可以为 null 的类型“System.Int32”的参数“clubid”，参数字典包含一个 null 项。可选参数必须为引用类型、可以为 null 的类型或声明为可选参数。
参数名: parameters

2018-03-19 16:29:11
Url：/ClubModule/Club/GetClubUserPage?pagination=%7B%22rows%22%3A50%2C%22page%22%3A1%2C%22sidx%22%3A%22%22%2C%22sord%22%3A%22ASC%22%2C%22records%22%3A0%2C%22total%22%3A0%7D&_=1521448150887
Message：对于“Game.H5.Areas.ClubModule.Controllers.ClubController”中方法“System.Web.Mvc.ActionResult GetClubUserPage(System.String, Int32, System.String, System.String, System.String)”的不可以为 null 的类型“System.Int32”的参数“clubid”，参数字典包含一个 null 项。可选参数必须为引用类型、可以为 null 的类型或声明为可选参数。
参数名: parameters

2018-03-19 16:29:11
Url：/ClubModule/Club/GetClubUserPage?pagination=%7B%22rows%22%3A50%2C%22page%22%3A1%2C%22sidx%22%3A%22%22%2C%22sord%22%3A%22ASC%22%2C%22records%22%3A0%2C%22total%22%3A0%7D&_=1521448150887
Message：对于“Game.H5.Areas.ClubModule.Controllers.ClubController”中方法“System.Web.Mvc.ActionResult GetClubUserPage(System.String, Int32, System.String, System.String, System.String)”的不可以为 null 的类型“System.Int32”的参数“clubid”，参数字典包含一个 null 项。可选参数必须为引用类型、可以为 null 的类型或声明为可选参数。
参数名: parameters

2018-03-19 16:32:39
Url：/ClubModule/Club/SetuUserDiamondLimit
Message：对于“Game.H5.Areas.ClubModule.Controllers.ClubController”中方法“System.Web.Mvc.ActionResult SetuUserDiamondLimit(Int32, Int32, Int32)”的不可以为 null 的类型“System.Int32”的参数“clubid”，参数字典包含一个 null 项。可选参数必须为引用类型、可以为 null 的类型或声明为可选参数。
参数名: parameters

2018-03-19 16:32:40
Url：/ClubModule/Club/SetuUserDiamondLimit
Message：对于“Game.H5.Areas.ClubModule.Controllers.ClubController”中方法“System.Web.Mvc.ActionResult SetuUserDiamondLimit(Int32, Int32, Int32)”的不可以为 null 的类型“System.Int32”的参数“clubid”，参数字典包含一个 null 项。可选参数必须为引用类型、可以为 null 的类型或声明为可选参数。
参数名: parameters

2018-03-19 16:33:22
Url：/ClubModule/Club/SetuUserDiamondLimit
Message：对于“Game.H5.Areas.ClubModule.Controllers.ClubController”中方法“System.Web.Mvc.ActionResult SetuUserDiamondLimit(Int32, Int32, Int32)”的不可以为 null 的类型“System.Int32”的参数“clubid”，参数字典包含一个 null 项。可选参数必须为引用类型、可以为 null 的类型或声明为可选参数。
参数名: parameters

2018-03-19 16:33:22
Url：/ClubModule/Club/SetuUserDiamondLimit
Message：对于“Game.H5.Areas.ClubModule.Controllers.ClubController”中方法“System.Web.Mvc.ActionResult SetuUserDiamondLimit(Int32, Int32, Int32)”的不可以为 null 的类型“System.Int32”的参数“clubid”，参数字典包含一个 null 项。可选参数必须为引用类型、可以为 null 的类型或声明为可选参数。
参数名: parameters

2018-03-19 16:33:29
Url：/ClubModule/Club/SetuUserDiamondLimit
Message：对于“Game.H5.Areas.ClubModule.Controllers.ClubController”中方法“System.Web.Mvc.ActionResult SetuUserDiamondLimit(Int32, Int32, Int32)”的不可以为 null 的类型“System.Int32”的参数“clubid”，参数字典包含一个 null 项。可选参数必须为引用类型、可以为 null 的类型或声明为可选参数。
参数名: parameters

2018-03-19 16:33:29
Url：/ClubModule/Club/SetuUserDiamondLimit
Message：对于“Game.H5.Areas.ClubModule.Controllers.ClubController”中方法“System.Web.Mvc.ActionResult SetuUserDiamondLimit(Int32, Int32, Int32)”的不可以为 null 的类型“System.Int32”的参数“clubid”，参数字典包含一个 null 项。可选参数必须为引用类型、可以为 null 的类型或声明为可选参数。
参数名: parameters

2018-03-19 16:34:22
Url：/ClubModule/Club/GetClubUserPage?pagination=%7B%22rows%22%3A50%2C%22page%22%3A1%2C%22sidx%22%3A%22%22%2C%22sord%22%3A%22ASC%22%2C%22records%22%3A0%2C%22total%22%3A0%7D&_=1521448462249
Message：对于“Game.H5.Areas.ClubModule.Controllers.ClubController”中方法“System.Web.Mvc.ActionResult GetClubUserPage(System.String, Int32, System.String, System.String, System.String)”的不可以为 null 的类型“System.Int32”的参数“clubid”，参数字典包含一个 null 项。可选参数必须为引用类型、可以为 null 的类型或声明为可选参数。
参数名: parameters

2018-03-19 16:34:22
Url：/ClubModule/Club/GetClubUserPage?pagination=%7B%22rows%22%3A50%2C%22page%22%3A1%2C%22sidx%22%3A%22%22%2C%22sord%22%3A%22ASC%22%2C%22records%22%3A0%2C%22total%22%3A0%7D&_=1521448462249
Message：对于“Game.H5.Areas.ClubModule.Controllers.ClubController”中方法“System.Web.Mvc.ActionResult GetClubUserPage(System.String, Int32, System.String, System.String, System.String)”的不可以为 null 的类型“System.Int32”的参数“clubid”，参数字典包含一个 null 项。可选参数必须为引用类型、可以为 null 的类型或声明为可选参数。
参数名: parameters

2018-03-19 16:34:31
Url：/ClubModule/Club/SetuUserDiamondLimit
Message：对于“Game.H5.Areas.ClubModule.Controllers.ClubController”中方法“System.Web.Mvc.ActionResult SetuUserDiamondLimit(Int32, Int32, Int32)”的不可以为 null 的类型“System.Int32”的参数“clubid”，参数字典包含一个 null 项。可选参数必须为引用类型、可以为 null 的类型或声明为可选参数。
参数名: parameters

2018-03-19 16:34:31
Url：/ClubModule/Club/SetuUserDiamondLimit
Message：对于“Game.H5.Areas.ClubModule.Controllers.ClubController”中方法“System.Web.Mvc.ActionResult SetuUserDiamondLimit(Int32, Int32, Int32)”的不可以为 null 的类型“System.Int32”的参数“clubid”，参数字典包含一个 null 项。可选参数必须为引用类型、可以为 null 的类型或声明为可选参数。
参数名: parameters

2018-03-19 16:35:16
Url：/ClubModule/Club/GetClubUserPage?pagination=%7B%22rows%22%3A50%2C%22page%22%3A1%2C%22sidx%22%3A%22%22%2C%22sord%22%3A%22ASC%22%2C%22records%22%3A0%2C%22total%22%3A0%7D&_=1521448516706
Message：对于“Game.H5.Areas.ClubModule.Controllers.ClubController”中方法“System.Web.Mvc.ActionResult GetClubUserPage(System.String, Int32, System.String, System.String, System.String)”的不可以为 null 的类型“System.Int32”的参数“clubid”，参数字典包含一个 null 项。可选参数必须为引用类型、可以为 null 的类型或声明为可选参数。
参数名: parameters

2018-03-19 16:35:17
Url：/ClubModule/Club/GetClubUserPage?pagination=%7B%22rows%22%3A50%2C%22page%22%3A1%2C%22sidx%22%3A%22%22%2C%22sord%22%3A%22ASC%22%2C%22records%22%3A0%2C%22total%22%3A0%7D&_=1521448516706
Message：对于“Game.H5.Areas.ClubModule.Controllers.ClubController”中方法“System.Web.Mvc.ActionResult GetClubUserPage(System.String, Int32, System.String, System.String, System.String)”的不可以为 null 的类型“System.Int32”的参数“clubid”，参数字典包含一个 null 项。可选参数必须为引用类型、可以为 null 的类型或声明为可选参数。
参数名: parameters

2018-03-19 16:37:23
Url：/ClubModule/Club/GetClubUserPage?pagination=%7B%22rows%22%3A50%2C%22page%22%3A1%2C%22sidx%22%3A%22%22%2C%22sord%22%3A%22ASC%22%2C%22records%22%3A0%2C%22total%22%3A0%7D&_=1521448643401
Message：对于“Game.H5.Areas.ClubModule.Controllers.ClubController”中方法“System.Web.Mvc.ActionResult GetClubUserPage(System.String, Int32, System.String, System.String, System.String)”的不可以为 null 的类型“System.Int32”的参数“clubid”，参数字典包含一个 null 项。可选参数必须为引用类型、可以为 null 的类型或声明为可选参数。
参数名: parameters

2018-03-19 16:37:23
Url：/ClubModule/Club/GetClubUserPage?pagination=%7B%22rows%22%3A50%2C%22page%22%3A1%2C%22sidx%22%3A%22%22%2C%22sord%22%3A%22ASC%22%2C%22records%22%3A0%2C%22total%22%3A0%7D&_=1521448643401
Message：对于“Game.H5.Areas.ClubModule.Controllers.ClubController”中方法“System.Web.Mvc.ActionResult GetClubUserPage(System.String, Int32, System.String, System.String, System.String)”的不可以为 null 的类型“System.Int32”的参数“clubid”，参数字典包含一个 null 项。可选参数必须为引用类型、可以为 null 的类型或声明为可选参数。
参数名: parameters

2018-03-19 16:41:04
Url：/ClubModule/Club/GetClubUserPage?pagination=%7B%22rows%22%3A50%2C%22page%22%3A1%2C%22sidx%22%3A%22%22%2C%22sord%22%3A%22ASC%22%2C%22records%22%3A0%2C%22total%22%3A0%7D&_=1521448864230
Message：对于“Game.H5.Areas.ClubModule.Controllers.ClubController”中方法“System.Web.Mvc.ActionResult GetClubUserPage(System.String, Int32, System.String, System.String, System.String)”的不可以为 null 的类型“System.Int32”的参数“clubid”，参数字典包含一个 null 项。可选参数必须为引用类型、可以为 null 的类型或声明为可选参数。
参数名: parameters

2018-03-19 16:41:04
Url：/ClubModule/Club/GetClubUserPage?pagination=%7B%22rows%22%3A50%2C%22page%22%3A1%2C%22sidx%22%3A%22%22%2C%22sord%22%3A%22ASC%22%2C%22records%22%3A0%2C%22total%22%3A0%7D&_=1521448864230
Message：对于“Game.H5.Areas.ClubModule.Controllers.ClubController”中方法“System.Web.Mvc.ActionResult GetClubUserPage(System.String, Int32, System.String, System.String, System.String)”的不可以为 null 的类型“System.Int32”的参数“clubid”，参数字典包含一个 null 项。可选参数必须为引用类型、可以为 null 的类型或声明为可选参数。
参数名: parameters

2018-03-19 17:08:42
Url：/ClubModule/Club/GetClubUserPage?pagination=%7B%22rows%22%3A50%2C%22page%22%3A1%2C%22sidx%22%3A%22%22%2C%22sord%22%3A%22ASC%22%2C%22records%22%3A0%2C%22total%22%3A0%7D&_=1521450522296
Message：对于“Game.H5.Areas.ClubModule.Controllers.ClubController”中方法“System.Web.Mvc.ActionResult GetClubUserPage(System.String, Int32, System.String, System.String, System.String)”的不可以为 null 的类型“System.Int32”的参数“clubid”，参数字典包含一个 null 项。可选参数必须为引用类型、可以为 null 的类型或声明为可选参数。
参数名: parameters

2018-03-19 17:08:42
Url：/ClubModule/Club/GetClubUserPage?pagination=%7B%22rows%22%3A50%2C%22page%22%3A1%2C%22sidx%22%3A%22%22%2C%22sord%22%3A%22ASC%22%2C%22records%22%3A0%2C%22total%22%3A0%7D&_=1521450522296
Message：对于“Game.H5.Areas.ClubModule.Controllers.ClubController”中方法“System.Web.Mvc.ActionResult GetClubUserPage(System.String, Int32, System.String, System.String, System.String)”的不可以为 null 的类型“System.Int32”的参数“clubid”，参数字典包含一个 null 项。可选参数必须为引用类型、可以为 null 的类型或声明为可选参数。
参数名: parameters

2018-03-19 17:10:03
Url：/ClubModule/Club/GetClubUserPage?pagination=%7B%22rows%22%3A50%2C%22page%22%3A1%2C%22sidx%22%3A%22%22%2C%22sord%22%3A%22ASC%22%2C%22records%22%3A0%2C%22total%22%3A0%7D&_=1521450603421
Message：对于“Game.H5.Areas.ClubModule.Controllers.ClubController”中方法“System.Web.Mvc.ActionResult GetClubUserPage(System.String, Int32, System.String, System.String, System.String)”的不可以为 null 的类型“System.Int32”的参数“clubid”，参数字典包含一个 null 项。可选参数必须为引用类型、可以为 null 的类型或声明为可选参数。
参数名: parameters

2018-03-19 17:10:03
Url：/ClubModule/Club/GetClubUserPage?pagination=%7B%22rows%22%3A50%2C%22page%22%3A1%2C%22sidx%22%3A%22%22%2C%22sord%22%3A%22ASC%22%2C%22records%22%3A0%2C%22total%22%3A0%7D&_=1521450603421
Message：对于“Game.H5.Areas.ClubModule.Controllers.ClubController”中方法“System.Web.Mvc.ActionResult GetClubUserPage(System.String, Int32, System.String, System.String, System.String)”的不可以为 null 的类型“System.Int32”的参数“clubid”，参数字典包含一个 null 项。可选参数必须为引用类型、可以为 null 的类型或声明为可选参数。
参数名: parameters

2018-03-19 17:10:05
Url：/ClubModule/Club/GetClubUserPage?pagination=%7B%22rows%22%3A50%2C%22page%22%3A1%2C%22sidx%22%3A%22%22%2C%22sord%22%3A%22ASC%22%2C%22records%22%3A0%2C%22total%22%3A0%7D&_=1521450604785
Message：对于“Game.H5.Areas.ClubModule.Controllers.ClubController”中方法“System.Web.Mvc.ActionResult GetClubUserPage(System.String, Int32, System.String, System.String, System.String)”的不可以为 null 的类型“System.Int32”的参数“clubid”，参数字典包含一个 null 项。可选参数必须为引用类型、可以为 null 的类型或声明为可选参数。
参数名: parameters

2018-03-19 17:10:05
Url：/ClubModule/Club/GetClubUserPage?pagination=%7B%22rows%22%3A50%2C%22page%22%3A1%2C%22sidx%22%3A%22%22%2C%22sord%22%3A%22ASC%22%2C%22records%22%3A0%2C%22total%22%3A0%7D&_=1521450604785
Message：对于“Game.H5.Areas.ClubModule.Controllers.ClubController”中方法“System.Web.Mvc.ActionResult GetClubUserPage(System.String, Int32, System.String, System.String, System.String)”的不可以为 null 的类型“System.Int32”的参数“clubid”，参数字典包含一个 null 项。可选参数必须为引用类型、可以为 null 的类型或声明为可选参数。
参数名: parameters

2018-03-19 17:13:30
Url：/ClubModule/Club/GetClubUserPage?pagination=%7B%22rows%22%3A50%2C%22page%22%3A1%2C%22sidx%22%3A%22%22%2C%22sord%22%3A%22ASC%22%2C%22records%22%3A0%2C%22total%22%3A0%7D&_=1521450810366
Message：对于“Game.H5.Areas.ClubModule.Controllers.ClubController”中方法“System.Web.Mvc.ActionResult GetClubUserPage(System.String, Int32, System.String, System.String, System.String)”的不可以为 null 的类型“System.Int32”的参数“clubid”，参数字典包含一个 null 项。可选参数必须为引用类型、可以为 null 的类型或声明为可选参数。
参数名: parameters

2018-03-19 17:13:30
Url：/ClubModule/Club/GetClubUserPage?pagination=%7B%22rows%22%3A50%2C%22page%22%3A1%2C%22sidx%22%3A%22%22%2C%22sord%22%3A%22ASC%22%2C%22records%22%3A0%2C%22total%22%3A0%7D&_=1521450810366
Message：对于“Game.H5.Areas.ClubModule.Controllers.ClubController”中方法“System.Web.Mvc.ActionResult GetClubUserPage(System.String, Int32, System.String, System.String, System.String)”的不可以为 null 的类型“System.Int32”的参数“clubid”，参数字典包含一个 null 项。可选参数必须为引用类型、可以为 null 的类型或声明为可选参数。
参数名: parameters

2018-03-19 17:19:21
Url：/ClubModule/Club/GetClubUserPage?pagination=%7B%22rows%22%3A50%2C%22page%22%3A1%2C%22sidx%22%3A%22%22%2C%22sord%22%3A%22ASC%22%2C%22records%22%3A0%2C%22total%22%3A0%7D&_=1521451160844
Message：对于“Game.H5.Areas.ClubModule.Controllers.ClubController”中方法“System.Web.Mvc.ActionResult GetClubUserPage(System.String, Int32, System.String, System.String, System.String)”的不可以为 null 的类型“System.Int32”的参数“clubid”，参数字典包含一个 null 项。可选参数必须为引用类型、可以为 null 的类型或声明为可选参数。
参数名: parameters

2018-03-19 17:19:21
Url：/ClubModule/Club/GetClubUserPage?pagination=%7B%22rows%22%3A50%2C%22page%22%3A1%2C%22sidx%22%3A%22%22%2C%22sord%22%3A%22ASC%22%2C%22records%22%3A0%2C%22total%22%3A0%7D&_=1521451160844
Message：对于“Game.H5.Areas.ClubModule.Controllers.ClubController”中方法“System.Web.Mvc.ActionResult GetClubUserPage(System.String, Int32, System.String, System.String, System.String)”的不可以为 null 的类型“System.Int32”的参数“clubid”，参数字典包含一个 null 项。可选参数必须为引用类型、可以为 null 的类型或声明为可选参数。
参数名: parameters

2018-03-19 17:19:55
Url：/ClubModule/Club/GetClubUserPage?pagination=%7B%22rows%22%3A50%2C%22page%22%3A1%2C%22sidx%22%3A%22%22%2C%22sord%22%3A%22ASC%22%2C%22records%22%3A0%2C%22total%22%3A0%7D&_=1521451195654
Message：对于“Game.H5.Areas.ClubModule.Controllers.ClubController”中方法“System.Web.Mvc.ActionResult GetClubUserPage(System.String, Int32, System.String, System.String, System.String)”的不可以为 null 的类型“System.Int32”的参数“clubid”，参数字典包含一个 null 项。可选参数必须为引用类型、可以为 null 的类型或声明为可选参数。
参数名: parameters

2018-03-19 17:19:56
Url：/ClubModule/Club/GetClubUserPage?pagination=%7B%22rows%22%3A50%2C%22page%22%3A1%2C%22sidx%22%3A%22%22%2C%22sord%22%3A%22ASC%22%2C%22records%22%3A0%2C%22total%22%3A0%7D&_=1521451195654
Message：对于“Game.H5.Areas.ClubModule.Controllers.ClubController”中方法“System.Web.Mvc.ActionResult GetClubUserPage(System.String, Int32, System.String, System.String, System.String)”的不可以为 null 的类型“System.Int32”的参数“clubid”，参数字典包含一个 null 项。可选参数必须为引用类型、可以为 null 的类型或声明为可选参数。
参数名: parameters

2018-03-19 17:19:58
Url：/ClubModule/Club/GetClubUserPage?pagination=%7B%22rows%22%3A50%2C%22page%22%3A1%2C%22sidx%22%3A%22%22%2C%22sord%22%3A%22ASC%22%2C%22records%22%3A0%2C%22total%22%3A0%7D&_=1521451197824
Message：对于“Game.H5.Areas.ClubModule.Controllers.ClubController”中方法“System.Web.Mvc.ActionResult GetClubUserPage(System.String, Int32, System.String, System.String, System.String)”的不可以为 null 的类型“System.Int32”的参数“clubid”，参数字典包含一个 null 项。可选参数必须为引用类型、可以为 null 的类型或声明为可选参数。
参数名: parameters

2018-03-19 17:19:58
Url：/ClubModule/Club/GetClubUserPage?pagination=%7B%22rows%22%3A50%2C%22page%22%3A1%2C%22sidx%22%3A%22%22%2C%22sord%22%3A%22ASC%22%2C%22records%22%3A0%2C%22total%22%3A0%7D&_=1521451197824
Message：对于“Game.H5.Areas.ClubModule.Controllers.ClubController”中方法“System.Web.Mvc.ActionResult GetClubUserPage(System.String, Int32, System.String, System.String, System.String)”的不可以为 null 的类型“System.Int32”的参数“clubid”，参数字典包含一个 null 项。可选参数必须为引用类型、可以为 null 的类型或声明为可选参数。
参数名: parameters

2018-03-19 17:23:59
Url：/ClubModule/Club/GetClubUserPage?pagination=%7B%22rows%22%3A50%2C%22page%22%3A1%2C%22sidx%22%3A%22%22%2C%22sord%22%3A%22ASC%22%2C%22records%22%3A0%2C%22total%22%3A0%7D&_=1521451439594
Message：对于“Game.H5.Areas.ClubModule.Controllers.ClubController”中方法“System.Web.Mvc.ActionResult GetClubUserPage(System.String, Int32, System.String, System.String, System.String)”的不可以为 null 的类型“System.Int32”的参数“clubid”，参数字典包含一个 null 项。可选参数必须为引用类型、可以为 null 的类型或声明为可选参数。
参数名: parameters

2018-03-19 17:24:00
Url：/ClubModule/Club/GetClubUserPage?pagination=%7B%22rows%22%3A50%2C%22page%22%3A1%2C%22sidx%22%3A%22%22%2C%22sord%22%3A%22ASC%22%2C%22records%22%3A0%2C%22total%22%3A0%7D&_=1521451439594
Message：对于“Game.H5.Areas.ClubModule.Controllers.ClubController”中方法“System.Web.Mvc.ActionResult GetClubUserPage(System.String, Int32, System.String, System.String, System.String)”的不可以为 null 的类型“System.Int32”的参数“clubid”，参数字典包含一个 null 项。可选参数必须为引用类型、可以为 null 的类型或声明为可选参数。
参数名: parameters

2018-03-19 17:32:25
Url：/ClubModule/Club/GetClubUserPage?pagination=%7B%22rows%22%3A50%2C%22page%22%3A1%2C%22sidx%22%3A%22%22%2C%22sord%22%3A%22ASC%22%2C%22records%22%3A0%2C%22total%22%3A0%7D&_=1521451945655
Message：对于“Game.H5.Areas.ClubModule.Controllers.ClubController”中方法“System.Web.Mvc.ActionResult GetClubUserPage(System.String, Int32, System.String, System.String, System.String)”的不可以为 null 的类型“System.Int32”的参数“clubid”，参数字典包含一个 null 项。可选参数必须为引用类型、可以为 null 的类型或声明为可选参数。
参数名: parameters

2018-03-19 17:32:26
Url：/ClubModule/Club/GetClubUserPage?pagination=%7B%22rows%22%3A50%2C%22page%22%3A1%2C%22sidx%22%3A%22%22%2C%22sord%22%3A%22ASC%22%2C%22records%22%3A0%2C%22total%22%3A0%7D&_=1521451945655
Message：对于“Game.H5.Areas.ClubModule.Controllers.ClubController”中方法“System.Web.Mvc.ActionResult GetClubUserPage(System.String, Int32, System.String, System.String, System.String)”的不可以为 null 的类型“System.Int32”的参数“clubid”，参数字典包含一个 null 项。可选参数必须为引用类型、可以为 null 的类型或声明为可选参数。
参数名: parameters

2018-03-19 17:32:28
Url：/ClubModule/Club/GetClubUserPage?sdate=&edate=&keyword=&pagination=%7B%22rows%22%3A50%2C%22page%22%3A1%2C%22sidx%22%3A%22%22%2C%22sord%22%3A%22ASC%22%2C%22records%22%3A0%2C%22total%22%3A0%7D&_=1521451945656
Message：对于“Game.H5.Areas.ClubModule.Controllers.ClubController”中方法“System.Web.Mvc.ActionResult GetClubUserPage(System.String, Int32, System.String, System.String, System.String)”的不可以为 null 的类型“System.Int32”的参数“clubid”，参数字典包含一个 null 项。可选参数必须为引用类型、可以为 null 的类型或声明为可选参数。
参数名: parameters

2018-03-19 17:32:28
Url：/ClubModule/Club/GetClubUserPage?sdate=&edate=&keyword=&pagination=%7B%22rows%22%3A50%2C%22page%22%3A1%2C%22sidx%22%3A%22%22%2C%22sord%22%3A%22ASC%22%2C%22records%22%3A0%2C%22total%22%3A0%7D&_=1521451945656
Message：对于“Game.H5.Areas.ClubModule.Controllers.ClubController”中方法“System.Web.Mvc.ActionResult GetClubUserPage(System.String, Int32, System.String, System.String, System.String)”的不可以为 null 的类型“System.Int32”的参数“clubid”，参数字典包含一个 null 项。可选参数必须为引用类型、可以为 null 的类型或声明为可选参数。
参数名: parameters

2018-03-19 17:32:31
Url：/ClubModule/Club/GetClubUserPage?pagination=%7B%22rows%22%3A50%2C%22page%22%3A1%2C%22sidx%22%3A%22%22%2C%22sord%22%3A%22ASC%22%2C%22records%22%3A0%2C%22total%22%3A0%7D&_=1521451951476
Message：对于“Game.H5.Areas.ClubModule.Controllers.ClubController”中方法“System.Web.Mvc.ActionResult GetClubUserPage(System.String, Int32, System.String, System.String, System.String)”的不可以为 null 的类型“System.Int32”的参数“clubid”，参数字典包含一个 null 项。可选参数必须为引用类型、可以为 null 的类型或声明为可选参数。
参数名: parameters

2018-03-19 17:32:32
Url：/ClubModule/Club/GetClubUserPage?pagination=%7B%22rows%22%3A50%2C%22page%22%3A1%2C%22sidx%22%3A%22%22%2C%22sord%22%3A%22ASC%22%2C%22records%22%3A0%2C%22total%22%3A0%7D&_=1521451951476
Message：对于“Game.H5.Areas.ClubModule.Controllers.ClubController”中方法“System.Web.Mvc.ActionResult GetClubUserPage(System.String, Int32, System.String, System.String, System.String)”的不可以为 null 的类型“System.Int32”的参数“clubid”，参数字典包含一个 null 项。可选参数必须为引用类型、可以为 null 的类型或声明为可选参数。
参数名: parameters

2018-03-19 17:32:49
Url：/ClubModule/Club/GetClubUserPage?pagination=%7B%22rows%22%3A50%2C%22page%22%3A1%2C%22sidx%22%3A%22%22%2C%22sord%22%3A%22ASC%22%2C%22records%22%3A0%2C%22total%22%3A0%7D&_=1521451969004
Message：对于“Game.H5.Areas.ClubModule.Controllers.ClubController”中方法“System.Web.Mvc.ActionResult GetClubUserPage(System.String, Int32, System.String, System.String, System.String)”的不可以为 null 的类型“System.Int32”的参数“clubid”，参数字典包含一个 null 项。可选参数必须为引用类型、可以为 null 的类型或声明为可选参数。
参数名: parameters

2018-03-19 17:32:49
Url：/ClubModule/Club/GetClubUserPage?pagination=%7B%22rows%22%3A50%2C%22page%22%3A1%2C%22sidx%22%3A%22%22%2C%22sord%22%3A%22ASC%22%2C%22records%22%3A0%2C%22total%22%3A0%7D&_=1521451969004
Message：对于“Game.H5.Areas.ClubModule.Controllers.ClubController”中方法“System.Web.Mvc.ActionResult GetClubUserPage(System.String, Int32, System.String, System.String, System.String)”的不可以为 null 的类型“System.Int32”的参数“clubid”，参数字典包含一个 null 项。可选参数必须为引用类型、可以为 null 的类型或声明为可选参数。
参数名: parameters

2018-03-19 18:13:57
Url：/ClubModule/Club/GetClubUserPage?pagination=%7B%22rows%22%3A50%2C%22page%22%3A1%2C%22sidx%22%3A%22%22%2C%22sord%22%3A%22ASC%22%2C%22records%22%3A0%2C%22total%22%3A0%7D&_=1521454436714
Message：对于“Game.H5.Areas.ClubModule.Controllers.ClubController”中方法“System.Web.Mvc.ActionResult GetClubUserPage(System.String, Int32, System.String, System.String, System.String)”的不可以为 null 的类型“System.Int32”的参数“clubid”，参数字典包含一个 null 项。可选参数必须为引用类型、可以为 null 的类型或声明为可选参数。
参数名: parameters

2018-03-19 18:13:57
Url：/ClubModule/Club/GetClubUserPage?pagination=%7B%22rows%22%3A50%2C%22page%22%3A1%2C%22sidx%22%3A%22%22%2C%22sord%22%3A%22ASC%22%2C%22records%22%3A0%2C%22total%22%3A0%7D&_=1521454436714
Message：对于“Game.H5.Areas.ClubModule.Controllers.ClubController”中方法“System.Web.Mvc.ActionResult GetClubUserPage(System.String, Int32, System.String, System.String, System.String)”的不可以为 null 的类型“System.Int32”的参数“clubid”，参数字典包含一个 null 项。可选参数必须为引用类型、可以为 null 的类型或声明为可选参数。
参数名: parameters

2018-03-19 18:14:02
Url：/ClubModule/Club/GetClubUserPage?pagination=%7B%22rows%22%3A50%2C%22page%22%3A1%2C%22sidx%22%3A%22%22%2C%22sord%22%3A%22ASC%22%2C%22records%22%3A0%2C%22total%22%3A0%7D&_=1521454442270
Message：对于“Game.H5.Areas.ClubModule.Controllers.ClubController”中方法“System.Web.Mvc.ActionResult GetClubUserPage(System.String, Int32, System.String, System.String, System.String)”的不可以为 null 的类型“System.Int32”的参数“clubid”，参数字典包含一个 null 项。可选参数必须为引用类型、可以为 null 的类型或声明为可选参数。
参数名: parameters

2018-03-19 18:14:02
Url：/ClubModule/Club/GetClubUserPage?pagination=%7B%22rows%22%3A50%2C%22page%22%3A1%2C%22sidx%22%3A%22%22%2C%22sord%22%3A%22ASC%22%2C%22records%22%3A0%2C%22total%22%3A0%7D&_=1521454442270
Message：对于“Game.H5.Areas.ClubModule.Controllers.ClubController”中方法“System.Web.Mvc.ActionResult GetClubUserPage(System.String, Int32, System.String, System.String, System.String)”的不可以为 null 的类型“System.Int32”的参数“clubid”，参数字典包含一个 null 项。可选参数必须为引用类型、可以为 null 的类型或声明为可选参数。
参数名: parameters

2018-03-19 18:15:23
Url：/ClubModule/Club/GetClubUserPage?pagination=%7B%22rows%22%3A50%2C%22page%22%3A1%2C%22sidx%22%3A%22%22%2C%22sord%22%3A%22ASC%22%2C%22records%22%3A0%2C%22total%22%3A0%7D&_=1521454522788
Message：对于“Game.H5.Areas.ClubModule.Controllers.ClubController”中方法“System.Web.Mvc.ActionResult GetClubUserPage(System.String, Int32, System.String, System.String, System.String)”的不可以为 null 的类型“System.Int32”的参数“clubid”，参数字典包含一个 null 项。可选参数必须为引用类型、可以为 null 的类型或声明为可选参数。
参数名: parameters

2018-03-19 18:15:23
Url：/ClubModule/Club/GetClubUserPage?pagination=%7B%22rows%22%3A50%2C%22page%22%3A1%2C%22sidx%22%3A%22%22%2C%22sord%22%3A%22ASC%22%2C%22records%22%3A0%2C%22total%22%3A0%7D&_=1521454522788
Message：对于“Game.H5.Areas.ClubModule.Controllers.ClubController”中方法“System.Web.Mvc.ActionResult GetClubUserPage(System.String, Int32, System.String, System.String, System.String)”的不可以为 null 的类型“System.Int32”的参数“clubid”，参数字典包含一个 null 项。可选参数必须为引用类型、可以为 null 的类型或声明为可选参数。
参数名: parameters

2018-03-19 18:15:53
Url：/ClubModule/Club/GetClubUserPage?pagination=%7B%22rows%22%3A50%2C%22page%22%3A1%2C%22sidx%22%3A%22%22%2C%22sord%22%3A%22ASC%22%2C%22records%22%3A0%2C%22total%22%3A0%7D&_=1521454553702
Message：对于“Game.H5.Areas.ClubModule.Controllers.ClubController”中方法“System.Web.Mvc.ActionResult GetClubUserPage(System.String, Int32, System.String, System.String, System.String)”的不可以为 null 的类型“System.Int32”的参数“clubid”，参数字典包含一个 null 项。可选参数必须为引用类型、可以为 null 的类型或声明为可选参数。
参数名: parameters

2018-03-19 18:15:54
Url：/ClubModule/Club/GetClubUserPage?pagination=%7B%22rows%22%3A50%2C%22page%22%3A1%2C%22sidx%22%3A%22%22%2C%22sord%22%3A%22ASC%22%2C%22records%22%3A0%2C%22total%22%3A0%7D&_=1521454553702
Message：对于“Game.H5.Areas.ClubModule.Controllers.ClubController”中方法“System.Web.Mvc.ActionResult GetClubUserPage(System.String, Int32, System.String, System.String, System.String)”的不可以为 null 的类型“System.Int32”的参数“clubid”，参数字典包含一个 null 项。可选参数必须为引用类型、可以为 null 的类型或声明为可选参数。
参数名: parameters

2018-03-19 18:15:55
Url：/ClubModule/Club/GetClubUserPage?pagination=%7B%22rows%22%3A50%2C%22page%22%3A1%2C%22sidx%22%3A%22%22%2C%22sord%22%3A%22ASC%22%2C%22records%22%3A0%2C%22total%22%3A0%7D&_=1521454555649
Message：对于“Game.H5.Areas.ClubModule.Controllers.ClubController”中方法“System.Web.Mvc.ActionResult GetClubUserPage(System.String, Int32, System.String, System.String, System.String)”的不可以为 null 的类型“System.Int32”的参数“clubid”，参数字典包含一个 null 项。可选参数必须为引用类型、可以为 null 的类型或声明为可选参数。
参数名: parameters

2018-03-19 18:15:56
Url：/ClubModule/Club/GetClubUserPage?pagination=%7B%22rows%22%3A50%2C%22page%22%3A1%2C%22sidx%22%3A%22%22%2C%22sord%22%3A%22ASC%22%2C%22records%22%3A0%2C%22total%22%3A0%7D&_=1521454555649
Message：对于“Game.H5.Areas.ClubModule.Controllers.ClubController”中方法“System.Web.Mvc.ActionResult GetClubUserPage(System.String, Int32, System.String, System.String, System.String)”的不可以为 null 的类型“System.Int32”的参数“clubid”，参数字典包含一个 null 项。可选参数必须为引用类型、可以为 null 的类型或声明为可选参数。
参数名: parameters

2018-03-19 18:16:04
Url：/ClubModule/Club/GetClubUserPage?pagination=%7B%22rows%22%3A50%2C%22page%22%3A1%2C%22sidx%22%3A%22%22%2C%22sord%22%3A%22ASC%22%2C%22records%22%3A0%2C%22total%22%3A0%7D&_=1521454564309
Message：对于“Game.H5.Areas.ClubModule.Controllers.ClubController”中方法“System.Web.Mvc.ActionResult GetClubUserPage(System.String, Int32, System.String, System.String, System.String)”的不可以为 null 的类型“System.Int32”的参数“clubid”，参数字典包含一个 null 项。可选参数必须为引用类型、可以为 null 的类型或声明为可选参数。
参数名: parameters

2018-03-19 18:16:04
Url：/ClubModule/Club/GetClubUserPage?pagination=%7B%22rows%22%3A50%2C%22page%22%3A1%2C%22sidx%22%3A%22%22%2C%22sord%22%3A%22ASC%22%2C%22records%22%3A0%2C%22total%22%3A0%7D&_=1521454564309
Message：对于“Game.H5.Areas.ClubModule.Controllers.ClubController”中方法“System.Web.Mvc.ActionResult GetClubUserPage(System.String, Int32, System.String, System.String, System.String)”的不可以为 null 的类型“System.Int32”的参数“clubid”，参数字典包含一个 null 项。可选参数必须为引用类型、可以为 null 的类型或声明为可选参数。
参数名: parameters

2018-03-19 18:16:10
Url：/ClubModule/Club/GetClubUserPage?pagination=%7B%22rows%22%3A50%2C%22page%22%3A1%2C%22sidx%22%3A%22%22%2C%22sord%22%3A%22ASC%22%2C%22records%22%3A0%2C%22total%22%3A0%7D&_=1521454570144
Message：对于“Game.H5.Areas.ClubModule.Controllers.ClubController”中方法“System.Web.Mvc.ActionResult GetClubUserPage(System.String, Int32, System.String, System.String, System.String)”的不可以为 null 的类型“System.Int32”的参数“clubid”，参数字典包含一个 null 项。可选参数必须为引用类型、可以为 null 的类型或声明为可选参数。
参数名: parameters

2018-03-19 18:16:10
Url：/ClubModule/Club/GetClubUserPage?pagination=%7B%22rows%22%3A50%2C%22page%22%3A1%2C%22sidx%22%3A%22%22%2C%22sord%22%3A%22ASC%22%2C%22records%22%3A0%2C%22total%22%3A0%7D&_=1521454570144
Message：对于“Game.H5.Areas.ClubModule.Controllers.ClubController”中方法“System.Web.Mvc.ActionResult GetClubUserPage(System.String, Int32, System.String, System.String, System.String)”的不可以为 null 的类型“System.Int32”的参数“clubid”，参数字典包含一个 null 项。可选参数必须为引用类型、可以为 null 的类型或声明为可选参数。
参数名: parameters

2018-03-19 18:16:18
Url：/ClubModule/Club/GetClubUserPage?pagination=%7B%22rows%22%3A50%2C%22page%22%3A1%2C%22sidx%22%3A%22%22%2C%22sord%22%3A%22ASC%22%2C%22records%22%3A0%2C%22total%22%3A0%7D&_=1521454578269
Message：对于“Game.H5.Areas.ClubModule.Controllers.ClubController”中方法“System.Web.Mvc.ActionResult GetClubUserPage(System.String, Int32, System.String, System.String, System.String)”的不可以为 null 的类型“System.Int32”的参数“clubid”，参数字典包含一个 null 项。可选参数必须为引用类型、可以为 null 的类型或声明为可选参数。
参数名: parameters

2018-03-19 18:16:18
Url：/ClubModule/Club/GetClubUserPage?pagination=%7B%22rows%22%3A50%2C%22page%22%3A1%2C%22sidx%22%3A%22%22%2C%22sord%22%3A%22ASC%22%2C%22records%22%3A0%2C%22total%22%3A0%7D&_=1521454578269
Message：对于“Game.H5.Areas.ClubModule.Controllers.ClubController”中方法“System.Web.Mvc.ActionResult GetClubUserPage(System.String, Int32, System.String, System.String, System.String)”的不可以为 null 的类型“System.Int32”的参数“clubid”，参数字典包含一个 null 项。可选参数必须为引用类型、可以为 null 的类型或声明为可选参数。
参数名: parameters

2018-03-19 18:17:18
Url：/ClubModule/Club/GetClubUserPage?pagination=%7B%22rows%22%3A50%2C%22page%22%3A1%2C%22sidx%22%3A%22%22%2C%22sord%22%3A%22ASC%22%2C%22records%22%3A0%2C%22total%22%3A0%7D&_=1521454637836
Message：对于“Game.H5.Areas.ClubModule.Controllers.ClubController”中方法“System.Web.Mvc.ActionResult GetClubUserPage(System.String, Int32, System.String, System.String, System.String)”的不可以为 null 的类型“System.Int32”的参数“clubid”，参数字典包含一个 null 项。可选参数必须为引用类型、可以为 null 的类型或声明为可选参数。
参数名: parameters

2018-03-19 18:17:18
Url：/ClubModule/Club/GetClubUserPage?pagination=%7B%22rows%22%3A50%2C%22page%22%3A1%2C%22sidx%22%3A%22%22%2C%22sord%22%3A%22ASC%22%2C%22records%22%3A0%2C%22total%22%3A0%7D&_=1521454637836
Message：对于“Game.H5.Areas.ClubModule.Controllers.ClubController”中方法“System.Web.Mvc.ActionResult GetClubUserPage(System.String, Int32, System.String, System.String, System.String)”的不可以为 null 的类型“System.Int32”的参数“clubid”，参数字典包含一个 null 项。可选参数必须为引用类型、可以为 null 的类型或声明为可选参数。
参数名: parameters

2018-03-19 18:20:01
Url：/ClubModule/Club/GetClubUserPage?pagination=%7B%22rows%22%3A50%2C%22page%22%3A1%2C%22sidx%22%3A%22%22%2C%22sord%22%3A%22ASC%22%2C%22records%22%3A0%2C%22total%22%3A0%7D&_=1521454801604
Message：对于“Game.H5.Areas.ClubModule.Controllers.ClubController”中方法“System.Web.Mvc.ActionResult GetClubUserPage(System.String, Int32, System.String, System.String, System.String)”的不可以为 null 的类型“System.Int32”的参数“clubid”，参数字典包含一个 null 项。可选参数必须为引用类型、可以为 null 的类型或声明为可选参数。
参数名: parameters

2018-03-19 18:20:02
Url：/ClubModule/Club/GetClubUserPage?pagination=%7B%22rows%22%3A50%2C%22page%22%3A1%2C%22sidx%22%3A%22%22%2C%22sord%22%3A%22ASC%22%2C%22records%22%3A0%2C%22total%22%3A0%7D&_=1521454801604
Message：对于“Game.H5.Areas.ClubModule.Controllers.ClubController”中方法“System.Web.Mvc.ActionResult GetClubUserPage(System.String, Int32, System.String, System.String, System.String)”的不可以为 null 的类型“System.Int32”的参数“clubid”，参数字典包含一个 null 项。可选参数必须为引用类型、可以为 null 的类型或声明为可选参数。
参数名: parameters

