2018-02-05 15:40:46
Url：/DataStatistics/GameLog/GetGameLogPage?userid=undefined&pagination=%7B%22rows%22%3A50%2C%22page%22%3A1%2C%22sidx%22%3A%22%22%2C%22sord%22%3A%22ASC%22%2C%22records%22%3A0%2C%22total%22%3A0%7D&_=1517816446247
Message：输入字符串的格式不正确。

2018-02-05 15:40:46
Url：/DataStatistics/GameLog/GetGameLogPage?userid=undefined&pagination=%7B%22rows%22%3A50%2C%22page%22%3A1%2C%22sidx%22%3A%22%22%2C%22sord%22%3A%22ASC%22%2C%22records%22%3A0%2C%22total%22%3A0%7D&_=1517816446247
Message：输入字符串的格式不正确。

2018-02-05 17:49:39
Url：/SystemModule/SysUser/SaveForm
Message：Incorrect integer value: 'True' for column 'F_ExecuteResult' at row 1

2018-02-05 17:49:39
Url：/SystemModule/SysUser/SaveForm
Message：Incorrect integer value: 'True' for column 'F_ExecuteResult' at row 1

2018-02-05 17:49:41
Url：/SystemModule/SysUser/SaveForm
Message：Incorrect integer value: 'True' for column 'F_ExecuteResult' at row 1

2018-02-05 17:49:41
Url：/SystemModule/SysUser/SaveForm
Message：Incorrect integer value: 'True' for column 'F_ExecuteResult' at row 1

2018-02-05 18:32:06
Url：/User/User/CKfangka?id=10124
Message：未找到视图“10124”或其母版视图，或没有视图引擎支持搜索的位置。搜索了以下位置: 
~/Areas/User/Views/User/10124.aspx
~/Areas/User/Views/User/10124.ascx
~/Areas/User/Views/Shared/10124.aspx
~/Areas/User/Views/Shared/10124.ascx
~/Views/User/10124.aspx
~/Views/User/10124.ascx
~/Views/Shared/10124.aspx
~/Views/Shared/10124.ascx
~/Areas/User/Views/User/10124.cshtml
~/Areas/User/Views/User/10124.vbhtml
~/Areas/User/Views/Shared/10124.cshtml
~/Areas/User/Views/Shared/10124.vbhtml
~/Views/User/10124.cshtml
~/Views/User/10124.vbhtml
~/Views/Shared/10124.cshtml
~/Views/Shared/10124.vbhtml

2018-02-05 18:32:06
Url：/User/User/CKfangka?id=10124
Message：未找到视图“10124”或其母版视图，或没有视图引擎支持搜索的位置。搜索了以下位置: 
~/Areas/User/Views/User/10124.aspx
~/Areas/User/Views/User/10124.ascx
~/Areas/User/Views/Shared/10124.aspx
~/Areas/User/Views/Shared/10124.ascx
~/Views/User/10124.aspx
~/Views/User/10124.ascx
~/Views/Shared/10124.aspx
~/Views/Shared/10124.ascx
~/Areas/User/Views/User/10124.cshtml
~/Areas/User/Views/User/10124.vbhtml
~/Areas/User/Views/Shared/10124.cshtml
~/Areas/User/Views/Shared/10124.vbhtml
~/Views/User/10124.cshtml
~/Views/User/10124.vbhtml
~/Views/Shared/10124.cshtml
~/Views/Shared/10124.vbhtml

2018-02-05 18:32:18
Url：/User/User/CKfangka?id=10126
Message：未找到视图“10126”或其母版视图，或没有视图引擎支持搜索的位置。搜索了以下位置: 
~/Areas/User/Views/User/10126.aspx
~/Areas/User/Views/User/10126.ascx
~/Areas/User/Views/Shared/10126.aspx
~/Areas/User/Views/Shared/10126.ascx
~/Views/User/10126.aspx
~/Views/User/10126.ascx
~/Views/Shared/10126.aspx
~/Views/Shared/10126.ascx
~/Areas/User/Views/User/10126.cshtml
~/Areas/User/Views/User/10126.vbhtml
~/Areas/User/Views/Shared/10126.cshtml
~/Areas/User/Views/Shared/10126.vbhtml
~/Views/User/10126.cshtml
~/Views/User/10126.vbhtml
~/Views/Shared/10126.cshtml
~/Views/Shared/10126.vbhtml

2018-02-05 18:32:18
Url：/User/User/CKfangka?id=10126
Message：未找到视图“10126”或其母版视图，或没有视图引擎支持搜索的位置。搜索了以下位置: 
~/Areas/User/Views/User/10126.aspx
~/Areas/User/Views/User/10126.ascx
~/Areas/User/Views/Shared/10126.aspx
~/Areas/User/Views/Shared/10126.ascx
~/Views/User/10126.aspx
~/Views/User/10126.ascx
~/Views/Shared/10126.aspx
~/Views/Shared/10126.ascx
~/Areas/User/Views/User/10126.cshtml
~/Areas/User/Views/User/10126.vbhtml
~/Areas/User/Views/Shared/10126.cshtml
~/Areas/User/Views/Shared/10126.vbhtml
~/Views/User/10126.cshtml
~/Views/User/10126.vbhtml
~/Views/Shared/10126.cshtml
~/Views/Shared/10126.vbhtml

2018-02-05 18:44:41
Url：/User/User/CKfangka?id=10124
Message：未找到视图“10124”或其母版视图，或没有视图引擎支持搜索的位置。搜索了以下位置: 
~/Areas/User/Views/User/10124.aspx
~/Areas/User/Views/User/10124.ascx
~/Areas/User/Views/Shared/10124.aspx
~/Areas/User/Views/Shared/10124.ascx
~/Views/User/10124.aspx
~/Views/User/10124.ascx
~/Views/Shared/10124.aspx
~/Views/Shared/10124.ascx
~/Areas/User/Views/User/10124.cshtml
~/Areas/User/Views/User/10124.vbhtml
~/Areas/User/Views/Shared/10124.cshtml
~/Areas/User/Views/Shared/10124.vbhtml
~/Views/User/10124.cshtml
~/Views/User/10124.vbhtml
~/Views/Shared/10124.cshtml
~/Views/Shared/10124.vbhtml

2018-02-05 18:44:41
Url：/User/User/CKfangka?id=10124
Message：未找到视图“10124”或其母版视图，或没有视图引擎支持搜索的位置。搜索了以下位置: 
~/Areas/User/Views/User/10124.aspx
~/Areas/User/Views/User/10124.ascx
~/Areas/User/Views/Shared/10124.aspx
~/Areas/User/Views/Shared/10124.ascx
~/Views/User/10124.aspx
~/Views/User/10124.ascx
~/Views/Shared/10124.aspx
~/Views/Shared/10124.ascx
~/Areas/User/Views/User/10124.cshtml
~/Areas/User/Views/User/10124.vbhtml
~/Areas/User/Views/Shared/10124.cshtml
~/Areas/User/Views/Shared/10124.vbhtml
~/Views/User/10124.cshtml
~/Views/User/10124.vbhtml
~/Views/Shared/10124.cshtml
~/Views/Shared/10124.vbhtml

2018-02-05 18:44:50
Url：/User/User/CKfangka?id=10124
Message：未找到视图“10124”或其母版视图，或没有视图引擎支持搜索的位置。搜索了以下位置: 
~/Areas/User/Views/User/10124.aspx
~/Areas/User/Views/User/10124.ascx
~/Areas/User/Views/Shared/10124.aspx
~/Areas/User/Views/Shared/10124.ascx
~/Views/User/10124.aspx
~/Views/User/10124.ascx
~/Views/Shared/10124.aspx
~/Views/Shared/10124.ascx
~/Areas/User/Views/User/10124.cshtml
~/Areas/User/Views/User/10124.vbhtml
~/Areas/User/Views/Shared/10124.cshtml
~/Areas/User/Views/Shared/10124.vbhtml
~/Views/User/10124.cshtml
~/Views/User/10124.vbhtml
~/Views/Shared/10124.cshtml
~/Views/Shared/10124.vbhtml

2018-02-05 18:44:50
Url：/User/User/CKfangka?id=10124
Message：未找到视图“10124”或其母版视图，或没有视图引擎支持搜索的位置。搜索了以下位置: 
~/Areas/User/Views/User/10124.aspx
~/Areas/User/Views/User/10124.ascx
~/Areas/User/Views/Shared/10124.aspx
~/Areas/User/Views/Shared/10124.ascx
~/Views/User/10124.aspx
~/Views/User/10124.ascx
~/Views/Shared/10124.aspx
~/Views/Shared/10124.ascx
~/Areas/User/Views/User/10124.cshtml
~/Areas/User/Views/User/10124.vbhtml
~/Areas/User/Views/Shared/10124.cshtml
~/Areas/User/Views/Shared/10124.vbhtml
~/Views/User/10124.cshtml
~/Views/User/10124.vbhtml
~/Views/Shared/10124.cshtml
~/Views/Shared/10124.vbhtml

2018-02-05 18:45:53
Url：/User/User/CKfangka?id=10125
Message：未找到视图“10125”或其母版视图，或没有视图引擎支持搜索的位置。搜索了以下位置: 
~/Areas/User/Views/User/10125.aspx
~/Areas/User/Views/User/10125.ascx
~/Areas/User/Views/Shared/10125.aspx
~/Areas/User/Views/Shared/10125.ascx
~/Views/User/10125.aspx
~/Views/User/10125.ascx
~/Views/Shared/10125.aspx
~/Views/Shared/10125.ascx
~/Areas/User/Views/User/10125.cshtml
~/Areas/User/Views/User/10125.vbhtml
~/Areas/User/Views/Shared/10125.cshtml
~/Areas/User/Views/Shared/10125.vbhtml
~/Views/User/10125.cshtml
~/Views/User/10125.vbhtml
~/Views/Shared/10125.cshtml
~/Views/Shared/10125.vbhtml

2018-02-05 18:45:53
Url：/User/User/CKfangka?id=10125
Message：未找到视图“10125”或其母版视图，或没有视图引擎支持搜索的位置。搜索了以下位置: 
~/Areas/User/Views/User/10125.aspx
~/Areas/User/Views/User/10125.ascx
~/Areas/User/Views/Shared/10125.aspx
~/Areas/User/Views/Shared/10125.ascx
~/Views/User/10125.aspx
~/Views/User/10125.ascx
~/Views/Shared/10125.aspx
~/Views/Shared/10125.ascx
~/Areas/User/Views/User/10125.cshtml
~/Areas/User/Views/User/10125.vbhtml
~/Areas/User/Views/Shared/10125.cshtml
~/Areas/User/Views/Shared/10125.vbhtml
~/Views/User/10125.cshtml
~/Views/User/10125.vbhtml
~/Views/Shared/10125.cshtml
~/Views/Shared/10125.vbhtml

2018-02-05 18:45:58
Url：/User/User/CKfangka?id=10125
Message：未找到视图“10125”或其母版视图，或没有视图引擎支持搜索的位置。搜索了以下位置: 
~/Areas/User/Views/User/10125.aspx
~/Areas/User/Views/User/10125.ascx
~/Areas/User/Views/Shared/10125.aspx
~/Areas/User/Views/Shared/10125.ascx
~/Views/User/10125.aspx
~/Views/User/10125.ascx
~/Views/Shared/10125.aspx
~/Views/Shared/10125.ascx
~/Areas/User/Views/User/10125.cshtml
~/Areas/User/Views/User/10125.vbhtml
~/Areas/User/Views/Shared/10125.cshtml
~/Areas/User/Views/Shared/10125.vbhtml
~/Views/User/10125.cshtml
~/Views/User/10125.vbhtml
~/Views/Shared/10125.cshtml
~/Views/Shared/10125.vbhtml

2018-02-05 18:45:58
Url：/User/User/CKfangka?id=10125
Message：未找到视图“10125”或其母版视图，或没有视图引擎支持搜索的位置。搜索了以下位置: 
~/Areas/User/Views/User/10125.aspx
~/Areas/User/Views/User/10125.ascx
~/Areas/User/Views/Shared/10125.aspx
~/Areas/User/Views/Shared/10125.ascx
~/Views/User/10125.aspx
~/Views/User/10125.ascx
~/Views/Shared/10125.aspx
~/Views/Shared/10125.ascx
~/Areas/User/Views/User/10125.cshtml
~/Areas/User/Views/User/10125.vbhtml
~/Areas/User/Views/Shared/10125.cshtml
~/Areas/User/Views/Shared/10125.vbhtml
~/Views/User/10125.cshtml
~/Views/User/10125.vbhtml
~/Views/Shared/10125.cshtml
~/Views/Shared/10125.vbhtml

2018-02-05 18:46:05
Url：/User/User/CKfangka?id=10131
Message：未找到视图“10131”或其母版视图，或没有视图引擎支持搜索的位置。搜索了以下位置: 
~/Areas/User/Views/User/10131.aspx
~/Areas/User/Views/User/10131.ascx
~/Areas/User/Views/Shared/10131.aspx
~/Areas/User/Views/Shared/10131.ascx
~/Views/User/10131.aspx
~/Views/User/10131.ascx
~/Views/Shared/10131.aspx
~/Views/Shared/10131.ascx
~/Areas/User/Views/User/10131.cshtml
~/Areas/User/Views/User/10131.vbhtml
~/Areas/User/Views/Shared/10131.cshtml
~/Areas/User/Views/Shared/10131.vbhtml
~/Views/User/10131.cshtml
~/Views/User/10131.vbhtml
~/Views/Shared/10131.cshtml
~/Views/Shared/10131.vbhtml

2018-02-05 18:46:05
Url：/User/User/CKfangka?id=10131
Message：未找到视图“10131”或其母版视图，或没有视图引擎支持搜索的位置。搜索了以下位置: 
~/Areas/User/Views/User/10131.aspx
~/Areas/User/Views/User/10131.ascx
~/Areas/User/Views/Shared/10131.aspx
~/Areas/User/Views/Shared/10131.ascx
~/Views/User/10131.aspx
~/Views/User/10131.ascx
~/Views/Shared/10131.aspx
~/Views/Shared/10131.ascx
~/Areas/User/Views/User/10131.cshtml
~/Areas/User/Views/User/10131.vbhtml
~/Areas/User/Views/Shared/10131.cshtml
~/Areas/User/Views/Shared/10131.vbhtml
~/Views/User/10131.cshtml
~/Views/User/10131.vbhtml
~/Views/Shared/10131.cshtml
~/Views/Shared/10131.vbhtml

2018-02-05 18:46:32
Url：/User/User/CKfangka?id=10125
Message：未找到视图“10125”或其母版视图，或没有视图引擎支持搜索的位置。搜索了以下位置: 
~/Areas/User/Views/User/10125.aspx
~/Areas/User/Views/User/10125.ascx
~/Areas/User/Views/Shared/10125.aspx
~/Areas/User/Views/Shared/10125.ascx
~/Views/User/10125.aspx
~/Views/User/10125.ascx
~/Views/Shared/10125.aspx
~/Views/Shared/10125.ascx
~/Areas/User/Views/User/10125.cshtml
~/Areas/User/Views/User/10125.vbhtml
~/Areas/User/Views/Shared/10125.cshtml
~/Areas/User/Views/Shared/10125.vbhtml
~/Views/User/10125.cshtml
~/Views/User/10125.vbhtml
~/Views/Shared/10125.cshtml
~/Views/Shared/10125.vbhtml

2018-02-05 18:46:32
Url：/User/User/CKfangka?id=10125
Message：未找到视图“10125”或其母版视图，或没有视图引擎支持搜索的位置。搜索了以下位置: 
~/Areas/User/Views/User/10125.aspx
~/Areas/User/Views/User/10125.ascx
~/Areas/User/Views/Shared/10125.aspx
~/Areas/User/Views/Shared/10125.ascx
~/Views/User/10125.aspx
~/Views/User/10125.ascx
~/Views/Shared/10125.aspx
~/Views/Shared/10125.ascx
~/Areas/User/Views/User/10125.cshtml
~/Areas/User/Views/User/10125.vbhtml
~/Areas/User/Views/Shared/10125.cshtml
~/Areas/User/Views/Shared/10125.vbhtml
~/Views/User/10125.cshtml
~/Views/User/10125.vbhtml
~/Views/Shared/10125.cshtml
~/Views/Shared/10125.vbhtml

2018-02-05 18:46:57
Url：/User/User/CKfangka?id=10124
Message：未找到视图“10124”或其母版视图，或没有视图引擎支持搜索的位置。搜索了以下位置: 
~/Areas/User/Views/User/10124.aspx
~/Areas/User/Views/User/10124.ascx
~/Areas/User/Views/Shared/10124.aspx
~/Areas/User/Views/Shared/10124.ascx
~/Views/User/10124.aspx
~/Views/User/10124.ascx
~/Views/Shared/10124.aspx
~/Views/Shared/10124.ascx
~/Areas/User/Views/User/10124.cshtml
~/Areas/User/Views/User/10124.vbhtml
~/Areas/User/Views/Shared/10124.cshtml
~/Areas/User/Views/Shared/10124.vbhtml
~/Views/User/10124.cshtml
~/Views/User/10124.vbhtml
~/Views/Shared/10124.cshtml
~/Views/Shared/10124.vbhtml

2018-02-05 18:46:57
Url：/User/User/CKfangka?id=10124
Message：未找到视图“10124”或其母版视图，或没有视图引擎支持搜索的位置。搜索了以下位置: 
~/Areas/User/Views/User/10124.aspx
~/Areas/User/Views/User/10124.ascx
~/Areas/User/Views/Shared/10124.aspx
~/Areas/User/Views/Shared/10124.ascx
~/Views/User/10124.aspx
~/Views/User/10124.ascx
~/Views/Shared/10124.aspx
~/Views/Shared/10124.ascx
~/Areas/User/Views/User/10124.cshtml
~/Areas/User/Views/User/10124.vbhtml
~/Areas/User/Views/Shared/10124.cshtml
~/Areas/User/Views/Shared/10124.vbhtml
~/Views/User/10124.cshtml
~/Views/User/10124.vbhtml
~/Views/Shared/10124.cshtml
~/Views/Shared/10124.vbhtml

2018-02-05 18:47:02
Url：/User/User/CKfangka?id=10124
Message：未找到视图“10124”或其母版视图，或没有视图引擎支持搜索的位置。搜索了以下位置: 
~/Areas/User/Views/User/10124.aspx
~/Areas/User/Views/User/10124.ascx
~/Areas/User/Views/Shared/10124.aspx
~/Areas/User/Views/Shared/10124.ascx
~/Views/User/10124.aspx
~/Views/User/10124.ascx
~/Views/Shared/10124.aspx
~/Views/Shared/10124.ascx
~/Areas/User/Views/User/10124.cshtml
~/Areas/User/Views/User/10124.vbhtml
~/Areas/User/Views/Shared/10124.cshtml
~/Areas/User/Views/Shared/10124.vbhtml
~/Views/User/10124.cshtml
~/Views/User/10124.vbhtml
~/Views/Shared/10124.cshtml
~/Views/Shared/10124.vbhtml

2018-02-05 18:47:02
Url：/User/User/CKfangka?id=10124
Message：未找到视图“10124”或其母版视图，或没有视图引擎支持搜索的位置。搜索了以下位置: 
~/Areas/User/Views/User/10124.aspx
~/Areas/User/Views/User/10124.ascx
~/Areas/User/Views/Shared/10124.aspx
~/Areas/User/Views/Shared/10124.ascx
~/Views/User/10124.aspx
~/Views/User/10124.ascx
~/Views/Shared/10124.aspx
~/Views/Shared/10124.ascx
~/Areas/User/Views/User/10124.cshtml
~/Areas/User/Views/User/10124.vbhtml
~/Areas/User/Views/Shared/10124.cshtml
~/Areas/User/Views/Shared/10124.vbhtml
~/Views/User/10124.cshtml
~/Views/User/10124.vbhtml
~/Views/Shared/10124.cshtml
~/Views/Shared/10124.vbhtml

2018-02-05 18:47:17
Url：/User/User/CKfangka?id=10124
Message：未找到视图“10124”或其母版视图，或没有视图引擎支持搜索的位置。搜索了以下位置: 
~/Areas/User/Views/User/10124.aspx
~/Areas/User/Views/User/10124.ascx
~/Areas/User/Views/Shared/10124.aspx
~/Areas/User/Views/Shared/10124.ascx
~/Views/User/10124.aspx
~/Views/User/10124.ascx
~/Views/Shared/10124.aspx
~/Views/Shared/10124.ascx
~/Areas/User/Views/User/10124.cshtml
~/Areas/User/Views/User/10124.vbhtml
~/Areas/User/Views/Shared/10124.cshtml
~/Areas/User/Views/Shared/10124.vbhtml
~/Views/User/10124.cshtml
~/Views/User/10124.vbhtml
~/Views/Shared/10124.cshtml
~/Views/Shared/10124.vbhtml

2018-02-05 18:47:17
Url：/User/User/CKfangka?id=10124
Message：未找到视图“10124”或其母版视图，或没有视图引擎支持搜索的位置。搜索了以下位置: 
~/Areas/User/Views/User/10124.aspx
~/Areas/User/Views/User/10124.ascx
~/Areas/User/Views/Shared/10124.aspx
~/Areas/User/Views/Shared/10124.ascx
~/Views/User/10124.aspx
~/Views/User/10124.ascx
~/Views/Shared/10124.aspx
~/Views/Shared/10124.ascx
~/Areas/User/Views/User/10124.cshtml
~/Areas/User/Views/User/10124.vbhtml
~/Areas/User/Views/Shared/10124.cshtml
~/Areas/User/Views/Shared/10124.vbhtml
~/Views/User/10124.cshtml
~/Views/User/10124.vbhtml
~/Views/Shared/10124.cshtml
~/Views/Shared/10124.vbhtml

2018-02-05 18:47:25
Url：/User/User/CKfangka?id=10131
Message：未找到视图“10131”或其母版视图，或没有视图引擎支持搜索的位置。搜索了以下位置: 
~/Areas/User/Views/User/10131.aspx
~/Areas/User/Views/User/10131.ascx
~/Areas/User/Views/Shared/10131.aspx
~/Areas/User/Views/Shared/10131.ascx
~/Views/User/10131.aspx
~/Views/User/10131.ascx
~/Views/Shared/10131.aspx
~/Views/Shared/10131.ascx
~/Areas/User/Views/User/10131.cshtml
~/Areas/User/Views/User/10131.vbhtml
~/Areas/User/Views/Shared/10131.cshtml
~/Areas/User/Views/Shared/10131.vbhtml
~/Views/User/10131.cshtml
~/Views/User/10131.vbhtml
~/Views/Shared/10131.cshtml
~/Views/Shared/10131.vbhtml

2018-02-05 18:47:25
Url：/User/User/CKfangka?id=10131
Message：未找到视图“10131”或其母版视图，或没有视图引擎支持搜索的位置。搜索了以下位置: 
~/Areas/User/Views/User/10131.aspx
~/Areas/User/Views/User/10131.ascx
~/Areas/User/Views/Shared/10131.aspx
~/Areas/User/Views/Shared/10131.ascx
~/Views/User/10131.aspx
~/Views/User/10131.ascx
~/Views/Shared/10131.aspx
~/Views/Shared/10131.ascx
~/Areas/User/Views/User/10131.cshtml
~/Areas/User/Views/User/10131.vbhtml
~/Areas/User/Views/Shared/10131.cshtml
~/Areas/User/Views/Shared/10131.vbhtml
~/Views/User/10131.cshtml
~/Views/User/10131.vbhtml
~/Views/Shared/10131.cshtml
~/Views/Shared/10131.vbhtml

2018-02-05 18:47:58
Url：/User/User/CKfangka?id=10131
Message：未找到视图“10131”或其母版视图，或没有视图引擎支持搜索的位置。搜索了以下位置: 
~/Areas/User/Views/User/10131.aspx
~/Areas/User/Views/User/10131.ascx
~/Areas/User/Views/Shared/10131.aspx
~/Areas/User/Views/Shared/10131.ascx
~/Views/User/10131.aspx
~/Views/User/10131.ascx
~/Views/Shared/10131.aspx
~/Views/Shared/10131.ascx
~/Areas/User/Views/User/10131.cshtml
~/Areas/User/Views/User/10131.vbhtml
~/Areas/User/Views/Shared/10131.cshtml
~/Areas/User/Views/Shared/10131.vbhtml
~/Views/User/10131.cshtml
~/Views/User/10131.vbhtml
~/Views/Shared/10131.cshtml
~/Views/Shared/10131.vbhtml

2018-02-05 18:47:58
Url：/User/User/CKfangka?id=10131
Message：未找到视图“10131”或其母版视图，或没有视图引擎支持搜索的位置。搜索了以下位置: 
~/Areas/User/Views/User/10131.aspx
~/Areas/User/Views/User/10131.ascx
~/Areas/User/Views/Shared/10131.aspx
~/Areas/User/Views/Shared/10131.ascx
~/Views/User/10131.aspx
~/Views/User/10131.ascx
~/Views/Shared/10131.aspx
~/Views/Shared/10131.ascx
~/Areas/User/Views/User/10131.cshtml
~/Areas/User/Views/User/10131.vbhtml
~/Areas/User/Views/Shared/10131.cshtml
~/Areas/User/Views/Shared/10131.vbhtml
~/Views/User/10131.cshtml
~/Views/User/10131.vbhtml
~/Views/Shared/10131.cshtml
~/Views/Shared/10131.vbhtml

2018-02-05 18:48:00
Url：/User/User/CKfangka?id=10129
Message：未找到视图“10129”或其母版视图，或没有视图引擎支持搜索的位置。搜索了以下位置: 
~/Areas/User/Views/User/10129.aspx
~/Areas/User/Views/User/10129.ascx
~/Areas/User/Views/Shared/10129.aspx
~/Areas/User/Views/Shared/10129.ascx
~/Views/User/10129.aspx
~/Views/User/10129.ascx
~/Views/Shared/10129.aspx
~/Views/Shared/10129.ascx
~/Areas/User/Views/User/10129.cshtml
~/Areas/User/Views/User/10129.vbhtml
~/Areas/User/Views/Shared/10129.cshtml
~/Areas/User/Views/Shared/10129.vbhtml
~/Views/User/10129.cshtml
~/Views/User/10129.vbhtml
~/Views/Shared/10129.cshtml
~/Views/Shared/10129.vbhtml

2018-02-05 18:48:00
Url：/User/User/CKfangka?id=10129
Message：未找到视图“10129”或其母版视图，或没有视图引擎支持搜索的位置。搜索了以下位置: 
~/Areas/User/Views/User/10129.aspx
~/Areas/User/Views/User/10129.ascx
~/Areas/User/Views/Shared/10129.aspx
~/Areas/User/Views/Shared/10129.ascx
~/Views/User/10129.aspx
~/Views/User/10129.ascx
~/Views/Shared/10129.aspx
~/Views/Shared/10129.ascx
~/Areas/User/Views/User/10129.cshtml
~/Areas/User/Views/User/10129.vbhtml
~/Areas/User/Views/Shared/10129.cshtml
~/Areas/User/Views/Shared/10129.vbhtml
~/Views/User/10129.cshtml
~/Views/User/10129.vbhtml
~/Views/Shared/10129.cshtml
~/Views/Shared/10129.vbhtml

2018-02-05 18:48:07
Url：/User/User/CKfangka?id=10127
Message：未找到视图“10127”或其母版视图，或没有视图引擎支持搜索的位置。搜索了以下位置: 
~/Areas/User/Views/User/10127.aspx
~/Areas/User/Views/User/10127.ascx
~/Areas/User/Views/Shared/10127.aspx
~/Areas/User/Views/Shared/10127.ascx
~/Views/User/10127.aspx
~/Views/User/10127.ascx
~/Views/Shared/10127.aspx
~/Views/Shared/10127.ascx
~/Areas/User/Views/User/10127.cshtml
~/Areas/User/Views/User/10127.vbhtml
~/Areas/User/Views/Shared/10127.cshtml
~/Areas/User/Views/Shared/10127.vbhtml
~/Views/User/10127.cshtml
~/Views/User/10127.vbhtml
~/Views/Shared/10127.cshtml
~/Views/Shared/10127.vbhtml

2018-02-05 18:48:07
Url：/User/User/CKfangka?id=10127
Message：未找到视图“10127”或其母版视图，或没有视图引擎支持搜索的位置。搜索了以下位置: 
~/Areas/User/Views/User/10127.aspx
~/Areas/User/Views/User/10127.ascx
~/Areas/User/Views/Shared/10127.aspx
~/Areas/User/Views/Shared/10127.ascx
~/Views/User/10127.aspx
~/Views/User/10127.ascx
~/Views/Shared/10127.aspx
~/Views/Shared/10127.ascx
~/Areas/User/Views/User/10127.cshtml
~/Areas/User/Views/User/10127.vbhtml
~/Areas/User/Views/Shared/10127.cshtml
~/Areas/User/Views/Shared/10127.vbhtml
~/Views/User/10127.cshtml
~/Views/User/10127.vbhtml
~/Views/Shared/10127.cshtml
~/Views/Shared/10127.vbhtml

2018-02-05 18:48:40
Url：/User/User/CKfangka?id=10127
Message：未找到视图“10127”或其母版视图，或没有视图引擎支持搜索的位置。搜索了以下位置: 
~/Areas/User/Views/User/10127.aspx
~/Areas/User/Views/User/10127.ascx
~/Areas/User/Views/Shared/10127.aspx
~/Areas/User/Views/Shared/10127.ascx
~/Views/User/10127.aspx
~/Views/User/10127.ascx
~/Views/Shared/10127.aspx
~/Views/Shared/10127.ascx
~/Areas/User/Views/User/10127.cshtml
~/Areas/User/Views/User/10127.vbhtml
~/Areas/User/Views/Shared/10127.cshtml
~/Areas/User/Views/Shared/10127.vbhtml
~/Views/User/10127.cshtml
~/Views/User/10127.vbhtml
~/Views/Shared/10127.cshtml
~/Views/Shared/10127.vbhtml

2018-02-05 18:48:40
Url：/User/User/CKfangka?id=10127
Message：未找到视图“10127”或其母版视图，或没有视图引擎支持搜索的位置。搜索了以下位置: 
~/Areas/User/Views/User/10127.aspx
~/Areas/User/Views/User/10127.ascx
~/Areas/User/Views/Shared/10127.aspx
~/Areas/User/Views/Shared/10127.ascx
~/Views/User/10127.aspx
~/Views/User/10127.ascx
~/Views/Shared/10127.aspx
~/Views/Shared/10127.ascx
~/Areas/User/Views/User/10127.cshtml
~/Areas/User/Views/User/10127.vbhtml
~/Areas/User/Views/Shared/10127.cshtml
~/Areas/User/Views/Shared/10127.vbhtml
~/Views/User/10127.cshtml
~/Views/User/10127.vbhtml
~/Views/Shared/10127.cshtml
~/Views/Shared/10127.vbhtml

2018-02-05 18:49:00
Url：/User/User/CKfangka?id=10127
Message：未找到视图“10127”或其母版视图，或没有视图引擎支持搜索的位置。搜索了以下位置: 
~/Areas/User/Views/User/10127.aspx
~/Areas/User/Views/User/10127.ascx
~/Areas/User/Views/Shared/10127.aspx
~/Areas/User/Views/Shared/10127.ascx
~/Views/User/10127.aspx
~/Views/User/10127.ascx
~/Views/Shared/10127.aspx
~/Views/Shared/10127.ascx
~/Areas/User/Views/User/10127.cshtml
~/Areas/User/Views/User/10127.vbhtml
~/Areas/User/Views/Shared/10127.cshtml
~/Areas/User/Views/Shared/10127.vbhtml
~/Views/User/10127.cshtml
~/Views/User/10127.vbhtml
~/Views/Shared/10127.cshtml
~/Views/Shared/10127.vbhtml

2018-02-05 18:49:00
Url：/User/User/CKfangka?id=10127
Message：未找到视图“10127”或其母版视图，或没有视图引擎支持搜索的位置。搜索了以下位置: 
~/Areas/User/Views/User/10127.aspx
~/Areas/User/Views/User/10127.ascx
~/Areas/User/Views/Shared/10127.aspx
~/Areas/User/Views/Shared/10127.ascx
~/Views/User/10127.aspx
~/Views/User/10127.ascx
~/Views/Shared/10127.aspx
~/Views/Shared/10127.ascx
~/Areas/User/Views/User/10127.cshtml
~/Areas/User/Views/User/10127.vbhtml
~/Areas/User/Views/Shared/10127.cshtml
~/Areas/User/Views/Shared/10127.vbhtml
~/Views/User/10127.cshtml
~/Views/User/10127.vbhtml
~/Views/Shared/10127.cshtml
~/Views/Shared/10127.vbhtml

2018-02-05 18:49:08
Url：/User/User/CKfangka?id=10125
Message：未找到视图“10125”或其母版视图，或没有视图引擎支持搜索的位置。搜索了以下位置: 
~/Areas/User/Views/User/10125.aspx
~/Areas/User/Views/User/10125.ascx
~/Areas/User/Views/Shared/10125.aspx
~/Areas/User/Views/Shared/10125.ascx
~/Views/User/10125.aspx
~/Views/User/10125.ascx
~/Views/Shared/10125.aspx
~/Views/Shared/10125.ascx
~/Areas/User/Views/User/10125.cshtml
~/Areas/User/Views/User/10125.vbhtml
~/Areas/User/Views/Shared/10125.cshtml
~/Areas/User/Views/Shared/10125.vbhtml
~/Views/User/10125.cshtml
~/Views/User/10125.vbhtml
~/Views/Shared/10125.cshtml
~/Views/Shared/10125.vbhtml

2018-02-05 18:49:08
Url：/User/User/CKfangka?id=10125
Message：未找到视图“10125”或其母版视图，或没有视图引擎支持搜索的位置。搜索了以下位置: 
~/Areas/User/Views/User/10125.aspx
~/Areas/User/Views/User/10125.ascx
~/Areas/User/Views/Shared/10125.aspx
~/Areas/User/Views/Shared/10125.ascx
~/Views/User/10125.aspx
~/Views/User/10125.ascx
~/Views/Shared/10125.aspx
~/Views/Shared/10125.ascx
~/Areas/User/Views/User/10125.cshtml
~/Areas/User/Views/User/10125.vbhtml
~/Areas/User/Views/Shared/10125.cshtml
~/Areas/User/Views/Shared/10125.vbhtml
~/Views/User/10125.cshtml
~/Views/User/10125.vbhtml
~/Views/Shared/10125.cshtml
~/Views/Shared/10125.vbhtml

2018-02-05 18:49:39
Url：/User/User/CKfangka?id=12
Message：未找到视图“12”或其母版视图，或没有视图引擎支持搜索的位置。搜索了以下位置: 
~/Areas/User/Views/User/12.aspx
~/Areas/User/Views/User/12.ascx
~/Areas/User/Views/Shared/12.aspx
~/Areas/User/Views/Shared/12.ascx
~/Views/User/12.aspx
~/Views/User/12.ascx
~/Views/Shared/12.aspx
~/Views/Shared/12.ascx
~/Areas/User/Views/User/12.cshtml
~/Areas/User/Views/User/12.vbhtml
~/Areas/User/Views/Shared/12.cshtml
~/Areas/User/Views/Shared/12.vbhtml
~/Views/User/12.cshtml
~/Views/User/12.vbhtml
~/Views/Shared/12.cshtml
~/Views/Shared/12.vbhtml

2018-02-05 18:49:39
Url：/User/User/CKfangka?id=12
Message：未找到视图“12”或其母版视图，或没有视图引擎支持搜索的位置。搜索了以下位置: 
~/Areas/User/Views/User/12.aspx
~/Areas/User/Views/User/12.ascx
~/Areas/User/Views/Shared/12.aspx
~/Areas/User/Views/Shared/12.ascx
~/Views/User/12.aspx
~/Views/User/12.ascx
~/Views/Shared/12.aspx
~/Views/Shared/12.ascx
~/Areas/User/Views/User/12.cshtml
~/Areas/User/Views/User/12.vbhtml
~/Areas/User/Views/Shared/12.cshtml
~/Areas/User/Views/Shared/12.vbhtml
~/Views/User/12.cshtml
~/Views/User/12.vbhtml
~/Views/Shared/12.cshtml
~/Views/Shared/12.vbhtml

2018-02-05 18:49:46
Url：/User/User/CKfangka?id=csdc
Message：未找到视图“csdc”或其母版视图，或没有视图引擎支持搜索的位置。搜索了以下位置: 
~/Areas/User/Views/User/csdc.aspx
~/Areas/User/Views/User/csdc.ascx
~/Areas/User/Views/Shared/csdc.aspx
~/Areas/User/Views/Shared/csdc.ascx
~/Views/User/csdc.aspx
~/Views/User/csdc.ascx
~/Views/Shared/csdc.aspx
~/Views/Shared/csdc.ascx
~/Areas/User/Views/User/csdc.cshtml
~/Areas/User/Views/User/csdc.vbhtml
~/Areas/User/Views/Shared/csdc.cshtml
~/Areas/User/Views/Shared/csdc.vbhtml
~/Views/User/csdc.cshtml
~/Views/User/csdc.vbhtml
~/Views/Shared/csdc.cshtml
~/Views/Shared/csdc.vbhtml

2018-02-05 18:49:46
Url：/User/User/CKfangka?id=csdc
Message：未找到视图“csdc”或其母版视图，或没有视图引擎支持搜索的位置。搜索了以下位置: 
~/Areas/User/Views/User/csdc.aspx
~/Areas/User/Views/User/csdc.ascx
~/Areas/User/Views/Shared/csdc.aspx
~/Areas/User/Views/Shared/csdc.ascx
~/Views/User/csdc.aspx
~/Views/User/csdc.ascx
~/Views/Shared/csdc.aspx
~/Views/Shared/csdc.ascx
~/Areas/User/Views/User/csdc.cshtml
~/Areas/User/Views/User/csdc.vbhtml
~/Areas/User/Views/Shared/csdc.cshtml
~/Areas/User/Views/Shared/csdc.vbhtml
~/Views/User/csdc.cshtml
~/Views/User/csdc.vbhtml
~/Views/Shared/csdc.cshtml
~/Views/Shared/csdc.vbhtml

2018-02-05 18:49:51
Url：/User/User/CKfangka?id=zxcczcvsd
Message：未找到视图“zxcczcvsd”或其母版视图，或没有视图引擎支持搜索的位置。搜索了以下位置: 
~/Areas/User/Views/User/zxcczcvsd.aspx
~/Areas/User/Views/User/zxcczcvsd.ascx
~/Areas/User/Views/Shared/zxcczcvsd.aspx
~/Areas/User/Views/Shared/zxcczcvsd.ascx
~/Views/User/zxcczcvsd.aspx
~/Views/User/zxcczcvsd.ascx
~/Views/Shared/zxcczcvsd.aspx
~/Views/Shared/zxcczcvsd.ascx
~/Areas/User/Views/User/zxcczcvsd.cshtml
~/Areas/User/Views/User/zxcczcvsd.vbhtml
~/Areas/User/Views/Shared/zxcczcvsd.cshtml
~/Areas/User/Views/Shared/zxcczcvsd.vbhtml
~/Views/User/zxcczcvsd.cshtml
~/Views/User/zxcczcvsd.vbhtml
~/Views/Shared/zxcczcvsd.cshtml
~/Views/Shared/zxcczcvsd.vbhtml

2018-02-05 18:49:51
Url：/User/User/CKfangka?id=zxcczcvsd
Message：未找到视图“zxcczcvsd”或其母版视图，或没有视图引擎支持搜索的位置。搜索了以下位置: 
~/Areas/User/Views/User/zxcczcvsd.aspx
~/Areas/User/Views/User/zxcczcvsd.ascx
~/Areas/User/Views/Shared/zxcczcvsd.aspx
~/Areas/User/Views/Shared/zxcczcvsd.ascx
~/Views/User/zxcczcvsd.aspx
~/Views/User/zxcczcvsd.ascx
~/Views/Shared/zxcczcvsd.aspx
~/Views/Shared/zxcczcvsd.ascx
~/Areas/User/Views/User/zxcczcvsd.cshtml
~/Areas/User/Views/User/zxcczcvsd.vbhtml
~/Areas/User/Views/Shared/zxcczcvsd.cshtml
~/Areas/User/Views/Shared/zxcczcvsd.vbhtml
~/Views/User/zxcczcvsd.cshtml
~/Views/User/zxcczcvsd.vbhtml
~/Views/Shared/zxcczcvsd.cshtml
~/Views/Shared/zxcczcvsd.vbhtml

2018-02-05 18:50:09
Url：/User/User/CKfangka?id=scsc
Message：未找到视图“scsc”或其母版视图，或没有视图引擎支持搜索的位置。搜索了以下位置: 
~/Areas/User/Views/User/scsc.aspx
~/Areas/User/Views/User/scsc.ascx
~/Areas/User/Views/Shared/scsc.aspx
~/Areas/User/Views/Shared/scsc.ascx
~/Views/User/scsc.aspx
~/Views/User/scsc.ascx
~/Views/Shared/scsc.aspx
~/Views/Shared/scsc.ascx
~/Areas/User/Views/User/scsc.cshtml
~/Areas/User/Views/User/scsc.vbhtml
~/Areas/User/Views/Shared/scsc.cshtml
~/Areas/User/Views/Shared/scsc.vbhtml
~/Views/User/scsc.cshtml
~/Views/User/scsc.vbhtml
~/Views/Shared/scsc.cshtml
~/Views/Shared/scsc.vbhtml

2018-02-05 18:50:09
Url：/User/User/CKfangka?id=scsc
Message：未找到视图“scsc”或其母版视图，或没有视图引擎支持搜索的位置。搜索了以下位置: 
~/Areas/User/Views/User/scsc.aspx
~/Areas/User/Views/User/scsc.ascx
~/Areas/User/Views/Shared/scsc.aspx
~/Areas/User/Views/Shared/scsc.ascx
~/Views/User/scsc.aspx
~/Views/User/scsc.ascx
~/Views/Shared/scsc.aspx
~/Views/Shared/scsc.ascx
~/Areas/User/Views/User/scsc.cshtml
~/Areas/User/Views/User/scsc.vbhtml
~/Areas/User/Views/Shared/scsc.cshtml
~/Areas/User/Views/Shared/scsc.vbhtml
~/Views/User/scsc.cshtml
~/Views/User/scsc.vbhtml
~/Views/Shared/scsc.cshtml
~/Views/Shared/scsc.vbhtml

2018-02-05 18:50:17
Url：/User/User/CKfangka?id=%27scsc%27
Message：未找到视图“'scsc'”或其母版视图，或没有视图引擎支持搜索的位置。搜索了以下位置: 
~/Areas/User/Views/User/'scsc'.aspx
~/Areas/User/Views/User/'scsc'.ascx
~/Areas/User/Views/Shared/'scsc'.aspx
~/Areas/User/Views/Shared/'scsc'.ascx
~/Views/User/'scsc'.aspx
~/Views/User/'scsc'.ascx
~/Views/Shared/'scsc'.aspx
~/Views/Shared/'scsc'.ascx
~/Areas/User/Views/User/'scsc'.cshtml
~/Areas/User/Views/User/'scsc'.vbhtml
~/Areas/User/Views/Shared/'scsc'.cshtml
~/Areas/User/Views/Shared/'scsc'.vbhtml
~/Views/User/'scsc'.cshtml
~/Views/User/'scsc'.vbhtml
~/Views/Shared/'scsc'.cshtml
~/Views/Shared/'scsc'.vbhtml

2018-02-05 18:50:17
Url：/User/User/CKfangka?id=%27scsc%27
Message：未找到视图“'scsc'”或其母版视图，或没有视图引擎支持搜索的位置。搜索了以下位置: 
~/Areas/User/Views/User/'scsc'.aspx
~/Areas/User/Views/User/'scsc'.ascx
~/Areas/User/Views/Shared/'scsc'.aspx
~/Areas/User/Views/Shared/'scsc'.ascx
~/Views/User/'scsc'.aspx
~/Views/User/'scsc'.ascx
~/Views/Shared/'scsc'.aspx
~/Views/Shared/'scsc'.ascx
~/Areas/User/Views/User/'scsc'.cshtml
~/Areas/User/Views/User/'scsc'.vbhtml
~/Areas/User/Views/Shared/'scsc'.cshtml
~/Areas/User/Views/Shared/'scsc'.vbhtml
~/Views/User/'scsc'.cshtml
~/Views/User/'scsc'.vbhtml
~/Views/Shared/'scsc'.cshtml
~/Views/Shared/'scsc'.vbhtml

