2018-03-19 11:35:19
Url：/GameConfig/placardset/AddPlacard
Message：Table 'linyun_game.t_placardset' doesn't exist

2018-03-19 11:35:19
Url：/GameConfig/placardset/AddPlacard
Message：Table 'linyun_game.t_placardset' doesn't exist

2018-03-19 11:37:32
Url：/GameConfig/placardset/AddPlacard
Message：Table 'linyun_game.t_placardset' doesn't exist

2018-03-19 11:37:32
Url：/GameConfig/placardset/AddPlacard
Message：Table 'linyun_game.t_placardset' doesn't exist

2018-03-19 11:52:46
Url：/ClubModule/Club/SetClubConfig
Message：JSONHelper.JSONToObject(): 值不能为 null。
参数名: input

2018-03-19 11:52:46
Url：/ClubModule/Club/SetClubConfig
Message：JSONHelper.JSONToObject(): 值不能为 null。
参数名: input

2018-03-19 11:52:54
Url：/ClubModule/Club/SetClubConfig
Message：JSONHelper.JSONToObject(): 值不能为 null。
参数名: input

2018-03-19 11:52:54
Url：/ClubModule/Club/SetClubConfig
Message：JSONHelper.JSONToObject(): 值不能为 null。
参数名: input

2018-03-19 11:52:55
Url：/ClubModule/Club/SetClubConfig
Message：JSONHelper.JSONToObject(): 值不能为 null。
参数名: input

2018-03-19 11:52:55
Url：/ClubModule/Club/SetClubConfig
Message：JSONHelper.JSONToObject(): 值不能为 null。
参数名: input

2018-03-19 11:59:32
Url：/ClubModule/Agent/SetUserforAgent
Message：JSONHelper.JSONToObject(): 值不能为 null。
参数名: input

2018-03-19 11:59:32
Url：/ClubModule/Agent/SetUserforAgent
Message：JSONHelper.JSONToObject(): 值不能为 null。
参数名: input

2018-03-19 12:00:56
Url：/ClubModule/Club/SetClubConfig
Message：JSONHelper.JSONToObject(): 值不能为 null。
参数名: input

2018-03-19 12:00:56
Url：/ClubModule/Club/SetClubConfig
Message：JSONHelper.JSONToObject(): 值不能为 null。
参数名: input

2018-03-19 12:02:27
Url：/ClubModule/Agent/SetUserforAgent
Message：JSONHelper.JSONToObject(): 值不能为 null。
参数名: input

2018-03-19 12:02:27
Url：/ClubModule/Agent/SetUserforAgent
Message：JSONHelper.JSONToObject(): 值不能为 null。
参数名: input

2018-03-19 14:39:02
Url：/ClubModule/Club/GetClubUserPage?sdate=&edate=&clubID=10000000&keyword=&pagination=%7B%22rows%22%3A50%2C%22page%22%3A1%2C%22sidx%22%3A%22%22%2C%22sord%22%3A%22ASC%22%2C%22records%22%3A0%2C%22total%22%3A0%7D&_=1521441531998
Message：Error parsing column 5 (position=2 - Int16)

2018-03-19 14:39:02
Url：/ClubModule/Club/GetClubUserPage?sdate=&edate=&clubID=10000000&keyword=&pagination=%7B%22rows%22%3A50%2C%22page%22%3A1%2C%22sidx%22%3A%22%22%2C%22sord%22%3A%22ASC%22%2C%22records%22%3A0%2C%22total%22%3A0%7D&_=1521441531998
Message：Error parsing column 5 (position=2 - Int16)

2018-03-19 15:06:21
Url：/GameConfig/placardset/AddPlacard
Message：Incorrect datetime value: '0001-01-01 00:00:00 ' for column 'createTime' at row 1

2018-03-19 15:06:21
Url：/GameConfig/placardset/AddPlacard
Message：Incorrect datetime value: '0001-01-01 00:00:00 ' for column 'createTime' at row 1

2018-03-19 15:14:40
Url：/ClubModule/Club/GetClubUserPage?clubid=10000000&sdate=&edate=&keyword=&pagination=%7B%22rows%22%3A50%2C%22page%22%3A1%2C%22sidx%22%3A%22%22%2C%22sord%22%3A%22ASC%22%2C%22records%22%3A0%2C%22total%22%3A0%7D&_=1521443679325
Message：Error parsing column 5 (position=2 - Int16)

2018-03-19 15:14:41
Url：/ClubModule/Club/GetClubUserPage?clubid=10000000&sdate=&edate=&keyword=&pagination=%7B%22rows%22%3A50%2C%22page%22%3A1%2C%22sidx%22%3A%22%22%2C%22sord%22%3A%22ASC%22%2C%22records%22%3A0%2C%22total%22%3A0%7D&_=1521443679325
Message：Error parsing column 5 (position=2 - Int16)

2018-03-19 15:14:41
Url：/ClubModule/Club/GetClubUserPage?clubid=10000000&sdate=&edate=&keyword=&pagination=%7B%22rows%22%3A50%2C%22page%22%3A1%2C%22sidx%22%3A%22%22%2C%22sord%22%3A%22ASC%22%2C%22records%22%3A0%2C%22total%22%3A0%7D&_=1521443679326
Message：Error parsing column 5 (position=2 - Int16)

2018-03-19 15:14:41
Url：/ClubModule/Club/GetClubUserPage?clubid=10000000&sdate=&edate=&keyword=&pagination=%7B%22rows%22%3A50%2C%22page%22%3A1%2C%22sidx%22%3A%22%22%2C%22sord%22%3A%22ASC%22%2C%22records%22%3A0%2C%22total%22%3A0%7D&_=1521443679326
Message：Error parsing column 5 (position=2 - Int16)

2018-03-19 15:27:47
Url：/ClubModule/Club/GetClubUserPage?pagination=%7B%22rows%22%3A50%2C%22page%22%3A1%2C%22sidx%22%3A%22%22%2C%22sord%22%3A%22ASC%22%2C%22records%22%3A0%2C%22total%22%3A0%7D&_=1521444467850
Message：对于“Game.H5.Areas.ClubModule.Controllers.ClubController”中方法“System.Web.Mvc.ActionResult GetClubUserPage(System.String, Int32, System.String, System.String, System.String)”的不可以为 null 的类型“System.Int32”的参数“clubid”，参数字典包含一个 null 项。可选参数必须为引用类型、可以为 null 的类型或声明为可选参数。
参数名: parameters

2018-03-19 15:27:48
Url：/ClubModule/Club/GetClubUserPage?pagination=%7B%22rows%22%3A50%2C%22page%22%3A1%2C%22sidx%22%3A%22%22%2C%22sord%22%3A%22ASC%22%2C%22records%22%3A0%2C%22total%22%3A0%7D&_=1521444467850
Message：对于“Game.H5.Areas.ClubModule.Controllers.ClubController”中方法“System.Web.Mvc.ActionResult GetClubUserPage(System.String, Int32, System.String, System.String, System.String)”的不可以为 null 的类型“System.Int32”的参数“clubid”，参数字典包含一个 null 项。可选参数必须为引用类型、可以为 null 的类型或声明为可选参数。
参数名: parameters

2018-03-19 15:28:42
Url：/ClubModule/Club/GetClubUserPage?pagination=%7B%22rows%22%3A50%2C%22page%22%3A1%2C%22sidx%22%3A%22%22%2C%22sord%22%3A%22ASC%22%2C%22records%22%3A0%2C%22total%22%3A0%7D&_=1521444522836
Message：对于“Game.H5.Areas.ClubModule.Controllers.ClubController”中方法“System.Web.Mvc.ActionResult GetClubUserPage(System.String, Int32, System.String, System.String, System.String)”的不可以为 null 的类型“System.Int32”的参数“clubid”，参数字典包含一个 null 项。可选参数必须为引用类型、可以为 null 的类型或声明为可选参数。
参数名: parameters

2018-03-19 15:28:42
Url：/ClubModule/Club/GetClubUserPage?pagination=%7B%22rows%22%3A50%2C%22page%22%3A1%2C%22sidx%22%3A%22%22%2C%22sord%22%3A%22ASC%22%2C%22records%22%3A0%2C%22total%22%3A0%7D&_=1521444522836
Message：对于“Game.H5.Areas.ClubModule.Controllers.ClubController”中方法“System.Web.Mvc.ActionResult GetClubUserPage(System.String, Int32, System.String, System.String, System.String)”的不可以为 null 的类型“System.Int32”的参数“clubid”，参数字典包含一个 null 项。可选参数必须为引用类型、可以为 null 的类型或声明为可选参数。
参数名: parameters

2018-03-19 15:29:38
Url：/ClubModule/Club/GetClubUserPage?pagination=%7B%22rows%22%3A50%2C%22page%22%3A1%2C%22sidx%22%3A%22%22%2C%22sord%22%3A%22ASC%22%2C%22records%22%3A0%2C%22total%22%3A0%7D&_=1521444577967
Message：对于“Game.H5.Areas.ClubModule.Controllers.ClubController”中方法“System.Web.Mvc.ActionResult GetClubUserPage(System.String, Int32, System.String, System.String, System.String)”的不可以为 null 的类型“System.Int32”的参数“clubid”，参数字典包含一个 null 项。可选参数必须为引用类型、可以为 null 的类型或声明为可选参数。
参数名: parameters

2018-03-19 15:29:38
Url：/ClubModule/Club/GetClubUserPage?pagination=%7B%22rows%22%3A50%2C%22page%22%3A1%2C%22sidx%22%3A%22%22%2C%22sord%22%3A%22ASC%22%2C%22records%22%3A0%2C%22total%22%3A0%7D&_=1521444577967
Message：对于“Game.H5.Areas.ClubModule.Controllers.ClubController”中方法“System.Web.Mvc.ActionResult GetClubUserPage(System.String, Int32, System.String, System.String, System.String)”的不可以为 null 的类型“System.Int32”的参数“clubid”，参数字典包含一个 null 项。可选参数必须为引用类型、可以为 null 的类型或声明为可选参数。
参数名: parameters

2018-03-19 15:30:04
Url：/ClubModule/Club/GetClubUserPage?pagination=%7B%22rows%22%3A50%2C%22page%22%3A1%2C%22sidx%22%3A%22%22%2C%22sord%22%3A%22ASC%22%2C%22records%22%3A0%2C%22total%22%3A0%7D&_=1521444604896
Message：对于“Game.H5.Areas.ClubModule.Controllers.ClubController”中方法“System.Web.Mvc.ActionResult GetClubUserPage(System.String, Int32, System.String, System.String, System.String)”的不可以为 null 的类型“System.Int32”的参数“clubid”，参数字典包含一个 null 项。可选参数必须为引用类型、可以为 null 的类型或声明为可选参数。
参数名: parameters

2018-03-19 15:30:04
Url：/ClubModule/Club/GetClubUserPage?pagination=%7B%22rows%22%3A50%2C%22page%22%3A1%2C%22sidx%22%3A%22%22%2C%22sord%22%3A%22ASC%22%2C%22records%22%3A0%2C%22total%22%3A0%7D&_=1521444604896
Message：对于“Game.H5.Areas.ClubModule.Controllers.ClubController”中方法“System.Web.Mvc.ActionResult GetClubUserPage(System.String, Int32, System.String, System.String, System.String)”的不可以为 null 的类型“System.Int32”的参数“clubid”，参数字典包含一个 null 项。可选参数必须为引用类型、可以为 null 的类型或声明为可选参数。
参数名: parameters

2018-03-19 15:30:18
Url：/ClubModule/Club/GetClubUserPage?pagination=%7B%22rows%22%3A50%2C%22page%22%3A1%2C%22sidx%22%3A%22%22%2C%22sord%22%3A%22ASC%22%2C%22records%22%3A0%2C%22total%22%3A0%7D&_=1521444618687
Message：对于“Game.H5.Areas.ClubModule.Controllers.ClubController”中方法“System.Web.Mvc.ActionResult GetClubUserPage(System.String, Int32, System.String, System.String, System.String)”的不可以为 null 的类型“System.Int32”的参数“clubid”，参数字典包含一个 null 项。可选参数必须为引用类型、可以为 null 的类型或声明为可选参数。
参数名: parameters

2018-03-19 15:30:18
Url：/ClubModule/Club/GetClubUserPage?pagination=%7B%22rows%22%3A50%2C%22page%22%3A1%2C%22sidx%22%3A%22%22%2C%22sord%22%3A%22ASC%22%2C%22records%22%3A0%2C%22total%22%3A0%7D&_=1521444618687
Message：对于“Game.H5.Areas.ClubModule.Controllers.ClubController”中方法“System.Web.Mvc.ActionResult GetClubUserPage(System.String, Int32, System.String, System.String, System.String)”的不可以为 null 的类型“System.Int32”的参数“clubid”，参数字典包含一个 null 项。可选参数必须为引用类型、可以为 null 的类型或声明为可选参数。
参数名: parameters

2018-03-19 15:30:23
Url：/ClubModule/Club/GetClubUserPage?pagination=%7B%22rows%22%3A50%2C%22page%22%3A1%2C%22sidx%22%3A%22%22%2C%22sord%22%3A%22ASC%22%2C%22records%22%3A0%2C%22total%22%3A0%7D&_=1521444623068
Message：对于“Game.H5.Areas.ClubModule.Controllers.ClubController”中方法“System.Web.Mvc.ActionResult GetClubUserPage(System.String, Int32, System.String, System.String, System.String)”的不可以为 null 的类型“System.Int32”的参数“clubid”，参数字典包含一个 null 项。可选参数必须为引用类型、可以为 null 的类型或声明为可选参数。
参数名: parameters

2018-03-19 15:30:23
Url：/ClubModule/Club/GetClubUserPage?pagination=%7B%22rows%22%3A50%2C%22page%22%3A1%2C%22sidx%22%3A%22%22%2C%22sord%22%3A%22ASC%22%2C%22records%22%3A0%2C%22total%22%3A0%7D&_=1521444623068
Message：对于“Game.H5.Areas.ClubModule.Controllers.ClubController”中方法“System.Web.Mvc.ActionResult GetClubUserPage(System.String, Int32, System.String, System.String, System.String)”的不可以为 null 的类型“System.Int32”的参数“clubid”，参数字典包含一个 null 项。可选参数必须为引用类型、可以为 null 的类型或声明为可选参数。
参数名: parameters

2018-03-19 15:30:27
Url：/ClubModule/Club/GetClubUserPage?pagination=%7B%22rows%22%3A50%2C%22page%22%3A1%2C%22sidx%22%3A%22%22%2C%22sord%22%3A%22ASC%22%2C%22records%22%3A0%2C%22total%22%3A0%7D&_=1521444627167
Message：对于“Game.H5.Areas.ClubModule.Controllers.ClubController”中方法“System.Web.Mvc.ActionResult GetClubUserPage(System.String, Int32, System.String, System.String, System.String)”的不可以为 null 的类型“System.Int32”的参数“clubid”，参数字典包含一个 null 项。可选参数必须为引用类型、可以为 null 的类型或声明为可选参数。
参数名: parameters

2018-03-19 15:30:27
Url：/ClubModule/Club/GetClubUserPage?pagination=%7B%22rows%22%3A50%2C%22page%22%3A1%2C%22sidx%22%3A%22%22%2C%22sord%22%3A%22ASC%22%2C%22records%22%3A0%2C%22total%22%3A0%7D&_=1521444627167
Message：对于“Game.H5.Areas.ClubModule.Controllers.ClubController”中方法“System.Web.Mvc.ActionResult GetClubUserPage(System.String, Int32, System.String, System.String, System.String)”的不可以为 null 的类型“System.Int32”的参数“clubid”，参数字典包含一个 null 项。可选参数必须为引用类型、可以为 null 的类型或声明为可选参数。
参数名: parameters

2018-03-19 15:31:50
Url：/ClubModule/Club/GetClubUserPage?pagination=%7B%22rows%22%3A50%2C%22page%22%3A1%2C%22sidx%22%3A%22%22%2C%22sord%22%3A%22ASC%22%2C%22records%22%3A0%2C%22total%22%3A0%7D&_=1521444710583
Message：对于“Game.H5.Areas.ClubModule.Controllers.ClubController”中方法“System.Web.Mvc.ActionResult GetClubUserPage(System.String, Int32, System.String, System.String, System.String)”的不可以为 null 的类型“System.Int32”的参数“clubid”，参数字典包含一个 null 项。可选参数必须为引用类型、可以为 null 的类型或声明为可选参数。
参数名: parameters

2018-03-19 15:31:50
Url：/ClubModule/Club/GetClubUserPage?pagination=%7B%22rows%22%3A50%2C%22page%22%3A1%2C%22sidx%22%3A%22%22%2C%22sord%22%3A%22ASC%22%2C%22records%22%3A0%2C%22total%22%3A0%7D&_=1521444710583
Message：对于“Game.H5.Areas.ClubModule.Controllers.ClubController”中方法“System.Web.Mvc.ActionResult GetClubUserPage(System.String, Int32, System.String, System.String, System.String)”的不可以为 null 的类型“System.Int32”的参数“clubid”，参数字典包含一个 null 项。可选参数必须为引用类型、可以为 null 的类型或声明为可选参数。
参数名: parameters

2018-03-19 15:31:51
Url：/ClubModule/Club/GetClubUserPage?pagination=%7B%22rows%22%3A50%2C%22page%22%3A1%2C%22sidx%22%3A%22%22%2C%22sord%22%3A%22ASC%22%2C%22records%22%3A0%2C%22total%22%3A0%7D&_=1521444711662
Message：对于“Game.H5.Areas.ClubModule.Controllers.ClubController”中方法“System.Web.Mvc.ActionResult GetClubUserPage(System.String, Int32, System.String, System.String, System.String)”的不可以为 null 的类型“System.Int32”的参数“clubid”，参数字典包含一个 null 项。可选参数必须为引用类型、可以为 null 的类型或声明为可选参数。
参数名: parameters

2018-03-19 15:31:51
Url：/ClubModule/Club/GetClubUserPage?pagination=%7B%22rows%22%3A50%2C%22page%22%3A1%2C%22sidx%22%3A%22%22%2C%22sord%22%3A%22ASC%22%2C%22records%22%3A0%2C%22total%22%3A0%7D&_=1521444711662
Message：对于“Game.H5.Areas.ClubModule.Controllers.ClubController”中方法“System.Web.Mvc.ActionResult GetClubUserPage(System.String, Int32, System.String, System.String, System.String)”的不可以为 null 的类型“System.Int32”的参数“clubid”，参数字典包含一个 null 项。可选参数必须为引用类型、可以为 null 的类型或声明为可选参数。
参数名: parameters

2018-03-19 15:31:53
Url：/ClubModule/Club/GetClubUserPage?pagination=%7B%22rows%22%3A50%2C%22page%22%3A1%2C%22sidx%22%3A%22%22%2C%22sord%22%3A%22ASC%22%2C%22records%22%3A0%2C%22total%22%3A0%7D&_=1521444713024
Message：对于“Game.H5.Areas.ClubModule.Controllers.ClubController”中方法“System.Web.Mvc.ActionResult GetClubUserPage(System.String, Int32, System.String, System.String, System.String)”的不可以为 null 的类型“System.Int32”的参数“clubid”，参数字典包含一个 null 项。可选参数必须为引用类型、可以为 null 的类型或声明为可选参数。
参数名: parameters

2018-03-19 15:31:53
Url：/ClubModule/Club/GetClubUserPage?pagination=%7B%22rows%22%3A50%2C%22page%22%3A1%2C%22sidx%22%3A%22%22%2C%22sord%22%3A%22ASC%22%2C%22records%22%3A0%2C%22total%22%3A0%7D&_=1521444713024
Message：对于“Game.H5.Areas.ClubModule.Controllers.ClubController”中方法“System.Web.Mvc.ActionResult GetClubUserPage(System.String, Int32, System.String, System.String, System.String)”的不可以为 null 的类型“System.Int32”的参数“clubid”，参数字典包含一个 null 项。可选参数必须为引用类型、可以为 null 的类型或声明为可选参数。
参数名: parameters

2018-03-19 15:32:13
Url：/ClubModule/Club/GetClubUserPage?pagination=%7B%22rows%22%3A50%2C%22page%22%3A1%2C%22sidx%22%3A%22%22%2C%22sord%22%3A%22ASC%22%2C%22records%22%3A0%2C%22total%22%3A0%7D&_=1521444732989
Message：对于“Game.H5.Areas.ClubModule.Controllers.ClubController”中方法“System.Web.Mvc.ActionResult GetClubUserPage(System.String, Int32, System.String, System.String, System.String)”的不可以为 null 的类型“System.Int32”的参数“clubid”，参数字典包含一个 null 项。可选参数必须为引用类型、可以为 null 的类型或声明为可选参数。
参数名: parameters

2018-03-19 15:32:13
Url：/ClubModule/Club/GetClubUserPage?pagination=%7B%22rows%22%3A50%2C%22page%22%3A1%2C%22sidx%22%3A%22%22%2C%22sord%22%3A%22ASC%22%2C%22records%22%3A0%2C%22total%22%3A0%7D&_=1521444732989
Message：对于“Game.H5.Areas.ClubModule.Controllers.ClubController”中方法“System.Web.Mvc.ActionResult GetClubUserPage(System.String, Int32, System.String, System.String, System.String)”的不可以为 null 的类型“System.Int32”的参数“clubid”，参数字典包含一个 null 项。可选参数必须为引用类型、可以为 null 的类型或声明为可选参数。
参数名: parameters

2018-03-19 15:32:18
Url：/ClubModule/Club/GetClubUserPage?pagination=%7B%22rows%22%3A50%2C%22page%22%3A1%2C%22sidx%22%3A%22%22%2C%22sord%22%3A%22ASC%22%2C%22records%22%3A0%2C%22total%22%3A0%7D&_=1521444738765
Message：对于“Game.H5.Areas.ClubModule.Controllers.ClubController”中方法“System.Web.Mvc.ActionResult GetClubUserPage(System.String, Int32, System.String, System.String, System.String)”的不可以为 null 的类型“System.Int32”的参数“clubid”，参数字典包含一个 null 项。可选参数必须为引用类型、可以为 null 的类型或声明为可选参数。
参数名: parameters

2018-03-19 15:32:18
Url：/ClubModule/Club/GetClubUserPage?pagination=%7B%22rows%22%3A50%2C%22page%22%3A1%2C%22sidx%22%3A%22%22%2C%22sord%22%3A%22ASC%22%2C%22records%22%3A0%2C%22total%22%3A0%7D&_=1521444738765
Message：对于“Game.H5.Areas.ClubModule.Controllers.ClubController”中方法“System.Web.Mvc.ActionResult GetClubUserPage(System.String, Int32, System.String, System.String, System.String)”的不可以为 null 的类型“System.Int32”的参数“clubid”，参数字典包含一个 null 项。可选参数必须为引用类型、可以为 null 的类型或声明为可选参数。
参数名: parameters

2018-03-19 15:32:22
Url：/ClubModule/Club/GetClubUserPage?pagination=%7B%22rows%22%3A50%2C%22page%22%3A1%2C%22sidx%22%3A%22%22%2C%22sord%22%3A%22ASC%22%2C%22records%22%3A0%2C%22total%22%3A0%7D&_=1521444742020
Message：对于“Game.H5.Areas.ClubModule.Controllers.ClubController”中方法“System.Web.Mvc.ActionResult GetClubUserPage(System.String, Int32, System.String, System.String, System.String)”的不可以为 null 的类型“System.Int32”的参数“clubid”，参数字典包含一个 null 项。可选参数必须为引用类型、可以为 null 的类型或声明为可选参数。
参数名: parameters

2018-03-19 15:32:22
Url：/ClubModule/Club/GetClubUserPage?pagination=%7B%22rows%22%3A50%2C%22page%22%3A1%2C%22sidx%22%3A%22%22%2C%22sord%22%3A%22ASC%22%2C%22records%22%3A0%2C%22total%22%3A0%7D&_=1521444742020
Message：对于“Game.H5.Areas.ClubModule.Controllers.ClubController”中方法“System.Web.Mvc.ActionResult GetClubUserPage(System.String, Int32, System.String, System.String, System.String)”的不可以为 null 的类型“System.Int32”的参数“clubid”，参数字典包含一个 null 项。可选参数必须为引用类型、可以为 null 的类型或声明为可选参数。
参数名: parameters

2018-03-19 15:32:59
Url：/ClubModule/Club/GetClubUserPage?pagination=%7B%22rows%22%3A50%2C%22page%22%3A1%2C%22sidx%22%3A%22%22%2C%22sord%22%3A%22ASC%22%2C%22records%22%3A0%2C%22total%22%3A0%7D&_=1521444779003
Message：对于“Game.H5.Areas.ClubModule.Controllers.ClubController”中方法“System.Web.Mvc.ActionResult GetClubUserPage(System.String, Int32, System.String, System.String, System.String)”的不可以为 null 的类型“System.Int32”的参数“clubid”，参数字典包含一个 null 项。可选参数必须为引用类型、可以为 null 的类型或声明为可选参数。
参数名: parameters

2018-03-19 15:32:59
Url：/ClubModule/Club/GetClubUserPage?pagination=%7B%22rows%22%3A50%2C%22page%22%3A1%2C%22sidx%22%3A%22%22%2C%22sord%22%3A%22ASC%22%2C%22records%22%3A0%2C%22total%22%3A0%7D&_=1521444779003
Message：对于“Game.H5.Areas.ClubModule.Controllers.ClubController”中方法“System.Web.Mvc.ActionResult GetClubUserPage(System.String, Int32, System.String, System.String, System.String)”的不可以为 null 的类型“System.Int32”的参数“clubid”，参数字典包含一个 null 项。可选参数必须为引用类型、可以为 null 的类型或声明为可选参数。
参数名: parameters

2018-03-19 15:33:18
Url：/ClubModule/Club/GetClubUserPage?pagination=%7B%22rows%22%3A50%2C%22page%22%3A1%2C%22sidx%22%3A%22%22%2C%22sord%22%3A%22ASC%22%2C%22records%22%3A0%2C%22total%22%3A0%7D&_=1521444798608
Message：对于“Game.H5.Areas.ClubModule.Controllers.ClubController”中方法“System.Web.Mvc.ActionResult GetClubUserPage(System.String, Int32, System.String, System.String, System.String)”的不可以为 null 的类型“System.Int32”的参数“clubid”，参数字典包含一个 null 项。可选参数必须为引用类型、可以为 null 的类型或声明为可选参数。
参数名: parameters

2018-03-19 15:33:18
Url：/ClubModule/Club/GetClubUserPage?pagination=%7B%22rows%22%3A50%2C%22page%22%3A1%2C%22sidx%22%3A%22%22%2C%22sord%22%3A%22ASC%22%2C%22records%22%3A0%2C%22total%22%3A0%7D&_=1521444798608
Message：对于“Game.H5.Areas.ClubModule.Controllers.ClubController”中方法“System.Web.Mvc.ActionResult GetClubUserPage(System.String, Int32, System.String, System.String, System.String)”的不可以为 null 的类型“System.Int32”的参数“clubid”，参数字典包含一个 null 项。可选参数必须为引用类型、可以为 null 的类型或声明为可选参数。
参数名: parameters

2018-03-19 15:34:22
Url：/ClubModule/Club/GetClubUserPage?pagination=%7B%22rows%22%3A50%2C%22page%22%3A1%2C%22sidx%22%3A%22%22%2C%22sord%22%3A%22ASC%22%2C%22records%22%3A0%2C%22total%22%3A0%7D&_=1521444830837
Message：对于“Game.H5.Areas.ClubModule.Controllers.ClubController”中方法“System.Web.Mvc.ActionResult GetClubUserPage(System.String, Int32, System.String, System.String, System.String)”的不可以为 null 的类型“System.Int32”的参数“clubid”，参数字典包含一个 null 项。可选参数必须为引用类型、可以为 null 的类型或声明为可选参数。
参数名: parameters

2018-03-19 15:34:22
Url：/ClubModule/Club/GetClubUserPage?pagination=%7B%22rows%22%3A50%2C%22page%22%3A1%2C%22sidx%22%3A%22%22%2C%22sord%22%3A%22ASC%22%2C%22records%22%3A0%2C%22total%22%3A0%7D&_=1521444830837
Message：对于“Game.H5.Areas.ClubModule.Controllers.ClubController”中方法“System.Web.Mvc.ActionResult GetClubUserPage(System.String, Int32, System.String, System.String, System.String)”的不可以为 null 的类型“System.Int32”的参数“clubid”，参数字典包含一个 null 项。可选参数必须为引用类型、可以为 null 的类型或声明为可选参数。
参数名: parameters

2018-03-19 15:35:10
Url：/ClubModule/Club/GetClubUserPage?pagination=%7B%22rows%22%3A50%2C%22page%22%3A1%2C%22sidx%22%3A%22%22%2C%22sord%22%3A%22ASC%22%2C%22records%22%3A0%2C%22total%22%3A0%7D&_=1521444886640
Message：对于“Game.H5.Areas.ClubModule.Controllers.ClubController”中方法“System.Web.Mvc.ActionResult GetClubUserPage(System.String, Int32, System.String, System.String, System.String)”的不可以为 null 的类型“System.Int32”的参数“clubid”，参数字典包含一个 null 项。可选参数必须为引用类型、可以为 null 的类型或声明为可选参数。
参数名: parameters

2018-03-19 15:35:10
Url：/ClubModule/Club/GetClubUserPage?pagination=%7B%22rows%22%3A50%2C%22page%22%3A1%2C%22sidx%22%3A%22%22%2C%22sord%22%3A%22ASC%22%2C%22records%22%3A0%2C%22total%22%3A0%7D&_=1521444886640
Message：对于“Game.H5.Areas.ClubModule.Controllers.ClubController”中方法“System.Web.Mvc.ActionResult GetClubUserPage(System.String, Int32, System.String, System.String, System.String)”的不可以为 null 的类型“System.Int32”的参数“clubid”，参数字典包含一个 null 项。可选参数必须为引用类型、可以为 null 的类型或声明为可选参数。
参数名: parameters

2018-03-19 15:37:39
Url：/ClubModule/Club/GetClubUserPage?pagination=%7B%22rows%22%3A50%2C%22page%22%3A1%2C%22sidx%22%3A%22%22%2C%22sord%22%3A%22ASC%22%2C%22records%22%3A0%2C%22total%22%3A0%7D&_=1521445059199
Message：对于“Game.H5.Areas.ClubModule.Controllers.ClubController”中方法“System.Web.Mvc.ActionResult GetClubUserPage(System.String, Int32, System.String, System.String, System.String)”的不可以为 null 的类型“System.Int32”的参数“clubid”，参数字典包含一个 null 项。可选参数必须为引用类型、可以为 null 的类型或声明为可选参数。
参数名: parameters

2018-03-19 15:37:39
Url：/ClubModule/Club/GetClubUserPage?pagination=%7B%22rows%22%3A50%2C%22page%22%3A1%2C%22sidx%22%3A%22%22%2C%22sord%22%3A%22ASC%22%2C%22records%22%3A0%2C%22total%22%3A0%7D&_=1521445059199
Message：对于“Game.H5.Areas.ClubModule.Controllers.ClubController”中方法“System.Web.Mvc.ActionResult GetClubUserPage(System.String, Int32, System.String, System.String, System.String)”的不可以为 null 的类型“System.Int32”的参数“clubid”，参数字典包含一个 null 项。可选参数必须为引用类型、可以为 null 的类型或声明为可选参数。
参数名: parameters

2018-03-19 15:37:40
Url：/ClubModule/Club/GetClubUserPage?pagination=%7B%22rows%22%3A50%2C%22page%22%3A1%2C%22sidx%22%3A%22%22%2C%22sord%22%3A%22ASC%22%2C%22records%22%3A0%2C%22total%22%3A0%7D&_=1521445060760
Message：对于“Game.H5.Areas.ClubModule.Controllers.ClubController”中方法“System.Web.Mvc.ActionResult GetClubUserPage(System.String, Int32, System.String, System.String, System.String)”的不可以为 null 的类型“System.Int32”的参数“clubid”，参数字典包含一个 null 项。可选参数必须为引用类型、可以为 null 的类型或声明为可选参数。
参数名: parameters

2018-03-19 15:37:40
Url：/ClubModule/Club/GetClubUserPage?pagination=%7B%22rows%22%3A50%2C%22page%22%3A1%2C%22sidx%22%3A%22%22%2C%22sord%22%3A%22ASC%22%2C%22records%22%3A0%2C%22total%22%3A0%7D&_=1521445060760
Message：对于“Game.H5.Areas.ClubModule.Controllers.ClubController”中方法“System.Web.Mvc.ActionResult GetClubUserPage(System.String, Int32, System.String, System.String, System.String)”的不可以为 null 的类型“System.Int32”的参数“clubid”，参数字典包含一个 null 项。可选参数必须为引用类型、可以为 null 的类型或声明为可选参数。
参数名: parameters

2018-03-19 15:37:42
Url：/ClubModule/Club/GetClubUserPage?pagination=%7B%22rows%22%3A50%2C%22page%22%3A1%2C%22sidx%22%3A%22%22%2C%22sord%22%3A%22ASC%22%2C%22records%22%3A0%2C%22total%22%3A0%7D&_=1521445062451
Message：对于“Game.H5.Areas.ClubModule.Controllers.ClubController”中方法“System.Web.Mvc.ActionResult GetClubUserPage(System.String, Int32, System.String, System.String, System.String)”的不可以为 null 的类型“System.Int32”的参数“clubid”，参数字典包含一个 null 项。可选参数必须为引用类型、可以为 null 的类型或声明为可选参数。
参数名: parameters

2018-03-19 15:37:42
Url：/ClubModule/Club/GetClubUserPage?pagination=%7B%22rows%22%3A50%2C%22page%22%3A1%2C%22sidx%22%3A%22%22%2C%22sord%22%3A%22ASC%22%2C%22records%22%3A0%2C%22total%22%3A0%7D&_=1521445062451
Message：对于“Game.H5.Areas.ClubModule.Controllers.ClubController”中方法“System.Web.Mvc.ActionResult GetClubUserPage(System.String, Int32, System.String, System.String, System.String)”的不可以为 null 的类型“System.Int32”的参数“clubid”，参数字典包含一个 null 项。可选参数必须为引用类型、可以为 null 的类型或声明为可选参数。
参数名: parameters

2018-03-19 15:38:09
Url：/ClubModule/Club/GetClubUserPage?pagination=%7B%22rows%22%3A50%2C%22page%22%3A1%2C%22sidx%22%3A%22%22%2C%22sord%22%3A%22ASC%22%2C%22records%22%3A0%2C%22total%22%3A0%7D&_=1521445089840
Message：对于“Game.H5.Areas.ClubModule.Controllers.ClubController”中方法“System.Web.Mvc.ActionResult GetClubUserPage(System.String, Int32, System.String, System.String, System.String)”的不可以为 null 的类型“System.Int32”的参数“clubid”，参数字典包含一个 null 项。可选参数必须为引用类型、可以为 null 的类型或声明为可选参数。
参数名: parameters

2018-03-19 15:38:10
Url：/ClubModule/Club/GetClubUserPage?pagination=%7B%22rows%22%3A50%2C%22page%22%3A1%2C%22sidx%22%3A%22%22%2C%22sord%22%3A%22ASC%22%2C%22records%22%3A0%2C%22total%22%3A0%7D&_=1521445089840
Message：对于“Game.H5.Areas.ClubModule.Controllers.ClubController”中方法“System.Web.Mvc.ActionResult GetClubUserPage(System.String, Int32, System.String, System.String, System.String)”的不可以为 null 的类型“System.Int32”的参数“clubid”，参数字典包含一个 null 项。可选参数必须为引用类型、可以为 null 的类型或声明为可选参数。
参数名: parameters

2018-03-19 15:38:12
Url：/ClubModule/Club/GetClubUserPage?pagination=%7B%22rows%22%3A50%2C%22page%22%3A1%2C%22sidx%22%3A%22%22%2C%22sord%22%3A%22ASC%22%2C%22records%22%3A0%2C%22total%22%3A0%7D&_=1521445092163
Message：对于“Game.H5.Areas.ClubModule.Controllers.ClubController”中方法“System.Web.Mvc.ActionResult GetClubUserPage(System.String, Int32, System.String, System.String, System.String)”的不可以为 null 的类型“System.Int32”的参数“clubid”，参数字典包含一个 null 项。可选参数必须为引用类型、可以为 null 的类型或声明为可选参数。
参数名: parameters

2018-03-19 15:38:12
Url：/ClubModule/Club/GetClubUserPage?pagination=%7B%22rows%22%3A50%2C%22page%22%3A1%2C%22sidx%22%3A%22%22%2C%22sord%22%3A%22ASC%22%2C%22records%22%3A0%2C%22total%22%3A0%7D&_=1521445092163
Message：对于“Game.H5.Areas.ClubModule.Controllers.ClubController”中方法“System.Web.Mvc.ActionResult GetClubUserPage(System.String, Int32, System.String, System.String, System.String)”的不可以为 null 的类型“System.Int32”的参数“clubid”，参数字典包含一个 null 项。可选参数必须为引用类型、可以为 null 的类型或声明为可选参数。
参数名: parameters

2018-03-19 15:38:41
Url：/ClubModule/Club/GetClubUserPage?pagination=%7B%22rows%22%3A50%2C%22page%22%3A1%2C%22sidx%22%3A%22%22%2C%22sord%22%3A%22ASC%22%2C%22records%22%3A0%2C%22total%22%3A0%7D&_=1521445121791
Message：对于“Game.H5.Areas.ClubModule.Controllers.ClubController”中方法“System.Web.Mvc.ActionResult GetClubUserPage(System.String, Int32, System.String, System.String, System.String)”的不可以为 null 的类型“System.Int32”的参数“clubid”，参数字典包含一个 null 项。可选参数必须为引用类型、可以为 null 的类型或声明为可选参数。
参数名: parameters

2018-03-19 15:38:41
Url：/ClubModule/Club/GetClubUserPage?pagination=%7B%22rows%22%3A50%2C%22page%22%3A1%2C%22sidx%22%3A%22%22%2C%22sord%22%3A%22ASC%22%2C%22records%22%3A0%2C%22total%22%3A0%7D&_=1521445121791
Message：对于“Game.H5.Areas.ClubModule.Controllers.ClubController”中方法“System.Web.Mvc.ActionResult GetClubUserPage(System.String, Int32, System.String, System.String, System.String)”的不可以为 null 的类型“System.Int32”的参数“clubid”，参数字典包含一个 null 项。可选参数必须为引用类型、可以为 null 的类型或声明为可选参数。
参数名: parameters

2018-03-19 15:38:43
Url：/ClubModule/Club/GetClubUserPage?pagination=%7B%22rows%22%3A50%2C%22page%22%3A1%2C%22sidx%22%3A%22%22%2C%22sord%22%3A%22ASC%22%2C%22records%22%3A0%2C%22total%22%3A0%7D&_=1521445123368
Message：对于“Game.H5.Areas.ClubModule.Controllers.ClubController”中方法“System.Web.Mvc.ActionResult GetClubUserPage(System.String, Int32, System.String, System.String, System.String)”的不可以为 null 的类型“System.Int32”的参数“clubid”，参数字典包含一个 null 项。可选参数必须为引用类型、可以为 null 的类型或声明为可选参数。
参数名: parameters

2018-03-19 15:38:43
Url：/ClubModule/Club/GetClubUserPage?pagination=%7B%22rows%22%3A50%2C%22page%22%3A1%2C%22sidx%22%3A%22%22%2C%22sord%22%3A%22ASC%22%2C%22records%22%3A0%2C%22total%22%3A0%7D&_=1521445123368
Message：对于“Game.H5.Areas.ClubModule.Controllers.ClubController”中方法“System.Web.Mvc.ActionResult GetClubUserPage(System.String, Int32, System.String, System.String, System.String)”的不可以为 null 的类型“System.Int32”的参数“clubid”，参数字典包含一个 null 项。可选参数必须为引用类型、可以为 null 的类型或声明为可选参数。
参数名: parameters

2018-03-19 15:38:45
Url：/ClubModule/Club/GetClubUserPage?pagination=%7B%22rows%22%3A50%2C%22page%22%3A1%2C%22sidx%22%3A%22%22%2C%22sord%22%3A%22ASC%22%2C%22records%22%3A0%2C%22total%22%3A0%7D&_=1521445125100
Message：对于“Game.H5.Areas.ClubModule.Controllers.ClubController”中方法“System.Web.Mvc.ActionResult GetClubUserPage(System.String, Int32, System.String, System.String, System.String)”的不可以为 null 的类型“System.Int32”的参数“clubid”，参数字典包含一个 null 项。可选参数必须为引用类型、可以为 null 的类型或声明为可选参数。
参数名: parameters

2018-03-19 15:38:45
Url：/ClubModule/Club/GetClubUserPage?pagination=%7B%22rows%22%3A50%2C%22page%22%3A1%2C%22sidx%22%3A%22%22%2C%22sord%22%3A%22ASC%22%2C%22records%22%3A0%2C%22total%22%3A0%7D&_=1521445125100
Message：对于“Game.H5.Areas.ClubModule.Controllers.ClubController”中方法“System.Web.Mvc.ActionResult GetClubUserPage(System.String, Int32, System.String, System.String, System.String)”的不可以为 null 的类型“System.Int32”的参数“clubid”，参数字典包含一个 null 项。可选参数必须为引用类型、可以为 null 的类型或声明为可选参数。
参数名: parameters

2018-03-19 15:39:10
Url：/ClubModule/Club/GetClubUserPage?pagination=%7B%22rows%22%3A50%2C%22page%22%3A1%2C%22sidx%22%3A%22%22%2C%22sord%22%3A%22ASC%22%2C%22records%22%3A0%2C%22total%22%3A0%7D&_=1521445148525
Message：对于“Game.H5.Areas.ClubModule.Controllers.ClubController”中方法“System.Web.Mvc.ActionResult GetClubUserPage(System.String, Int32, System.String, System.String, System.String)”的不可以为 null 的类型“System.Int32”的参数“clubid”，参数字典包含一个 null 项。可选参数必须为引用类型、可以为 null 的类型或声明为可选参数。
参数名: parameters

2018-03-19 15:39:10
Url：/ClubModule/Club/GetClubUserPage?pagination=%7B%22rows%22%3A50%2C%22page%22%3A1%2C%22sidx%22%3A%22%22%2C%22sord%22%3A%22ASC%22%2C%22records%22%3A0%2C%22total%22%3A0%7D&_=1521445148525
Message：对于“Game.H5.Areas.ClubModule.Controllers.ClubController”中方法“System.Web.Mvc.ActionResult GetClubUserPage(System.String, Int32, System.String, System.String, System.String)”的不可以为 null 的类型“System.Int32”的参数“clubid”，参数字典包含一个 null 项。可选参数必须为引用类型、可以为 null 的类型或声明为可选参数。
参数名: parameters

2018-03-19 15:39:14
Url：/ClubModule/Club/GetClubUserPage?pagination=%7B%22rows%22%3A50%2C%22page%22%3A1%2C%22sidx%22%3A%22%22%2C%22sord%22%3A%22ASC%22%2C%22records%22%3A0%2C%22total%22%3A0%7D&_=1521445153230
Message：对于“Game.H5.Areas.ClubModule.Controllers.ClubController”中方法“System.Web.Mvc.ActionResult GetClubUserPage(System.String, Int32, System.String, System.String, System.String)”的不可以为 null 的类型“System.Int32”的参数“clubid”，参数字典包含一个 null 项。可选参数必须为引用类型、可以为 null 的类型或声明为可选参数。
参数名: parameters

2018-03-19 15:39:14
Url：/ClubModule/Club/GetClubUserPage?pagination=%7B%22rows%22%3A50%2C%22page%22%3A1%2C%22sidx%22%3A%22%22%2C%22sord%22%3A%22ASC%22%2C%22records%22%3A0%2C%22total%22%3A0%7D&_=1521445153230
Message：对于“Game.H5.Areas.ClubModule.Controllers.ClubController”中方法“System.Web.Mvc.ActionResult GetClubUserPage(System.String, Int32, System.String, System.String, System.String)”的不可以为 null 的类型“System.Int32”的参数“clubid”，参数字典包含一个 null 项。可选参数必须为引用类型、可以为 null 的类型或声明为可选参数。
参数名: parameters

2018-03-19 15:39:25
Url：/ClubModule/Club/GetClubUserPage?pagination=%7B%22rows%22%3A50%2C%22page%22%3A1%2C%22sidx%22%3A%22%22%2C%22sord%22%3A%22ASC%22%2C%22records%22%3A0%2C%22total%22%3A0%7D&_=1521445163470
Message：对于“Game.H5.Areas.ClubModule.Controllers.ClubController”中方法“System.Web.Mvc.ActionResult GetClubUserPage(System.String, Int32, System.String, System.String, System.String)”的不可以为 null 的类型“System.Int32”的参数“clubid”，参数字典包含一个 null 项。可选参数必须为引用类型、可以为 null 的类型或声明为可选参数。
参数名: parameters

2018-03-19 15:39:25
Url：/ClubModule/Club/GetClubUserPage?pagination=%7B%22rows%22%3A50%2C%22page%22%3A1%2C%22sidx%22%3A%22%22%2C%22sord%22%3A%22ASC%22%2C%22records%22%3A0%2C%22total%22%3A0%7D&_=1521445163470
Message：对于“Game.H5.Areas.ClubModule.Controllers.ClubController”中方法“System.Web.Mvc.ActionResult GetClubUserPage(System.String, Int32, System.String, System.String, System.String)”的不可以为 null 的类型“System.Int32”的参数“clubid”，参数字典包含一个 null 项。可选参数必须为引用类型、可以为 null 的类型或声明为可选参数。
参数名: parameters

2018-03-19 15:39:36
Url：/ClubModule/Club/GetClubUserPage?pagination=%7B%22rows%22%3A50%2C%22page%22%3A1%2C%22sidx%22%3A%22%22%2C%22sord%22%3A%22ASC%22%2C%22records%22%3A0%2C%22total%22%3A0%7D&_=1521445169417
Message：对于“Game.H5.Areas.ClubModule.Controllers.ClubController”中方法“System.Web.Mvc.ActionResult GetClubUserPage(System.String, Int32, System.String, System.String, System.String)”的不可以为 null 的类型“System.Int32”的参数“clubid”，参数字典包含一个 null 项。可选参数必须为引用类型、可以为 null 的类型或声明为可选参数。
参数名: parameters

2018-03-19 15:39:36
Url：/ClubModule/Club/GetClubUserPage?pagination=%7B%22rows%22%3A50%2C%22page%22%3A1%2C%22sidx%22%3A%22%22%2C%22sord%22%3A%22ASC%22%2C%22records%22%3A0%2C%22total%22%3A0%7D&_=1521445169417
Message：对于“Game.H5.Areas.ClubModule.Controllers.ClubController”中方法“System.Web.Mvc.ActionResult GetClubUserPage(System.String, Int32, System.String, System.String, System.String)”的不可以为 null 的类型“System.Int32”的参数“clubid”，参数字典包含一个 null 项。可选参数必须为引用类型、可以为 null 的类型或声明为可选参数。
参数名: parameters

2018-03-19 15:39:45
Url：/ClubModule/Club/GetClubUserPage?pagination=%7B%22rows%22%3A50%2C%22page%22%3A1%2C%22sidx%22%3A%22%22%2C%22sord%22%3A%22ASC%22%2C%22records%22%3A0%2C%22total%22%3A0%7D&_=1521445183942
Message：对于“Game.H5.Areas.ClubModule.Controllers.ClubController”中方法“System.Web.Mvc.ActionResult GetClubUserPage(System.String, Int32, System.String, System.String, System.String)”的不可以为 null 的类型“System.Int32”的参数“clubid”，参数字典包含一个 null 项。可选参数必须为引用类型、可以为 null 的类型或声明为可选参数。
参数名: parameters

2018-03-19 15:39:45
Url：/ClubModule/Club/GetClubUserPage?pagination=%7B%22rows%22%3A50%2C%22page%22%3A1%2C%22sidx%22%3A%22%22%2C%22sord%22%3A%22ASC%22%2C%22records%22%3A0%2C%22total%22%3A0%7D&_=1521445183942
Message：对于“Game.H5.Areas.ClubModule.Controllers.ClubController”中方法“System.Web.Mvc.ActionResult GetClubUserPage(System.String, Int32, System.String, System.String, System.String)”的不可以为 null 的类型“System.Int32”的参数“clubid”，参数字典包含一个 null 项。可选参数必须为引用类型、可以为 null 的类型或声明为可选参数。
参数名: parameters

2018-03-19 15:40:00
Url：/ClubModule/Club/GetClubUserPage?pagination=%7B%22rows%22%3A50%2C%22page%22%3A1%2C%22sidx%22%3A%22%22%2C%22sord%22%3A%22ASC%22%2C%22records%22%3A0%2C%22total%22%3A0%7D&_=1521445196748
Message：对于“Game.H5.Areas.ClubModule.Controllers.ClubController”中方法“System.Web.Mvc.ActionResult GetClubUserPage(System.String, Int32, System.String, System.String, System.String)”的不可以为 null 的类型“System.Int32”的参数“clubid”，参数字典包含一个 null 项。可选参数必须为引用类型、可以为 null 的类型或声明为可选参数。
参数名: parameters

2018-03-19 15:40:00
Url：/ClubModule/Club/GetClubUserPage?pagination=%7B%22rows%22%3A50%2C%22page%22%3A1%2C%22sidx%22%3A%22%22%2C%22sord%22%3A%22ASC%22%2C%22records%22%3A0%2C%22total%22%3A0%7D&_=1521445196748
Message：对于“Game.H5.Areas.ClubModule.Controllers.ClubController”中方法“System.Web.Mvc.ActionResult GetClubUserPage(System.String, Int32, System.String, System.String, System.String)”的不可以为 null 的类型“System.Int32”的参数“clubid”，参数字典包含一个 null 项。可选参数必须为引用类型、可以为 null 的类型或声明为可选参数。
参数名: parameters

2018-03-19 15:40:56
Url：/ClubModule/Club/GetClubUserPage?pagination=%7B%22rows%22%3A50%2C%22page%22%3A1%2C%22sidx%22%3A%22%22%2C%22sord%22%3A%22ASC%22%2C%22records%22%3A0%2C%22total%22%3A0%7D&_=1521445206281
Message：对于“Game.H5.Areas.ClubModule.Controllers.ClubController”中方法“System.Web.Mvc.ActionResult GetClubUserPage(System.String, Int32, System.String, System.String, System.String)”的不可以为 null 的类型“System.Int32”的参数“clubid”，参数字典包含一个 null 项。可选参数必须为引用类型、可以为 null 的类型或声明为可选参数。
参数名: parameters

2018-03-19 15:40:56
Url：/ClubModule/Club/GetClubUserPage?pagination=%7B%22rows%22%3A50%2C%22page%22%3A1%2C%22sidx%22%3A%22%22%2C%22sord%22%3A%22ASC%22%2C%22records%22%3A0%2C%22total%22%3A0%7D&_=1521445206281
Message：对于“Game.H5.Areas.ClubModule.Controllers.ClubController”中方法“System.Web.Mvc.ActionResult GetClubUserPage(System.String, Int32, System.String, System.String, System.String)”的不可以为 null 的类型“System.Int32”的参数“clubid”，参数字典包含一个 null 项。可选参数必须为引用类型、可以为 null 的类型或声明为可选参数。
参数名: parameters

2018-03-19 15:43:47
Url：/ClubModule/Club/GetClubUserPage?pagination=%7B%22rows%22%3A50%2C%22page%22%3A1%2C%22sidx%22%3A%22%22%2C%22sord%22%3A%22ASC%22%2C%22records%22%3A0%2C%22total%22%3A0%7D&_=1521445427409
Message：对于“Game.H5.Areas.ClubModule.Controllers.ClubController”中方法“System.Web.Mvc.ActionResult GetClubUserPage(System.String, Int32, System.String, System.String, System.String)”的不可以为 null 的类型“System.Int32”的参数“clubid”，参数字典包含一个 null 项。可选参数必须为引用类型、可以为 null 的类型或声明为可选参数。
参数名: parameters

2018-03-19 15:43:47
Url：/ClubModule/Club/GetClubUserPage?pagination=%7B%22rows%22%3A50%2C%22page%22%3A1%2C%22sidx%22%3A%22%22%2C%22sord%22%3A%22ASC%22%2C%22records%22%3A0%2C%22total%22%3A0%7D&_=1521445427409
Message：对于“Game.H5.Areas.ClubModule.Controllers.ClubController”中方法“System.Web.Mvc.ActionResult GetClubUserPage(System.String, Int32, System.String, System.String, System.String)”的不可以为 null 的类型“System.Int32”的参数“clubid”，参数字典包含一个 null 项。可选参数必须为引用类型、可以为 null 的类型或声明为可选参数。
参数名: parameters

2018-03-19 16:22:10
Url：/ClubModule/Club/GetClubUserPage?pagination=%7B%22rows%22%3A50%2C%22page%22%3A1%2C%22sidx%22%3A%22%22%2C%22sord%22%3A%22ASC%22%2C%22records%22%3A0%2C%22total%22%3A0%7D&_=1521447730813
Message：对于“Game.H5.Areas.ClubModule.Controllers.ClubController”中方法“System.Web.Mvc.ActionResult GetClubUserPage(System.String, Int32, System.String, System.String, System.String)”的不可以为 null 的类型“System.Int32”的参数“clubid”，参数字典包含一个 null 项。可选参数必须为引用类型、可以为 null 的类型或声明为可选参数。
参数名: parameters

2018-03-19 16:22:10
Url：/ClubModule/Club/GetClubUserPage?pagination=%7B%22rows%22%3A50%2C%22page%22%3A1%2C%22sidx%22%3A%22%22%2C%22sord%22%3A%22ASC%22%2C%22records%22%3A0%2C%22total%22%3A0%7D&_=1521447730813
Message：对于“Game.H5.Areas.ClubModule.Controllers.ClubController”中方法“System.Web.Mvc.ActionResult GetClubUserPage(System.String, Int32, System.String, System.String, System.String)”的不可以为 null 的类型“System.Int32”的参数“clubid”，参数字典包含一个 null 项。可选参数必须为引用类型、可以为 null 的类型或声明为可选参数。
参数名: parameters

2018-03-19 16:22:34
Url：/ClubModule/Club/ClubUser?user=10236&club10000000
Message：对于“Game.H5.Areas.ClubModule.Controllers.ClubController”中方法“System.Web.Mvc.ActionResult ClubUser(Int32, Int32)”的不可以为 null 的类型“System.Int32”的参数“club”，参数字典包含一个 null 项。可选参数必须为引用类型、可以为 null 的类型或声明为可选参数。
参数名: parameters

2018-03-19 16:22:34
Url：/ClubModule/Club/ClubUser?user=10236&club10000000
Message：对于“Game.H5.Areas.ClubModule.Controllers.ClubController”中方法“System.Web.Mvc.ActionResult ClubUser(Int32, Int32)”的不可以为 null 的类型“System.Int32”的参数“club”，参数字典包含一个 null 项。可选参数必须为引用类型、可以为 null 的类型或声明为可选参数。
参数名: parameters

2018-03-19 16:22:40
Url：/ClubModule/Club/ClubUser?user=10215&club10000000
Message：对于“Game.H5.Areas.ClubModule.Controllers.ClubController”中方法“System.Web.Mvc.ActionResult ClubUser(Int32, Int32)”的不可以为 null 的类型“System.Int32”的参数“club”，参数字典包含一个 null 项。可选参数必须为引用类型、可以为 null 的类型或声明为可选参数。
参数名: parameters

2018-03-19 16:22:40
Url：/ClubModule/Club/ClubUser?user=10215&club10000000
Message：对于“Game.H5.Areas.ClubModule.Controllers.ClubController”中方法“System.Web.Mvc.ActionResult ClubUser(Int32, Int32)”的不可以为 null 的类型“System.Int32”的参数“club”，参数字典包含一个 null 项。可选参数必须为引用类型、可以为 null 的类型或声明为可选参数。
参数名: parameters

2018-03-19 16:24:12
Url：/ClubModule/Club/GetClubUserPage?pagination=%7B%22rows%22%3A50%2C%22page%22%3A1%2C%22sidx%22%3A%22%22%2C%22sord%22%3A%22ASC%22%2C%22records%22%3A0%2C%22total%22%3A0%7D&_=1521447852300
Message：对于“Game.H5.Areas.ClubModule.Controllers.ClubController”中方法“System.Web.Mvc.ActionResult GetClubUserPage(System.String, Int32, System.String, System.String, System.String)”的不可以为 null 的类型“System.Int32”的参数“clubid”，参数字典包含一个 null 项。可选参数必须为引用类型、可以为 null 的类型或声明为可选参数。
参数名: parameters

2018-03-19 16:24:12
Url：/ClubModule/Club/GetClubUserPage?pagination=%7B%22rows%22%3A50%2C%22page%22%3A1%2C%22sidx%22%3A%22%22%2C%22sord%22%3A%22ASC%22%2C%22records%22%3A0%2C%22total%22%3A0%7D&_=1521447852300
Message：对于“Game.H5.Areas.ClubModule.Controllers.ClubController”中方法“System.Web.Mvc.ActionResult GetClubUserPage(System.String, Int32, System.String, System.String, System.String)”的不可以为 null 的类型“System.Int32”的参数“clubid”，参数字典包含一个 null 项。可选参数必须为引用类型、可以为 null 的类型或声明为可选参数。
参数名: parameters

2018-03-19 16:24:22
Url：/ClubModule/Club/GetClubUserPage?pagination=%7B%22rows%22%3A50%2C%22page%22%3A1%2C%22sidx%22%3A%22%22%2C%22sord%22%3A%22ASC%22%2C%22records%22%3A0%2C%22total%22%3A0%7D&_=1521447862829
Message：对于“Game.H5.Areas.ClubModule.Controllers.ClubController”中方法“System.Web.Mvc.ActionResult GetClubUserPage(System.String, Int32, System.String, System.String, System.String)”的不可以为 null 的类型“System.Int32”的参数“clubid”，参数字典包含一个 null 项。可选参数必须为引用类型、可以为 null 的类型或声明为可选参数。
参数名: parameters

2018-03-19 16:24:22
Url：/ClubModule/Club/GetClubUserPage?pagination=%7B%22rows%22%3A50%2C%22page%22%3A1%2C%22sidx%22%3A%22%22%2C%22sord%22%3A%22ASC%22%2C%22records%22%3A0%2C%22total%22%3A0%7D&_=1521447862829
Message：对于“Game.H5.Areas.ClubModule.Controllers.ClubController”中方法“System.Web.Mvc.ActionResult GetClubUserPage(System.String, Int32, System.String, System.String, System.String)”的不可以为 null 的类型“System.Int32”的参数“clubid”，参数字典包含一个 null 项。可选参数必须为引用类型、可以为 null 的类型或声明为可选参数。
参数名: parameters

2018-03-19 16:24:30
Url：/ClubModule/Club/ClubUser?user=10231&club10000000
Message：对于“Game.H5.Areas.ClubModule.Controllers.ClubController”中方法“System.Web.Mvc.ActionResult ClubUser(Int32, Int32)”的不可以为 null 的类型“System.Int32”的参数“club”，参数字典包含一个 null 项。可选参数必须为引用类型、可以为 null 的类型或声明为可选参数。
参数名: parameters

2018-03-19 16:24:30
Url：/ClubModule/Club/ClubUser?user=10231&club10000000
Message：对于“Game.H5.Areas.ClubModule.Controllers.ClubController”中方法“System.Web.Mvc.ActionResult ClubUser(Int32, Int32)”的不可以为 null 的类型“System.Int32”的参数“club”，参数字典包含一个 null 项。可选参数必须为引用类型、可以为 null 的类型或声明为可选参数。
参数名: parameters

2018-03-19 16:24:42
Url：/ClubModule/Club/ClubUser?user=10231&club10000000
Message：对于“Game.H5.Areas.ClubModule.Controllers.ClubController”中方法“System.Web.Mvc.ActionResult ClubUser(Int32, Int32)”的不可以为 null 的类型“System.Int32”的参数“club”，参数字典包含一个 null 项。可选参数必须为引用类型、可以为 null 的类型或声明为可选参数。
参数名: parameters

2018-03-19 16:24:43
Url：/ClubModule/Club/ClubUser?user=10231&club10000000
Message：对于“Game.H5.Areas.ClubModule.Controllers.ClubController”中方法“System.Web.Mvc.ActionResult ClubUser(Int32, Int32)”的不可以为 null 的类型“System.Int32”的参数“club”，参数字典包含一个 null 项。可选参数必须为引用类型、可以为 null 的类型或声明为可选参数。
参数名: parameters

2018-03-19 16:25:44
Url：/ClubModule/Club/GetClubUserPage?pagination=%7B%22rows%22%3A50%2C%22page%22%3A1%2C%22sidx%22%3A%22%22%2C%22sord%22%3A%22ASC%22%2C%22records%22%3A0%2C%22total%22%3A0%7D&_=1521447943888
Message：对于“Game.H5.Areas.ClubModule.Controllers.ClubController”中方法“System.Web.Mvc.ActionResult GetClubUserPage(System.String, Int32, System.String, System.String, System.String)”的不可以为 null 的类型“System.Int32”的参数“clubid”，参数字典包含一个 null 项。可选参数必须为引用类型、可以为 null 的类型或声明为可选参数。
参数名: parameters

2018-03-19 16:25:44
Url：/ClubModule/Club/GetClubUserPage?pagination=%7B%22rows%22%3A50%2C%22page%22%3A1%2C%22sidx%22%3A%22%22%2C%22sord%22%3A%22ASC%22%2C%22records%22%3A0%2C%22total%22%3A0%7D&_=1521447943888
Message：对于“Game.H5.Areas.ClubModule.Controllers.ClubController”中方法“System.Web.Mvc.ActionResult GetClubUserPage(System.String, Int32, System.String, System.String, System.String)”的不可以为 null 的类型“System.Int32”的参数“clubid”，参数字典包含一个 null 项。可选参数必须为引用类型、可以为 null 的类型或声明为可选参数。
参数名: parameters

2018-03-19 16:25:46
Url：/ClubModule/Club/ClubUser?user=10232&club10000000
Message：对于“Game.H5.Areas.ClubModule.Controllers.ClubController”中方法“System.Web.Mvc.ActionResult ClubUser(Int32, Int32)”的不可以为 null 的类型“System.Int32”的参数“club”，参数字典包含一个 null 项。可选参数必须为引用类型、可以为 null 的类型或声明为可选参数。
参数名: parameters

2018-03-19 16:25:46
Url：/ClubModule/Club/ClubUser?user=10232&club10000000
Message：对于“Game.H5.Areas.ClubModule.Controllers.ClubController”中方法“System.Web.Mvc.ActionResult ClubUser(Int32, Int32)”的不可以为 null 的类型“System.Int32”的参数“club”，参数字典包含一个 null 项。可选参数必须为引用类型、可以为 null 的类型或声明为可选参数。
参数名: parameters

2018-03-19 17:17:21
Url：/ClubModule/Club/GetClubUserPage?pagination=%7B%22rows%22%3A50%2C%22page%22%3A1%2C%22sidx%22%3A%22%22%2C%22sord%22%3A%22ASC%22%2C%22records%22%3A0%2C%22total%22%3A0%7D&_=1521451040845
Message：对于“Game.H5.Areas.ClubModule.Controllers.ClubController”中方法“System.Web.Mvc.ActionResult GetClubUserPage(System.String, Int32, System.String, System.String, System.String)”的不可以为 null 的类型“System.Int32”的参数“clubid”，参数字典包含一个 null 项。可选参数必须为引用类型、可以为 null 的类型或声明为可选参数。
参数名: parameters

2018-03-19 17:17:21
Url：/ClubModule/Club/GetClubUserPage?pagination=%7B%22rows%22%3A50%2C%22page%22%3A1%2C%22sidx%22%3A%22%22%2C%22sord%22%3A%22ASC%22%2C%22records%22%3A0%2C%22total%22%3A0%7D&_=1521451040845
Message：对于“Game.H5.Areas.ClubModule.Controllers.ClubController”中方法“System.Web.Mvc.ActionResult GetClubUserPage(System.String, Int32, System.String, System.String, System.String)”的不可以为 null 的类型“System.Int32”的参数“clubid”，参数字典包含一个 null 项。可选参数必须为引用类型、可以为 null 的类型或声明为可选参数。
参数名: parameters

2018-03-19 17:17:24
Url：/ClubModule/Club/GetClubUserPage?pagination=%7B%22rows%22%3A50%2C%22page%22%3A1%2C%22sidx%22%3A%22%22%2C%22sord%22%3A%22ASC%22%2C%22records%22%3A0%2C%22total%22%3A0%7D&_=1521451044064
Message：对于“Game.H5.Areas.ClubModule.Controllers.ClubController”中方法“System.Web.Mvc.ActionResult GetClubUserPage(System.String, Int32, System.String, System.String, System.String)”的不可以为 null 的类型“System.Int32”的参数“clubid”，参数字典包含一个 null 项。可选参数必须为引用类型、可以为 null 的类型或声明为可选参数。
参数名: parameters

2018-03-19 17:17:24
Url：/ClubModule/Club/GetClubUserPage?pagination=%7B%22rows%22%3A50%2C%22page%22%3A1%2C%22sidx%22%3A%22%22%2C%22sord%22%3A%22ASC%22%2C%22records%22%3A0%2C%22total%22%3A0%7D&_=1521451044064
Message：对于“Game.H5.Areas.ClubModule.Controllers.ClubController”中方法“System.Web.Mvc.ActionResult GetClubUserPage(System.String, Int32, System.String, System.String, System.String)”的不可以为 null 的类型“System.Int32”的参数“clubid”，参数字典包含一个 null 项。可选参数必须为引用类型、可以为 null 的类型或声明为可选参数。
参数名: parameters

2018-03-19 17:17:53
Url：/ClubModule/Club/GetClubUserPage?pagination=%7B%22rows%22%3A50%2C%22page%22%3A1%2C%22sidx%22%3A%22%22%2C%22sord%22%3A%22ASC%22%2C%22records%22%3A0%2C%22total%22%3A0%7D&_=1521451073736
Message：对于“Game.H5.Areas.ClubModule.Controllers.ClubController”中方法“System.Web.Mvc.ActionResult GetClubUserPage(System.String, Int32, System.String, System.String, System.String)”的不可以为 null 的类型“System.Int32”的参数“clubid”，参数字典包含一个 null 项。可选参数必须为引用类型、可以为 null 的类型或声明为可选参数。
参数名: parameters

2018-03-19 17:17:53
Url：/ClubModule/Club/GetClubUserPage?pagination=%7B%22rows%22%3A50%2C%22page%22%3A1%2C%22sidx%22%3A%22%22%2C%22sord%22%3A%22ASC%22%2C%22records%22%3A0%2C%22total%22%3A0%7D&_=1521451073736
Message：对于“Game.H5.Areas.ClubModule.Controllers.ClubController”中方法“System.Web.Mvc.ActionResult GetClubUserPage(System.String, Int32, System.String, System.String, System.String)”的不可以为 null 的类型“System.Int32”的参数“clubid”，参数字典包含一个 null 项。可选参数必须为引用类型、可以为 null 的类型或声明为可选参数。
参数名: parameters

2018-03-19 18:21:03
Url：/ClubModule/Club/GetClubUserList?pagination=%7B%22rows%22%3A50%2C%22page%22%3A1%2C%22sidx%22%3A%22%22%2C%22sord%22%3A%22ASC%22%2C%22records%22%3A0%2C%22total%22%3A0%7D&_=1521454863061
Message：对于“Game.H5.Areas.ClubModule.Controllers.ClubController”中方法“System.Web.Mvc.ActionResult GetClubUserList(System.String, Int32, System.String, System.String, System.String)”的不可以为 null 的类型“System.Int32”的参数“clubid”，参数字典包含一个 null 项。可选参数必须为引用类型、可以为 null 的类型或声明为可选参数。
参数名: parameters

2018-03-19 18:21:03
Url：/ClubModule/Club/GetClubUserList?pagination=%7B%22rows%22%3A50%2C%22page%22%3A1%2C%22sidx%22%3A%22%22%2C%22sord%22%3A%22ASC%22%2C%22records%22%3A0%2C%22total%22%3A0%7D&_=1521454863061
Message：对于“Game.H5.Areas.ClubModule.Controllers.ClubController”中方法“System.Web.Mvc.ActionResult GetClubUserList(System.String, Int32, System.String, System.String, System.String)”的不可以为 null 的类型“System.Int32”的参数“clubid”，参数字典包含一个 null 项。可选参数必须为引用类型、可以为 null 的类型或声明为可选参数。
参数名: parameters

2018-03-19 18:21:28
Url：/ClubModule/Club/GetClubUserList?pagination=%7B%22rows%22%3A50%2C%22page%22%3A1%2C%22sidx%22%3A%22%22%2C%22sord%22%3A%22ASC%22%2C%22records%22%3A0%2C%22total%22%3A0%7D&_=1521454888326
Message：对于“Game.H5.Areas.ClubModule.Controllers.ClubController”中方法“System.Web.Mvc.ActionResult GetClubUserList(System.String, Int32, System.String, System.String, System.String)”的不可以为 null 的类型“System.Int32”的参数“clubid”，参数字典包含一个 null 项。可选参数必须为引用类型、可以为 null 的类型或声明为可选参数。
参数名: parameters

2018-03-19 18:21:28
Url：/ClubModule/Club/GetClubUserList?pagination=%7B%22rows%22%3A50%2C%22page%22%3A1%2C%22sidx%22%3A%22%22%2C%22sord%22%3A%22ASC%22%2C%22records%22%3A0%2C%22total%22%3A0%7D&_=1521454888326
Message：对于“Game.H5.Areas.ClubModule.Controllers.ClubController”中方法“System.Web.Mvc.ActionResult GetClubUserList(System.String, Int32, System.String, System.String, System.String)”的不可以为 null 的类型“System.Int32”的参数“clubid”，参数字典包含一个 null 项。可选参数必须为引用类型、可以为 null 的类型或声明为可选参数。
参数名: parameters

2018-03-19 18:21:29
Url：/ClubModule/Club/GetClubUserList?pagination=%7B%22rows%22%3A50%2C%22page%22%3A1%2C%22sidx%22%3A%22%22%2C%22sord%22%3A%22ASC%22%2C%22records%22%3A0%2C%22total%22%3A0%7D&_=1521454889466
Message：对于“Game.H5.Areas.ClubModule.Controllers.ClubController”中方法“System.Web.Mvc.ActionResult GetClubUserList(System.String, Int32, System.String, System.String, System.String)”的不可以为 null 的类型“System.Int32”的参数“clubid”，参数字典包含一个 null 项。可选参数必须为引用类型、可以为 null 的类型或声明为可选参数。
参数名: parameters

2018-03-19 18:21:29
Url：/ClubModule/Club/GetClubUserList?pagination=%7B%22rows%22%3A50%2C%22page%22%3A1%2C%22sidx%22%3A%22%22%2C%22sord%22%3A%22ASC%22%2C%22records%22%3A0%2C%22total%22%3A0%7D&_=1521454889466
Message：对于“Game.H5.Areas.ClubModule.Controllers.ClubController”中方法“System.Web.Mvc.ActionResult GetClubUserList(System.String, Int32, System.String, System.String, System.String)”的不可以为 null 的类型“System.Int32”的参数“clubid”，参数字典包含一个 null 项。可选参数必须为引用类型、可以为 null 的类型或声明为可选参数。
参数名: parameters

2018-03-19 18:22:14
Url：/ClubModule/Club/GetClubUserList?pagination=%7B%22rows%22%3A50%2C%22page%22%3A1%2C%22sidx%22%3A%22%22%2C%22sord%22%3A%22ASC%22%2C%22records%22%3A0%2C%22total%22%3A0%7D&_=1521454934177
Message：对于“Game.H5.Areas.ClubModule.Controllers.ClubController”中方法“System.Web.Mvc.ActionResult GetClubUserList(System.String, Int32, System.String, System.String, System.String)”的不可以为 null 的类型“System.Int32”的参数“clubid”，参数字典包含一个 null 项。可选参数必须为引用类型、可以为 null 的类型或声明为可选参数。
参数名: parameters

2018-03-19 18:22:14
Url：/ClubModule/Club/GetClubUserList?pagination=%7B%22rows%22%3A50%2C%22page%22%3A1%2C%22sidx%22%3A%22%22%2C%22sord%22%3A%22ASC%22%2C%22records%22%3A0%2C%22total%22%3A0%7D&_=1521454934177
Message：对于“Game.H5.Areas.ClubModule.Controllers.ClubController”中方法“System.Web.Mvc.ActionResult GetClubUserList(System.String, Int32, System.String, System.String, System.String)”的不可以为 null 的类型“System.Int32”的参数“clubid”，参数字典包含一个 null 项。可选参数必须为引用类型、可以为 null 的类型或声明为可选参数。
参数名: parameters

2018-03-19 18:22:58
Url：/ClubModule/Club/GetClubUserList?pagination=%7B%22rows%22%3A50%2C%22page%22%3A1%2C%22sidx%22%3A%22%22%2C%22sord%22%3A%22ASC%22%2C%22records%22%3A0%2C%22total%22%3A0%7D&_=1521454978627
Message：对于“Game.H5.Areas.ClubModule.Controllers.ClubController”中方法“System.Web.Mvc.ActionResult GetClubUserList(System.String, Int32, System.String, System.String, System.String)”的不可以为 null 的类型“System.Int32”的参数“clubid”，参数字典包含一个 null 项。可选参数必须为引用类型、可以为 null 的类型或声明为可选参数。
参数名: parameters

2018-03-19 18:22:58
Url：/ClubModule/Club/GetClubUserList?pagination=%7B%22rows%22%3A50%2C%22page%22%3A1%2C%22sidx%22%3A%22%22%2C%22sord%22%3A%22ASC%22%2C%22records%22%3A0%2C%22total%22%3A0%7D&_=1521454978627
Message：对于“Game.H5.Areas.ClubModule.Controllers.ClubController”中方法“System.Web.Mvc.ActionResult GetClubUserList(System.String, Int32, System.String, System.String, System.String)”的不可以为 null 的类型“System.Int32”的参数“clubid”，参数字典包含一个 null 项。可选参数必须为引用类型、可以为 null 的类型或声明为可选参数。
参数名: parameters

2018-03-19 18:23:05
Url：/ClubModule/Club/GetClubUserList?pagination=%7B%22rows%22%3A50%2C%22page%22%3A1%2C%22sidx%22%3A%22%22%2C%22sord%22%3A%22ASC%22%2C%22records%22%3A0%2C%22total%22%3A0%7D&_=1521454985466
Message：对于“Game.H5.Areas.ClubModule.Controllers.ClubController”中方法“System.Web.Mvc.ActionResult GetClubUserList(System.String, Int32, System.String, System.String, System.String)”的不可以为 null 的类型“System.Int32”的参数“clubid”，参数字典包含一个 null 项。可选参数必须为引用类型、可以为 null 的类型或声明为可选参数。
参数名: parameters

2018-03-19 18:23:05
Url：/ClubModule/Club/GetClubUserList?pagination=%7B%22rows%22%3A50%2C%22page%22%3A1%2C%22sidx%22%3A%22%22%2C%22sord%22%3A%22ASC%22%2C%22records%22%3A0%2C%22total%22%3A0%7D&_=1521454985466
Message：对于“Game.H5.Areas.ClubModule.Controllers.ClubController”中方法“System.Web.Mvc.ActionResult GetClubUserList(System.String, Int32, System.String, System.String, System.String)”的不可以为 null 的类型“System.Int32”的参数“clubid”，参数字典包含一个 null 项。可选参数必须为引用类型、可以为 null 的类型或声明为可选参数。
参数名: parameters

2018-03-19 18:23:56
Url：/ClubModule/Club/GetClubUserList?pagination=%7B%22rows%22%3A50%2C%22page%22%3A1%2C%22sidx%22%3A%22%22%2C%22sord%22%3A%22ASC%22%2C%22records%22%3A0%2C%22total%22%3A0%7D&_=1521455036656
Message：对于“Game.H5.Areas.ClubModule.Controllers.ClubController”中方法“System.Web.Mvc.ActionResult GetClubUserList(System.String, Int32, System.String, System.String, System.String)”的不可以为 null 的类型“System.Int32”的参数“clubid”，参数字典包含一个 null 项。可选参数必须为引用类型、可以为 null 的类型或声明为可选参数。
参数名: parameters

2018-03-19 18:23:56
Url：/ClubModule/Club/GetClubUserList?pagination=%7B%22rows%22%3A50%2C%22page%22%3A1%2C%22sidx%22%3A%22%22%2C%22sord%22%3A%22ASC%22%2C%22records%22%3A0%2C%22total%22%3A0%7D&_=1521455036656
Message：对于“Game.H5.Areas.ClubModule.Controllers.ClubController”中方法“System.Web.Mvc.ActionResult GetClubUserList(System.String, Int32, System.String, System.String, System.String)”的不可以为 null 的类型“System.Int32”的参数“clubid”，参数字典包含一个 null 项。可选参数必须为引用类型、可以为 null 的类型或声明为可选参数。
参数名: parameters

2018-03-19 18:24:04
Url：/ClubModule/Club/GetClubUserList?pagination=%7B%22rows%22%3A50%2C%22page%22%3A1%2C%22sidx%22%3A%22%22%2C%22sord%22%3A%22ASC%22%2C%22records%22%3A0%2C%22total%22%3A0%7D&_=1521455043983
Message：对于“Game.H5.Areas.ClubModule.Controllers.ClubController”中方法“System.Web.Mvc.ActionResult GetClubUserList(System.String, Int32, System.String, System.String, System.String)”的不可以为 null 的类型“System.Int32”的参数“clubid”，参数字典包含一个 null 项。可选参数必须为引用类型、可以为 null 的类型或声明为可选参数。
参数名: parameters

2018-03-19 18:24:04
Url：/ClubModule/Club/GetClubUserList?pagination=%7B%22rows%22%3A50%2C%22page%22%3A1%2C%22sidx%22%3A%22%22%2C%22sord%22%3A%22ASC%22%2C%22records%22%3A0%2C%22total%22%3A0%7D&_=1521455043983
Message：对于“Game.H5.Areas.ClubModule.Controllers.ClubController”中方法“System.Web.Mvc.ActionResult GetClubUserList(System.String, Int32, System.String, System.String, System.String)”的不可以为 null 的类型“System.Int32”的参数“clubid”，参数字典包含一个 null 项。可选参数必须为引用类型、可以为 null 的类型或声明为可选参数。
参数名: parameters

2018-03-19 18:25:26
Url：/ClubModule/Club/GetClubUserList?pagination=%7B%22rows%22%3A50%2C%22page%22%3A1%2C%22sidx%22%3A%22%22%2C%22sord%22%3A%22ASC%22%2C%22records%22%3A0%2C%22total%22%3A0%7D&_=1521455126718
Message：对于“Game.H5.Areas.ClubModule.Controllers.ClubController”中方法“System.Web.Mvc.ActionResult GetClubUserList(System.String, Int32, System.String, System.String, System.String)”的不可以为 null 的类型“System.Int32”的参数“clubid”，参数字典包含一个 null 项。可选参数必须为引用类型、可以为 null 的类型或声明为可选参数。
参数名: parameters

2018-03-19 18:25:26
Url：/ClubModule/Club/GetClubUserList?pagination=%7B%22rows%22%3A50%2C%22page%22%3A1%2C%22sidx%22%3A%22%22%2C%22sord%22%3A%22ASC%22%2C%22records%22%3A0%2C%22total%22%3A0%7D&_=1521455126718
Message：对于“Game.H5.Areas.ClubModule.Controllers.ClubController”中方法“System.Web.Mvc.ActionResult GetClubUserList(System.String, Int32, System.String, System.String, System.String)”的不可以为 null 的类型“System.Int32”的参数“clubid”，参数字典包含一个 null 项。可选参数必须为引用类型、可以为 null 的类型或声明为可选参数。
参数名: parameters

2018-03-19 18:25:31
Url：/ClubModule/Club/GetClubUserList?pagination=%7B%22rows%22%3A50%2C%22page%22%3A1%2C%22sidx%22%3A%22%22%2C%22sord%22%3A%22ASC%22%2C%22records%22%3A0%2C%22total%22%3A0%7D&_=1521455131743
Message：对于“Game.H5.Areas.ClubModule.Controllers.ClubController”中方法“System.Web.Mvc.ActionResult GetClubUserList(System.String, Int32, System.String, System.String, System.String)”的不可以为 null 的类型“System.Int32”的参数“clubid”，参数字典包含一个 null 项。可选参数必须为引用类型、可以为 null 的类型或声明为可选参数。
参数名: parameters

2018-03-19 18:25:31
Url：/ClubModule/Club/GetClubUserList?pagination=%7B%22rows%22%3A50%2C%22page%22%3A1%2C%22sidx%22%3A%22%22%2C%22sord%22%3A%22ASC%22%2C%22records%22%3A0%2C%22total%22%3A0%7D&_=1521455131743
Message：对于“Game.H5.Areas.ClubModule.Controllers.ClubController”中方法“System.Web.Mvc.ActionResult GetClubUserList(System.String, Int32, System.String, System.String, System.String)”的不可以为 null 的类型“System.Int32”的参数“clubid”，参数字典包含一个 null 项。可选参数必须为引用类型、可以为 null 的类型或声明为可选参数。
参数名: parameters

2018-03-19 18:29:28
Url：/ClubModule/Club/GetClubUserList?pagination=%7B%22rows%22%3A50%2C%22page%22%3A1%2C%22sidx%22%3A%22%22%2C%22sord%22%3A%22ASC%22%2C%22records%22%3A0%2C%22total%22%3A0%7D&_=1521455368757
Message：对于“Game.H5.Areas.ClubModule.Controllers.ClubController”中方法“System.Web.Mvc.ActionResult GetClubUserList(System.String, Int32, System.String, System.String, System.String)”的不可以为 null 的类型“System.Int32”的参数“clubid”，参数字典包含一个 null 项。可选参数必须为引用类型、可以为 null 的类型或声明为可选参数。
参数名: parameters

2018-03-19 18:29:28
Url：/ClubModule/Club/GetClubUserList?pagination=%7B%22rows%22%3A50%2C%22page%22%3A1%2C%22sidx%22%3A%22%22%2C%22sord%22%3A%22ASC%22%2C%22records%22%3A0%2C%22total%22%3A0%7D&_=1521455368757
Message：对于“Game.H5.Areas.ClubModule.Controllers.ClubController”中方法“System.Web.Mvc.ActionResult GetClubUserList(System.String, Int32, System.String, System.String, System.String)”的不可以为 null 的类型“System.Int32”的参数“clubid”，参数字典包含一个 null 项。可选参数必须为引用类型、可以为 null 的类型或声明为可选参数。
参数名: parameters

2018-03-19 18:29:59
Url：/ClubModule/Club/GetClubUserList?pagination=%7B%22rows%22%3A50%2C%22page%22%3A1%2C%22sidx%22%3A%22%22%2C%22sord%22%3A%22ASC%22%2C%22records%22%3A0%2C%22total%22%3A0%7D&_=1521455399489
Message：对于“Game.H5.Areas.ClubModule.Controllers.ClubController”中方法“System.Web.Mvc.ActionResult GetClubUserList(System.String, Int32, System.String, System.String, System.String)”的不可以为 null 的类型“System.Int32”的参数“clubid”，参数字典包含一个 null 项。可选参数必须为引用类型、可以为 null 的类型或声明为可选参数。
参数名: parameters

2018-03-19 18:29:59
Url：/ClubModule/Club/GetClubUserList?pagination=%7B%22rows%22%3A50%2C%22page%22%3A1%2C%22sidx%22%3A%22%22%2C%22sord%22%3A%22ASC%22%2C%22records%22%3A0%2C%22total%22%3A0%7D&_=1521455399489
Message：对于“Game.H5.Areas.ClubModule.Controllers.ClubController”中方法“System.Web.Mvc.ActionResult GetClubUserList(System.String, Int32, System.String, System.String, System.String)”的不可以为 null 的类型“System.Int32”的参数“clubid”，参数字典包含一个 null 项。可选参数必须为引用类型、可以为 null 的类型或声明为可选参数。
参数名: parameters

