2018-02-06 09:54:08
Url：/User/User/CKfangka?id=%27scsc%27
Message：未找到视图“'scsc'”或其母版视图，或没有视图引擎支持搜索的位置。搜索了以下位置: 
~/Areas/User/Views/User/'scsc'.aspx
~/Areas/User/Views/User/'scsc'.ascx
~/Areas/User/Views/Shared/'scsc'.aspx
~/Areas/User/Views/Shared/'scsc'.ascx
~/Views/User/'scsc'.aspx
~/Views/User/'scsc'.ascx
~/Views/Shared/'scsc'.aspx
~/Views/Shared/'scsc'.ascx
~/Areas/User/Views/User/'scsc'.cshtml
~/Areas/User/Views/User/'scsc'.vbhtml
~/Areas/User/Views/Shared/'scsc'.cshtml
~/Areas/User/Views/Shared/'scsc'.vbhtml
~/Views/User/'scsc'.cshtml
~/Views/User/'scsc'.vbhtml
~/Views/Shared/'scsc'.cshtml
~/Views/Shared/'scsc'.vbhtml

2018-02-06 09:54:09
Url：/User/User/CKfangka?id=%27scsc%27
Message：未找到视图“'scsc'”或其母版视图，或没有视图引擎支持搜索的位置。搜索了以下位置: 
~/Areas/User/Views/User/'scsc'.aspx
~/Areas/User/Views/User/'scsc'.ascx
~/Areas/User/Views/Shared/'scsc'.aspx
~/Areas/User/Views/Shared/'scsc'.ascx
~/Views/User/'scsc'.aspx
~/Views/User/'scsc'.ascx
~/Views/Shared/'scsc'.aspx
~/Views/Shared/'scsc'.ascx
~/Areas/User/Views/User/'scsc'.cshtml
~/Areas/User/Views/User/'scsc'.vbhtml
~/Areas/User/Views/Shared/'scsc'.cshtml
~/Areas/User/Views/Shared/'scsc'.vbhtml
~/Views/User/'scsc'.cshtml
~/Views/User/'scsc'.vbhtml
~/Views/Shared/'scsc'.cshtml
~/Views/Shared/'scsc'.vbhtml

2018-02-06 09:54:14
Url：/User/User/CKfangka?id=1
Message：未找到视图“1”或其母版视图，或没有视图引擎支持搜索的位置。搜索了以下位置: 
~/Areas/User/Views/User/1.aspx
~/Areas/User/Views/User/1.ascx
~/Areas/User/Views/Shared/1.aspx
~/Areas/User/Views/Shared/1.ascx
~/Views/User/1.aspx
~/Views/User/1.ascx
~/Views/Shared/1.aspx
~/Views/Shared/1.ascx
~/Areas/User/Views/User/1.cshtml
~/Areas/User/Views/User/1.vbhtml
~/Areas/User/Views/Shared/1.cshtml
~/Areas/User/Views/Shared/1.vbhtml
~/Views/User/1.cshtml
~/Views/User/1.vbhtml
~/Views/Shared/1.cshtml
~/Views/Shared/1.vbhtml

2018-02-06 09:54:14
Url：/User/User/CKfangka?id=1
Message：未找到视图“1”或其母版视图，或没有视图引擎支持搜索的位置。搜索了以下位置: 
~/Areas/User/Views/User/1.aspx
~/Areas/User/Views/User/1.ascx
~/Areas/User/Views/Shared/1.aspx
~/Areas/User/Views/Shared/1.ascx
~/Views/User/1.aspx
~/Views/User/1.ascx
~/Views/Shared/1.aspx
~/Views/Shared/1.ascx
~/Areas/User/Views/User/1.cshtml
~/Areas/User/Views/User/1.vbhtml
~/Areas/User/Views/Shared/1.cshtml
~/Areas/User/Views/Shared/1.vbhtml
~/Views/User/1.cshtml
~/Views/User/1.vbhtml
~/Views/Shared/1.cshtml
~/Views/Shared/1.vbhtml

2018-02-06 09:55:36
Url：/User/User/CKfangka?id=1
Message：未找到视图“1”或其母版视图，或没有视图引擎支持搜索的位置。搜索了以下位置: 
~/Areas/User/Views/User/1.aspx
~/Areas/User/Views/User/1.ascx
~/Areas/User/Views/Shared/1.aspx
~/Areas/User/Views/Shared/1.ascx
~/Views/User/1.aspx
~/Views/User/1.ascx
~/Views/Shared/1.aspx
~/Views/Shared/1.ascx
~/Areas/User/Views/User/1.cshtml
~/Areas/User/Views/User/1.vbhtml
~/Areas/User/Views/Shared/1.cshtml
~/Areas/User/Views/Shared/1.vbhtml
~/Views/User/1.cshtml
~/Views/User/1.vbhtml
~/Views/Shared/1.cshtml
~/Views/Shared/1.vbhtml

2018-02-06 09:55:36
Url：/User/User/CKfangka?id=1
Message：未找到视图“1”或其母版视图，或没有视图引擎支持搜索的位置。搜索了以下位置: 
~/Areas/User/Views/User/1.aspx
~/Areas/User/Views/User/1.ascx
~/Areas/User/Views/Shared/1.aspx
~/Areas/User/Views/Shared/1.ascx
~/Views/User/1.aspx
~/Views/User/1.ascx
~/Views/Shared/1.aspx
~/Views/Shared/1.ascx
~/Areas/User/Views/User/1.cshtml
~/Areas/User/Views/User/1.vbhtml
~/Areas/User/Views/Shared/1.cshtml
~/Areas/User/Views/Shared/1.vbhtml
~/Views/User/1.cshtml
~/Views/User/1.vbhtml
~/Views/Shared/1.cshtml
~/Views/Shared/1.vbhtml

2018-02-06 09:56:17
Url：/User/User/CKfangka?id=10125
Message：未找到视图“10125”或其母版视图，或没有视图引擎支持搜索的位置。搜索了以下位置: 
~/Areas/User/Views/User/10125.aspx
~/Areas/User/Views/User/10125.ascx
~/Areas/User/Views/Shared/10125.aspx
~/Areas/User/Views/Shared/10125.ascx
~/Views/User/10125.aspx
~/Views/User/10125.ascx
~/Views/Shared/10125.aspx
~/Views/Shared/10125.ascx
~/Areas/User/Views/User/10125.cshtml
~/Areas/User/Views/User/10125.vbhtml
~/Areas/User/Views/Shared/10125.cshtml
~/Areas/User/Views/Shared/10125.vbhtml
~/Views/User/10125.cshtml
~/Views/User/10125.vbhtml
~/Views/Shared/10125.cshtml
~/Views/Shared/10125.vbhtml

2018-02-06 09:56:17
Url：/User/User/CKfangka?id=10125
Message：未找到视图“10125”或其母版视图，或没有视图引擎支持搜索的位置。搜索了以下位置: 
~/Areas/User/Views/User/10125.aspx
~/Areas/User/Views/User/10125.ascx
~/Areas/User/Views/Shared/10125.aspx
~/Areas/User/Views/Shared/10125.ascx
~/Views/User/10125.aspx
~/Views/User/10125.ascx
~/Views/Shared/10125.aspx
~/Views/Shared/10125.ascx
~/Areas/User/Views/User/10125.cshtml
~/Areas/User/Views/User/10125.vbhtml
~/Areas/User/Views/Shared/10125.cshtml
~/Areas/User/Views/Shared/10125.vbhtml
~/Views/User/10125.cshtml
~/Views/User/10125.vbhtml
~/Views/Shared/10125.cshtml
~/Views/Shared/10125.vbhtml

2018-02-06 09:56:39
Url：/User/User/CKfangka?id=1
Message：未找到视图“1”或其母版视图，或没有视图引擎支持搜索的位置。搜索了以下位置: 
~/Areas/User/Views/User/1.aspx
~/Areas/User/Views/User/1.ascx
~/Areas/User/Views/Shared/1.aspx
~/Areas/User/Views/Shared/1.ascx
~/Views/User/1.aspx
~/Views/User/1.ascx
~/Views/Shared/1.aspx
~/Views/Shared/1.ascx
~/Areas/User/Views/User/1.cshtml
~/Areas/User/Views/User/1.vbhtml
~/Areas/User/Views/Shared/1.cshtml
~/Areas/User/Views/Shared/1.vbhtml
~/Views/User/1.cshtml
~/Views/User/1.vbhtml
~/Views/Shared/1.cshtml
~/Views/Shared/1.vbhtml

2018-02-06 09:56:39
Url：/User/User/CKfangka?id=1
Message：未找到视图“1”或其母版视图，或没有视图引擎支持搜索的位置。搜索了以下位置: 
~/Areas/User/Views/User/1.aspx
~/Areas/User/Views/User/1.ascx
~/Areas/User/Views/Shared/1.aspx
~/Areas/User/Views/Shared/1.ascx
~/Views/User/1.aspx
~/Views/User/1.ascx
~/Views/Shared/1.aspx
~/Views/Shared/1.ascx
~/Areas/User/Views/User/1.cshtml
~/Areas/User/Views/User/1.vbhtml
~/Areas/User/Views/Shared/1.cshtml
~/Areas/User/Views/Shared/1.vbhtml
~/Views/User/1.cshtml
~/Views/User/1.vbhtml
~/Views/Shared/1.cshtml
~/Views/Shared/1.vbhtml

2018-02-06 09:56:55
Url：/User/User/CKfangka?id=1
Message：未找到视图“1”或其母版视图，或没有视图引擎支持搜索的位置。搜索了以下位置: 
~/Areas/User/Views/User/1.aspx
~/Areas/User/Views/User/1.ascx
~/Areas/User/Views/Shared/1.aspx
~/Areas/User/Views/Shared/1.ascx
~/Views/User/1.aspx
~/Views/User/1.ascx
~/Views/Shared/1.aspx
~/Views/Shared/1.ascx
~/Areas/User/Views/User/1.cshtml
~/Areas/User/Views/User/1.vbhtml
~/Areas/User/Views/Shared/1.cshtml
~/Areas/User/Views/Shared/1.vbhtml
~/Views/User/1.cshtml
~/Views/User/1.vbhtml
~/Views/Shared/1.cshtml
~/Views/Shared/1.vbhtml

2018-02-06 09:56:56
Url：/User/User/CKfangka?id=1
Message：未找到视图“1”或其母版视图，或没有视图引擎支持搜索的位置。搜索了以下位置: 
~/Areas/User/Views/User/1.aspx
~/Areas/User/Views/User/1.ascx
~/Areas/User/Views/Shared/1.aspx
~/Areas/User/Views/Shared/1.ascx
~/Views/User/1.aspx
~/Views/User/1.ascx
~/Views/Shared/1.aspx
~/Views/Shared/1.ascx
~/Areas/User/Views/User/1.cshtml
~/Areas/User/Views/User/1.vbhtml
~/Areas/User/Views/Shared/1.cshtml
~/Areas/User/Views/Shared/1.vbhtml
~/Views/User/1.cshtml
~/Views/User/1.vbhtml
~/Views/Shared/1.cshtml
~/Views/Shared/1.vbhtml

2018-02-06 09:58:27
Url：/User/User/CKfangka?id=1
Message：未找到视图“1”或其母版视图，或没有视图引擎支持搜索的位置。搜索了以下位置: 
~/Areas/User/Views/User/1.aspx
~/Areas/User/Views/User/1.ascx
~/Areas/User/Views/Shared/1.aspx
~/Areas/User/Views/Shared/1.ascx
~/Views/User/1.aspx
~/Views/User/1.ascx
~/Views/Shared/1.aspx
~/Views/Shared/1.ascx
~/Areas/User/Views/User/1.cshtml
~/Areas/User/Views/User/1.vbhtml
~/Areas/User/Views/Shared/1.cshtml
~/Areas/User/Views/Shared/1.vbhtml
~/Views/User/1.cshtml
~/Views/User/1.vbhtml
~/Views/Shared/1.cshtml
~/Views/Shared/1.vbhtml

2018-02-06 09:58:27
Url：/User/User/CKfangka?id=1
Message：未找到视图“1”或其母版视图，或没有视图引擎支持搜索的位置。搜索了以下位置: 
~/Areas/User/Views/User/1.aspx
~/Areas/User/Views/User/1.ascx
~/Areas/User/Views/Shared/1.aspx
~/Areas/User/Views/Shared/1.ascx
~/Views/User/1.aspx
~/Views/User/1.ascx
~/Views/Shared/1.aspx
~/Views/Shared/1.ascx
~/Areas/User/Views/User/1.cshtml
~/Areas/User/Views/User/1.vbhtml
~/Areas/User/Views/Shared/1.cshtml
~/Areas/User/Views/Shared/1.vbhtml
~/Views/User/1.cshtml
~/Views/User/1.vbhtml
~/Views/Shared/1.cshtml
~/Views/Shared/1.vbhtml

2018-02-06 10:00:09
Url：/User/User/CKfangka?id=1
Message：未找到视图“1”或其母版视图，或没有视图引擎支持搜索的位置。搜索了以下位置: 
~/Areas/User/Views/User/1.aspx
~/Areas/User/Views/User/1.ascx
~/Areas/User/Views/Shared/1.aspx
~/Areas/User/Views/Shared/1.ascx
~/Views/User/1.aspx
~/Views/User/1.ascx
~/Views/Shared/1.aspx
~/Views/Shared/1.ascx
~/Areas/User/Views/User/1.cshtml
~/Areas/User/Views/User/1.vbhtml
~/Areas/User/Views/Shared/1.cshtml
~/Areas/User/Views/Shared/1.vbhtml
~/Views/User/1.cshtml
~/Views/User/1.vbhtml
~/Views/Shared/1.cshtml
~/Views/Shared/1.vbhtml

2018-02-06 10:00:09
Url：/User/User/CKfangka?id=1
Message：未找到视图“1”或其母版视图，或没有视图引擎支持搜索的位置。搜索了以下位置: 
~/Areas/User/Views/User/1.aspx
~/Areas/User/Views/User/1.ascx
~/Areas/User/Views/Shared/1.aspx
~/Areas/User/Views/Shared/1.ascx
~/Views/User/1.aspx
~/Views/User/1.ascx
~/Views/Shared/1.aspx
~/Views/Shared/1.ascx
~/Areas/User/Views/User/1.cshtml
~/Areas/User/Views/User/1.vbhtml
~/Areas/User/Views/Shared/1.cshtml
~/Areas/User/Views/Shared/1.vbhtml
~/Views/User/1.cshtml
~/Views/User/1.vbhtml
~/Views/Shared/1.cshtml
~/Views/Shared/1.vbhtml

2018-02-06 10:00:45
Url：/User/User/CKfangka?id=10124
Message：未找到视图“10124”或其母版视图，或没有视图引擎支持搜索的位置。搜索了以下位置: 
~/Areas/User/Views/User/10124.aspx
~/Areas/User/Views/User/10124.ascx
~/Areas/User/Views/Shared/10124.aspx
~/Areas/User/Views/Shared/10124.ascx
~/Views/User/10124.aspx
~/Views/User/10124.ascx
~/Views/Shared/10124.aspx
~/Views/Shared/10124.ascx
~/Areas/User/Views/User/10124.cshtml
~/Areas/User/Views/User/10124.vbhtml
~/Areas/User/Views/Shared/10124.cshtml
~/Areas/User/Views/Shared/10124.vbhtml
~/Views/User/10124.cshtml
~/Views/User/10124.vbhtml
~/Views/Shared/10124.cshtml
~/Views/Shared/10124.vbhtml

2018-02-06 10:00:45
Url：/User/User/CKfangka?id=10124
Message：未找到视图“10124”或其母版视图，或没有视图引擎支持搜索的位置。搜索了以下位置: 
~/Areas/User/Views/User/10124.aspx
~/Areas/User/Views/User/10124.ascx
~/Areas/User/Views/Shared/10124.aspx
~/Areas/User/Views/Shared/10124.ascx
~/Views/User/10124.aspx
~/Views/User/10124.ascx
~/Views/Shared/10124.aspx
~/Views/Shared/10124.ascx
~/Areas/User/Views/User/10124.cshtml
~/Areas/User/Views/User/10124.vbhtml
~/Areas/User/Views/Shared/10124.cshtml
~/Areas/User/Views/Shared/10124.vbhtml
~/Views/User/10124.cshtml
~/Views/User/10124.vbhtml
~/Views/Shared/10124.cshtml
~/Views/Shared/10124.vbhtml

2018-02-06 10:00:58
Url：/User/User/CKfangka?id=10124
Message：未找到视图“10124”或其母版视图，或没有视图引擎支持搜索的位置。搜索了以下位置: 
~/Areas/User/Views/User/10124.aspx
~/Areas/User/Views/User/10124.ascx
~/Areas/User/Views/Shared/10124.aspx
~/Areas/User/Views/Shared/10124.ascx
~/Views/User/10124.aspx
~/Views/User/10124.ascx
~/Views/Shared/10124.aspx
~/Views/Shared/10124.ascx
~/Areas/User/Views/User/10124.cshtml
~/Areas/User/Views/User/10124.vbhtml
~/Areas/User/Views/Shared/10124.cshtml
~/Areas/User/Views/Shared/10124.vbhtml
~/Views/User/10124.cshtml
~/Views/User/10124.vbhtml
~/Views/Shared/10124.cshtml
~/Views/Shared/10124.vbhtml

2018-02-06 10:00:58
Url：/User/User/CKfangka?id=10124
Message：未找到视图“10124”或其母版视图，或没有视图引擎支持搜索的位置。搜索了以下位置: 
~/Areas/User/Views/User/10124.aspx
~/Areas/User/Views/User/10124.ascx
~/Areas/User/Views/Shared/10124.aspx
~/Areas/User/Views/Shared/10124.ascx
~/Views/User/10124.aspx
~/Views/User/10124.ascx
~/Views/Shared/10124.aspx
~/Views/Shared/10124.ascx
~/Areas/User/Views/User/10124.cshtml
~/Areas/User/Views/User/10124.vbhtml
~/Areas/User/Views/Shared/10124.cshtml
~/Areas/User/Views/Shared/10124.vbhtml
~/Views/User/10124.cshtml
~/Views/User/10124.vbhtml
~/Views/Shared/10124.cshtml
~/Views/Shared/10124.vbhtml

2018-02-06 10:05:40
Url：/User/User/CKfangka?id=10125
Message：未找到视图“10125”或其母版视图，或没有视图引擎支持搜索的位置。搜索了以下位置: 
~/Areas/User/Views/User/10125.aspx
~/Areas/User/Views/User/10125.ascx
~/Areas/User/Views/Shared/10125.aspx
~/Areas/User/Views/Shared/10125.ascx
~/Views/User/10125.aspx
~/Views/User/10125.ascx
~/Views/Shared/10125.aspx
~/Views/Shared/10125.ascx
~/Areas/User/Views/User/10125.cshtml
~/Areas/User/Views/User/10125.vbhtml
~/Areas/User/Views/Shared/10125.cshtml
~/Areas/User/Views/Shared/10125.vbhtml
~/Views/User/10125.cshtml
~/Views/User/10125.vbhtml
~/Views/Shared/10125.cshtml
~/Views/Shared/10125.vbhtml

2018-02-06 10:05:40
Url：/User/User/CKfangka?id=10125
Message：未找到视图“10125”或其母版视图，或没有视图引擎支持搜索的位置。搜索了以下位置: 
~/Areas/User/Views/User/10125.aspx
~/Areas/User/Views/User/10125.ascx
~/Areas/User/Views/Shared/10125.aspx
~/Areas/User/Views/Shared/10125.ascx
~/Views/User/10125.aspx
~/Views/User/10125.ascx
~/Views/Shared/10125.aspx
~/Views/Shared/10125.ascx
~/Areas/User/Views/User/10125.cshtml
~/Areas/User/Views/User/10125.vbhtml
~/Areas/User/Views/Shared/10125.cshtml
~/Areas/User/Views/Shared/10125.vbhtml
~/Views/User/10125.cshtml
~/Views/User/10125.vbhtml
~/Views/Shared/10125.cshtml
~/Views/Shared/10125.vbhtml

2018-02-06 10:05:45
Url：/User/User/CKfangka?id=10125
Message：未找到视图“10125”或其母版视图，或没有视图引擎支持搜索的位置。搜索了以下位置: 
~/Areas/User/Views/User/10125.aspx
~/Areas/User/Views/User/10125.ascx
~/Areas/User/Views/Shared/10125.aspx
~/Areas/User/Views/Shared/10125.ascx
~/Views/User/10125.aspx
~/Views/User/10125.ascx
~/Views/Shared/10125.aspx
~/Views/Shared/10125.ascx
~/Areas/User/Views/User/10125.cshtml
~/Areas/User/Views/User/10125.vbhtml
~/Areas/User/Views/Shared/10125.cshtml
~/Areas/User/Views/Shared/10125.vbhtml
~/Views/User/10125.cshtml
~/Views/User/10125.vbhtml
~/Views/Shared/10125.cshtml
~/Views/Shared/10125.vbhtml

2018-02-06 10:05:45
Url：/User/User/CKfangka?id=10125
Message：未找到视图“10125”或其母版视图，或没有视图引擎支持搜索的位置。搜索了以下位置: 
~/Areas/User/Views/User/10125.aspx
~/Areas/User/Views/User/10125.ascx
~/Areas/User/Views/Shared/10125.aspx
~/Areas/User/Views/Shared/10125.ascx
~/Views/User/10125.aspx
~/Views/User/10125.ascx
~/Views/Shared/10125.aspx
~/Views/Shared/10125.ascx
~/Areas/User/Views/User/10125.cshtml
~/Areas/User/Views/User/10125.vbhtml
~/Areas/User/Views/Shared/10125.cshtml
~/Areas/User/Views/Shared/10125.vbhtml
~/Views/User/10125.cshtml
~/Views/User/10125.vbhtml
~/Views/Shared/10125.cshtml
~/Views/Shared/10125.vbhtml

2018-02-06 10:10:56
Url：/User/User/CKfangka?id=10124
Message：未找到视图“10124”或其母版视图，或没有视图引擎支持搜索的位置。搜索了以下位置: 
~/Areas/User/Views/User/10124.aspx
~/Areas/User/Views/User/10124.ascx
~/Areas/User/Views/Shared/10124.aspx
~/Areas/User/Views/Shared/10124.ascx
~/Views/User/10124.aspx
~/Views/User/10124.ascx
~/Views/Shared/10124.aspx
~/Views/Shared/10124.ascx
~/Areas/User/Views/User/10124.cshtml
~/Areas/User/Views/User/10124.vbhtml
~/Areas/User/Views/Shared/10124.cshtml
~/Areas/User/Views/Shared/10124.vbhtml
~/Views/User/10124.cshtml
~/Views/User/10124.vbhtml
~/Views/Shared/10124.cshtml
~/Views/Shared/10124.vbhtml

2018-02-06 10:10:56
Url：/User/User/CKfangka?id=10124
Message：未找到视图“10124”或其母版视图，或没有视图引擎支持搜索的位置。搜索了以下位置: 
~/Areas/User/Views/User/10124.aspx
~/Areas/User/Views/User/10124.ascx
~/Areas/User/Views/Shared/10124.aspx
~/Areas/User/Views/Shared/10124.ascx
~/Views/User/10124.aspx
~/Views/User/10124.ascx
~/Views/Shared/10124.aspx
~/Views/Shared/10124.ascx
~/Areas/User/Views/User/10124.cshtml
~/Areas/User/Views/User/10124.vbhtml
~/Areas/User/Views/Shared/10124.cshtml
~/Areas/User/Views/Shared/10124.vbhtml
~/Views/User/10124.cshtml
~/Views/User/10124.vbhtml
~/Views/Shared/10124.cshtml
~/Views/Shared/10124.vbhtml

2018-02-06 10:11:07
Url：/User/User/CKfangka?id=10124
Message：未找到视图“10124”或其母版视图，或没有视图引擎支持搜索的位置。搜索了以下位置: 
~/Areas/User/Views/User/10124.aspx
~/Areas/User/Views/User/10124.ascx
~/Areas/User/Views/Shared/10124.aspx
~/Areas/User/Views/Shared/10124.ascx
~/Views/User/10124.aspx
~/Views/User/10124.ascx
~/Views/Shared/10124.aspx
~/Views/Shared/10124.ascx
~/Areas/User/Views/User/10124.cshtml
~/Areas/User/Views/User/10124.vbhtml
~/Areas/User/Views/Shared/10124.cshtml
~/Areas/User/Views/Shared/10124.vbhtml
~/Views/User/10124.cshtml
~/Views/User/10124.vbhtml
~/Views/Shared/10124.cshtml
~/Views/Shared/10124.vbhtml

2018-02-06 10:11:07
Url：/User/User/CKfangka?id=10124
Message：未找到视图“10124”或其母版视图，或没有视图引擎支持搜索的位置。搜索了以下位置: 
~/Areas/User/Views/User/10124.aspx
~/Areas/User/Views/User/10124.ascx
~/Areas/User/Views/Shared/10124.aspx
~/Areas/User/Views/Shared/10124.ascx
~/Views/User/10124.aspx
~/Views/User/10124.ascx
~/Views/Shared/10124.aspx
~/Views/Shared/10124.ascx
~/Areas/User/Views/User/10124.cshtml
~/Areas/User/Views/User/10124.vbhtml
~/Areas/User/Views/Shared/10124.cshtml
~/Areas/User/Views/Shared/10124.vbhtml
~/Views/User/10124.cshtml
~/Views/User/10124.vbhtml
~/Views/Shared/10124.cshtml
~/Views/Shared/10124.vbhtml

2018-02-06 10:11:10
Url：/User/User/CKfangka?id=10129
Message：未找到视图“10129”或其母版视图，或没有视图引擎支持搜索的位置。搜索了以下位置: 
~/Areas/User/Views/User/10129.aspx
~/Areas/User/Views/User/10129.ascx
~/Areas/User/Views/Shared/10129.aspx
~/Areas/User/Views/Shared/10129.ascx
~/Views/User/10129.aspx
~/Views/User/10129.ascx
~/Views/Shared/10129.aspx
~/Views/Shared/10129.ascx
~/Areas/User/Views/User/10129.cshtml
~/Areas/User/Views/User/10129.vbhtml
~/Areas/User/Views/Shared/10129.cshtml
~/Areas/User/Views/Shared/10129.vbhtml
~/Views/User/10129.cshtml
~/Views/User/10129.vbhtml
~/Views/Shared/10129.cshtml
~/Views/Shared/10129.vbhtml

2018-02-06 10:11:10
Url：/User/User/CKfangka?id=10129
Message：未找到视图“10129”或其母版视图，或没有视图引擎支持搜索的位置。搜索了以下位置: 
~/Areas/User/Views/User/10129.aspx
~/Areas/User/Views/User/10129.ascx
~/Areas/User/Views/Shared/10129.aspx
~/Areas/User/Views/Shared/10129.ascx
~/Views/User/10129.aspx
~/Views/User/10129.ascx
~/Views/Shared/10129.aspx
~/Views/Shared/10129.ascx
~/Areas/User/Views/User/10129.cshtml
~/Areas/User/Views/User/10129.vbhtml
~/Areas/User/Views/Shared/10129.cshtml
~/Areas/User/Views/Shared/10129.vbhtml
~/Views/User/10129.cshtml
~/Views/User/10129.vbhtml
~/Views/Shared/10129.cshtml
~/Views/Shared/10129.vbhtml

2018-02-06 10:11:18
Url：/User/User/CKfangka?id=10127
Message：未找到视图“10127”或其母版视图，或没有视图引擎支持搜索的位置。搜索了以下位置: 
~/Areas/User/Views/User/10127.aspx
~/Areas/User/Views/User/10127.ascx
~/Areas/User/Views/Shared/10127.aspx
~/Areas/User/Views/Shared/10127.ascx
~/Views/User/10127.aspx
~/Views/User/10127.ascx
~/Views/Shared/10127.aspx
~/Views/Shared/10127.ascx
~/Areas/User/Views/User/10127.cshtml
~/Areas/User/Views/User/10127.vbhtml
~/Areas/User/Views/Shared/10127.cshtml
~/Areas/User/Views/Shared/10127.vbhtml
~/Views/User/10127.cshtml
~/Views/User/10127.vbhtml
~/Views/Shared/10127.cshtml
~/Views/Shared/10127.vbhtml

2018-02-06 10:11:18
Url：/User/User/CKfangka?id=10127
Message：未找到视图“10127”或其母版视图，或没有视图引擎支持搜索的位置。搜索了以下位置: 
~/Areas/User/Views/User/10127.aspx
~/Areas/User/Views/User/10127.ascx
~/Areas/User/Views/Shared/10127.aspx
~/Areas/User/Views/Shared/10127.ascx
~/Views/User/10127.aspx
~/Views/User/10127.ascx
~/Views/Shared/10127.aspx
~/Views/Shared/10127.ascx
~/Areas/User/Views/User/10127.cshtml
~/Areas/User/Views/User/10127.vbhtml
~/Areas/User/Views/Shared/10127.cshtml
~/Areas/User/Views/Shared/10127.vbhtml
~/Views/User/10127.cshtml
~/Views/User/10127.vbhtml
~/Views/Shared/10127.cshtml
~/Views/Shared/10127.vbhtml

2018-02-06 14:49:25
Url：/ClubModule/Club/GetClubUserPage?pagination=%7B%22rows%22%3A50%2C%22page%22%3A1%2C%22sidx%22%3A%22%22%2C%22sord%22%3A%22ASC%22%2C%22records%22%3A0%2C%22total%22%3A0%7D&_=1517899765304
Message：You have an error in your SQL syntax; check the manual that corresponds to your MySQL server version for the right syntax to use near '10256396,10137,2,3,0,NOW())' at line 2

2018-02-06 14:49:25
Url：/ClubModule/Club/GetClubUserPage?pagination=%7B%22rows%22%3A50%2C%22page%22%3A1%2C%22sidx%22%3A%22%22%2C%22sord%22%3A%22ASC%22%2C%22records%22%3A0%2C%22total%22%3A0%7D&_=1517899765304
Message：You have an error in your SQL syntax; check the manual that corresponds to your MySQL server version for the right syntax to use near '10256396,10137,2,3,0,NOW())' at line 2

2018-02-06 14:55:41
Url：/ClubModule/Club/GetClubUserPage?pagination=%7B%22rows%22%3A50%2C%22page%22%3A1%2C%22sidx%22%3A%22%22%2C%22sord%22%3A%22ASC%22%2C%22records%22%3A0%2C%22total%22%3A0%7D&_=1517900141281
Message：序列包含一个以上的元素

2018-02-06 14:55:41
Url：/ClubModule/Club/GetClubUserPage?pagination=%7B%22rows%22%3A50%2C%22page%22%3A1%2C%22sidx%22%3A%22%22%2C%22sord%22%3A%22ASC%22%2C%22records%22%3A0%2C%22total%22%3A0%7D&_=1517900141281
Message：序列包含一个以上的元素

2018-02-06 15:00:07
Url：/ClubModule/Club/GetClubUserPage?pagination=%7B%22rows%22%3A50%2C%22page%22%3A1%2C%22sidx%22%3A%22%22%2C%22sord%22%3A%22ASC%22%2C%22records%22%3A0%2C%22total%22%3A0%7D&_=1517900407096
Message：序列包含一个以上的元素

2018-02-06 15:00:07
Url：/ClubModule/Club/GetClubUserPage?pagination=%7B%22rows%22%3A50%2C%22page%22%3A1%2C%22sidx%22%3A%22%22%2C%22sord%22%3A%22ASC%22%2C%22records%22%3A0%2C%22total%22%3A0%7D&_=1517900407096
Message：序列包含一个以上的元素

2018-02-06 17:50:54
Url：/ClubModule/Club/GetClubPage?pagination=%7B%22rows%22%3A50%2C%22page%22%3A1%2C%22sidx%22%3A%22%22%2C%22sord%22%3A%22ASC%22%2C%22records%22%3A0%2C%22total%22%3A0%7D&_=1517910654664
Message：Table 'linyun_game.t_club' doesn't exist

2018-02-06 17:50:54
Url：/ClubModule/Club/GetClubPage?pagination=%7B%22rows%22%3A50%2C%22page%22%3A1%2C%22sidx%22%3A%22%22%2C%22sord%22%3A%22ASC%22%2C%22records%22%3A0%2C%22total%22%3A0%7D&_=1517910654664
Message：Table 'linyun_game.t_club' doesn't exist

