2018-01-30 10:34:35
Url：/DataStatistics/GameLog/Index?id=10126
Message：未找到视图“10126”或其母版视图，或没有视图引擎支持搜索的位置。搜索了以下位置: 
~/Areas/DataStatistics/Views/GameLog/10126.aspx
~/Areas/DataStatistics/Views/GameLog/10126.ascx
~/Areas/DataStatistics/Views/Shared/10126.aspx
~/Areas/DataStatistics/Views/Shared/10126.ascx
~/Views/GameLog/10126.aspx
~/Views/GameLog/10126.ascx
~/Views/Shared/10126.aspx
~/Views/Shared/10126.ascx
~/Areas/DataStatistics/Views/GameLog/10126.cshtml
~/Areas/DataStatistics/Views/GameLog/10126.vbhtml
~/Areas/DataStatistics/Views/Shared/10126.cshtml
~/Areas/DataStatistics/Views/Shared/10126.vbhtml
~/Views/GameLog/10126.cshtml
~/Views/GameLog/10126.vbhtml
~/Views/Shared/10126.cshtml
~/Views/Shared/10126.vbhtml

2018-01-30 10:34:36
Url：/DataStatistics/GameLog/Index?id=10126
Message：未找到视图“10126”或其母版视图，或没有视图引擎支持搜索的位置。搜索了以下位置: 
~/Areas/DataStatistics/Views/GameLog/10126.aspx
~/Areas/DataStatistics/Views/GameLog/10126.ascx
~/Areas/DataStatistics/Views/Shared/10126.aspx
~/Areas/DataStatistics/Views/Shared/10126.ascx
~/Views/GameLog/10126.aspx
~/Views/GameLog/10126.ascx
~/Views/Shared/10126.aspx
~/Views/Shared/10126.ascx
~/Areas/DataStatistics/Views/GameLog/10126.cshtml
~/Areas/DataStatistics/Views/GameLog/10126.vbhtml
~/Areas/DataStatistics/Views/Shared/10126.cshtml
~/Areas/DataStatistics/Views/Shared/10126.vbhtml
~/Views/GameLog/10126.cshtml
~/Views/GameLog/10126.vbhtml
~/Views/Shared/10126.cshtml
~/Views/Shared/10126.vbhtml

2018-01-30 10:34:53
Url：/DataStatistics/GameLog/Index?id=10126
Message：未找到视图“10126”或其母版视图，或没有视图引擎支持搜索的位置。搜索了以下位置: 
~/Areas/DataStatistics/Views/GameLog/10126.aspx
~/Areas/DataStatistics/Views/GameLog/10126.ascx
~/Areas/DataStatistics/Views/Shared/10126.aspx
~/Areas/DataStatistics/Views/Shared/10126.ascx
~/Views/GameLog/10126.aspx
~/Views/GameLog/10126.ascx
~/Views/Shared/10126.aspx
~/Views/Shared/10126.ascx
~/Areas/DataStatistics/Views/GameLog/10126.cshtml
~/Areas/DataStatistics/Views/GameLog/10126.vbhtml
~/Areas/DataStatistics/Views/Shared/10126.cshtml
~/Areas/DataStatistics/Views/Shared/10126.vbhtml
~/Views/GameLog/10126.cshtml
~/Views/GameLog/10126.vbhtml
~/Views/Shared/10126.cshtml
~/Views/Shared/10126.vbhtml

2018-01-30 10:34:53
Url：/DataStatistics/GameLog/Index?id=10126
Message：未找到视图“10126”或其母版视图，或没有视图引擎支持搜索的位置。搜索了以下位置: 
~/Areas/DataStatistics/Views/GameLog/10126.aspx
~/Areas/DataStatistics/Views/GameLog/10126.ascx
~/Areas/DataStatistics/Views/Shared/10126.aspx
~/Areas/DataStatistics/Views/Shared/10126.ascx
~/Views/GameLog/10126.aspx
~/Views/GameLog/10126.ascx
~/Views/Shared/10126.aspx
~/Views/Shared/10126.ascx
~/Areas/DataStatistics/Views/GameLog/10126.cshtml
~/Areas/DataStatistics/Views/GameLog/10126.vbhtml
~/Areas/DataStatistics/Views/Shared/10126.cshtml
~/Areas/DataStatistics/Views/Shared/10126.vbhtml
~/Views/GameLog/10126.cshtml
~/Views/GameLog/10126.vbhtml
~/Views/Shared/10126.cshtml
~/Views/Shared/10126.vbhtml

2018-01-30 10:35:37
Url：/DataStatistics/GameLog/Index?id=10126
Message：未找到视图“10126”或其母版视图，或没有视图引擎支持搜索的位置。搜索了以下位置: 
~/Areas/DataStatistics/Views/GameLog/10126.aspx
~/Areas/DataStatistics/Views/GameLog/10126.ascx
~/Areas/DataStatistics/Views/Shared/10126.aspx
~/Areas/DataStatistics/Views/Shared/10126.ascx
~/Views/GameLog/10126.aspx
~/Views/GameLog/10126.ascx
~/Views/Shared/10126.aspx
~/Views/Shared/10126.ascx
~/Areas/DataStatistics/Views/GameLog/10126.cshtml
~/Areas/DataStatistics/Views/GameLog/10126.vbhtml
~/Areas/DataStatistics/Views/Shared/10126.cshtml
~/Areas/DataStatistics/Views/Shared/10126.vbhtml
~/Views/GameLog/10126.cshtml
~/Views/GameLog/10126.vbhtml
~/Views/Shared/10126.cshtml
~/Views/Shared/10126.vbhtml

2018-01-30 10:35:37
Url：/DataStatistics/GameLog/Index?id=10126
Message：未找到视图“10126”或其母版视图，或没有视图引擎支持搜索的位置。搜索了以下位置: 
~/Areas/DataStatistics/Views/GameLog/10126.aspx
~/Areas/DataStatistics/Views/GameLog/10126.ascx
~/Areas/DataStatistics/Views/Shared/10126.aspx
~/Areas/DataStatistics/Views/Shared/10126.ascx
~/Views/GameLog/10126.aspx
~/Views/GameLog/10126.ascx
~/Views/Shared/10126.aspx
~/Views/Shared/10126.ascx
~/Areas/DataStatistics/Views/GameLog/10126.cshtml
~/Areas/DataStatistics/Views/GameLog/10126.vbhtml
~/Areas/DataStatistics/Views/Shared/10126.cshtml
~/Areas/DataStatistics/Views/Shared/10126.vbhtml
~/Views/GameLog/10126.cshtml
~/Views/GameLog/10126.vbhtml
~/Views/Shared/10126.cshtml
~/Views/Shared/10126.vbhtml

2018-01-30 10:44:16
Url：/DataStatistics/GameLog/Index?id=10128
Message：未找到视图“10128”或其母版视图，或没有视图引擎支持搜索的位置。搜索了以下位置: 
~/Areas/DataStatistics/Views/GameLog/10128.aspx
~/Areas/DataStatistics/Views/GameLog/10128.ascx
~/Areas/DataStatistics/Views/Shared/10128.aspx
~/Areas/DataStatistics/Views/Shared/10128.ascx
~/Views/GameLog/10128.aspx
~/Views/GameLog/10128.ascx
~/Views/Shared/10128.aspx
~/Views/Shared/10128.ascx
~/Areas/DataStatistics/Views/GameLog/10128.cshtml
~/Areas/DataStatistics/Views/GameLog/10128.vbhtml
~/Areas/DataStatistics/Views/Shared/10128.cshtml
~/Areas/DataStatistics/Views/Shared/10128.vbhtml
~/Views/GameLog/10128.cshtml
~/Views/GameLog/10128.vbhtml
~/Views/Shared/10128.cshtml
~/Views/Shared/10128.vbhtml

2018-01-30 10:44:16
Url：/DataStatistics/GameLog/Index?id=10128
Message：未找到视图“10128”或其母版视图，或没有视图引擎支持搜索的位置。搜索了以下位置: 
~/Areas/DataStatistics/Views/GameLog/10128.aspx
~/Areas/DataStatistics/Views/GameLog/10128.ascx
~/Areas/DataStatistics/Views/Shared/10128.aspx
~/Areas/DataStatistics/Views/Shared/10128.ascx
~/Views/GameLog/10128.aspx
~/Views/GameLog/10128.ascx
~/Views/Shared/10128.aspx
~/Views/Shared/10128.ascx
~/Areas/DataStatistics/Views/GameLog/10128.cshtml
~/Areas/DataStatistics/Views/GameLog/10128.vbhtml
~/Areas/DataStatistics/Views/Shared/10128.cshtml
~/Areas/DataStatistics/Views/Shared/10128.vbhtml
~/Views/GameLog/10128.cshtml
~/Views/GameLog/10128.vbhtml
~/Views/Shared/10128.cshtml
~/Views/Shared/10128.vbhtml

2018-01-30 10:44:34
Url：/DataStatistics/GameLog/Index?id=10128
Message：未找到视图“10128”或其母版视图，或没有视图引擎支持搜索的位置。搜索了以下位置: 
~/Areas/DataStatistics/Views/GameLog/10128.aspx
~/Areas/DataStatistics/Views/GameLog/10128.ascx
~/Areas/DataStatistics/Views/Shared/10128.aspx
~/Areas/DataStatistics/Views/Shared/10128.ascx
~/Views/GameLog/10128.aspx
~/Views/GameLog/10128.ascx
~/Views/Shared/10128.aspx
~/Views/Shared/10128.ascx
~/Areas/DataStatistics/Views/GameLog/10128.cshtml
~/Areas/DataStatistics/Views/GameLog/10128.vbhtml
~/Areas/DataStatistics/Views/Shared/10128.cshtml
~/Areas/DataStatistics/Views/Shared/10128.vbhtml
~/Views/GameLog/10128.cshtml
~/Views/GameLog/10128.vbhtml
~/Views/Shared/10128.cshtml
~/Views/Shared/10128.vbhtml

2018-01-30 10:44:34
Url：/DataStatistics/GameLog/Index?id=10128
Message：未找到视图“10128”或其母版视图，或没有视图引擎支持搜索的位置。搜索了以下位置: 
~/Areas/DataStatistics/Views/GameLog/10128.aspx
~/Areas/DataStatistics/Views/GameLog/10128.ascx
~/Areas/DataStatistics/Views/Shared/10128.aspx
~/Areas/DataStatistics/Views/Shared/10128.ascx
~/Views/GameLog/10128.aspx
~/Views/GameLog/10128.ascx
~/Views/Shared/10128.aspx
~/Views/Shared/10128.ascx
~/Areas/DataStatistics/Views/GameLog/10128.cshtml
~/Areas/DataStatistics/Views/GameLog/10128.vbhtml
~/Areas/DataStatistics/Views/Shared/10128.cshtml
~/Areas/DataStatistics/Views/Shared/10128.vbhtml
~/Views/GameLog/10128.cshtml
~/Views/GameLog/10128.vbhtml
~/Views/Shared/10128.cshtml
~/Views/Shared/10128.vbhtml

2018-01-30 10:44:42
Url：/DataStatistics/GameLog/Index?id=10124
Message：未找到视图“10124”或其母版视图，或没有视图引擎支持搜索的位置。搜索了以下位置: 
~/Areas/DataStatistics/Views/GameLog/10124.aspx
~/Areas/DataStatistics/Views/GameLog/10124.ascx
~/Areas/DataStatistics/Views/Shared/10124.aspx
~/Areas/DataStatistics/Views/Shared/10124.ascx
~/Views/GameLog/10124.aspx
~/Views/GameLog/10124.ascx
~/Views/Shared/10124.aspx
~/Views/Shared/10124.ascx
~/Areas/DataStatistics/Views/GameLog/10124.cshtml
~/Areas/DataStatistics/Views/GameLog/10124.vbhtml
~/Areas/DataStatistics/Views/Shared/10124.cshtml
~/Areas/DataStatistics/Views/Shared/10124.vbhtml
~/Views/GameLog/10124.cshtml
~/Views/GameLog/10124.vbhtml
~/Views/Shared/10124.cshtml
~/Views/Shared/10124.vbhtml

2018-01-30 10:44:42
Url：/DataStatistics/GameLog/Index?id=10124
Message：未找到视图“10124”或其母版视图，或没有视图引擎支持搜索的位置。搜索了以下位置: 
~/Areas/DataStatistics/Views/GameLog/10124.aspx
~/Areas/DataStatistics/Views/GameLog/10124.ascx
~/Areas/DataStatistics/Views/Shared/10124.aspx
~/Areas/DataStatistics/Views/Shared/10124.ascx
~/Views/GameLog/10124.aspx
~/Views/GameLog/10124.ascx
~/Views/Shared/10124.aspx
~/Views/Shared/10124.ascx
~/Areas/DataStatistics/Views/GameLog/10124.cshtml
~/Areas/DataStatistics/Views/GameLog/10124.vbhtml
~/Areas/DataStatistics/Views/Shared/10124.cshtml
~/Areas/DataStatistics/Views/Shared/10124.vbhtml
~/Views/GameLog/10124.cshtml
~/Views/GameLog/10124.vbhtml
~/Views/Shared/10124.cshtml
~/Views/Shared/10124.vbhtml

2018-01-30 10:46:13
Url：/DataStatistics/GameLog/Index?id=10126
Message：未找到视图“10126”或其母版视图，或没有视图引擎支持搜索的位置。搜索了以下位置: 
~/Areas/DataStatistics/Views/GameLog/10126.aspx
~/Areas/DataStatistics/Views/GameLog/10126.ascx
~/Areas/DataStatistics/Views/Shared/10126.aspx
~/Areas/DataStatistics/Views/Shared/10126.ascx
~/Views/GameLog/10126.aspx
~/Views/GameLog/10126.ascx
~/Views/Shared/10126.aspx
~/Views/Shared/10126.ascx
~/Areas/DataStatistics/Views/GameLog/10126.cshtml
~/Areas/DataStatistics/Views/GameLog/10126.vbhtml
~/Areas/DataStatistics/Views/Shared/10126.cshtml
~/Areas/DataStatistics/Views/Shared/10126.vbhtml
~/Views/GameLog/10126.cshtml
~/Views/GameLog/10126.vbhtml
~/Views/Shared/10126.cshtml
~/Views/Shared/10126.vbhtml

2018-01-30 10:46:13
Url：/DataStatistics/GameLog/Index?id=10126
Message：未找到视图“10126”或其母版视图，或没有视图引擎支持搜索的位置。搜索了以下位置: 
~/Areas/DataStatistics/Views/GameLog/10126.aspx
~/Areas/DataStatistics/Views/GameLog/10126.ascx
~/Areas/DataStatistics/Views/Shared/10126.aspx
~/Areas/DataStatistics/Views/Shared/10126.ascx
~/Views/GameLog/10126.aspx
~/Views/GameLog/10126.ascx
~/Views/Shared/10126.aspx
~/Views/Shared/10126.ascx
~/Areas/DataStatistics/Views/GameLog/10126.cshtml
~/Areas/DataStatistics/Views/GameLog/10126.vbhtml
~/Areas/DataStatistics/Views/Shared/10126.cshtml
~/Areas/DataStatistics/Views/Shared/10126.vbhtml
~/Views/GameLog/10126.cshtml
~/Views/GameLog/10126.vbhtml
~/Views/Shared/10126.cshtml
~/Views/Shared/10126.vbhtml

2018-01-30 10:47:08
Url：/DataStatistics/GameLog/Index?id=10124
Message：未找到视图“10124”或其母版视图，或没有视图引擎支持搜索的位置。搜索了以下位置: 
~/Areas/DataStatistics/Views/GameLog/10124.aspx
~/Areas/DataStatistics/Views/GameLog/10124.ascx
~/Areas/DataStatistics/Views/Shared/10124.aspx
~/Areas/DataStatistics/Views/Shared/10124.ascx
~/Views/GameLog/10124.aspx
~/Views/GameLog/10124.ascx
~/Views/Shared/10124.aspx
~/Views/Shared/10124.ascx
~/Areas/DataStatistics/Views/GameLog/10124.cshtml
~/Areas/DataStatistics/Views/GameLog/10124.vbhtml
~/Areas/DataStatistics/Views/Shared/10124.cshtml
~/Areas/DataStatistics/Views/Shared/10124.vbhtml
~/Views/GameLog/10124.cshtml
~/Views/GameLog/10124.vbhtml
~/Views/Shared/10124.cshtml
~/Views/Shared/10124.vbhtml

2018-01-30 10:47:08
Url：/DataStatistics/GameLog/Index?id=10124
Message：未找到视图“10124”或其母版视图，或没有视图引擎支持搜索的位置。搜索了以下位置: 
~/Areas/DataStatistics/Views/GameLog/10124.aspx
~/Areas/DataStatistics/Views/GameLog/10124.ascx
~/Areas/DataStatistics/Views/Shared/10124.aspx
~/Areas/DataStatistics/Views/Shared/10124.ascx
~/Views/GameLog/10124.aspx
~/Views/GameLog/10124.ascx
~/Views/Shared/10124.aspx
~/Views/Shared/10124.ascx
~/Areas/DataStatistics/Views/GameLog/10124.cshtml
~/Areas/DataStatistics/Views/GameLog/10124.vbhtml
~/Areas/DataStatistics/Views/Shared/10124.cshtml
~/Areas/DataStatistics/Views/Shared/10124.vbhtml
~/Views/GameLog/10124.cshtml
~/Views/GameLog/10124.vbhtml
~/Views/Shared/10124.cshtml
~/Views/Shared/10124.vbhtml

2018-01-30 10:47:13
Url：/DataStatistics/GameLog/Index?id=10125
Message：未找到视图“10125”或其母版视图，或没有视图引擎支持搜索的位置。搜索了以下位置: 
~/Areas/DataStatistics/Views/GameLog/10125.aspx
~/Areas/DataStatistics/Views/GameLog/10125.ascx
~/Areas/DataStatistics/Views/Shared/10125.aspx
~/Areas/DataStatistics/Views/Shared/10125.ascx
~/Views/GameLog/10125.aspx
~/Views/GameLog/10125.ascx
~/Views/Shared/10125.aspx
~/Views/Shared/10125.ascx
~/Areas/DataStatistics/Views/GameLog/10125.cshtml
~/Areas/DataStatistics/Views/GameLog/10125.vbhtml
~/Areas/DataStatistics/Views/Shared/10125.cshtml
~/Areas/DataStatistics/Views/Shared/10125.vbhtml
~/Views/GameLog/10125.cshtml
~/Views/GameLog/10125.vbhtml
~/Views/Shared/10125.cshtml
~/Views/Shared/10125.vbhtml

2018-01-30 10:47:13
Url：/DataStatistics/GameLog/Index?id=10125
Message：未找到视图“10125”或其母版视图，或没有视图引擎支持搜索的位置。搜索了以下位置: 
~/Areas/DataStatistics/Views/GameLog/10125.aspx
~/Areas/DataStatistics/Views/GameLog/10125.ascx
~/Areas/DataStatistics/Views/Shared/10125.aspx
~/Areas/DataStatistics/Views/Shared/10125.ascx
~/Views/GameLog/10125.aspx
~/Views/GameLog/10125.ascx
~/Views/Shared/10125.aspx
~/Views/Shared/10125.ascx
~/Areas/DataStatistics/Views/GameLog/10125.cshtml
~/Areas/DataStatistics/Views/GameLog/10125.vbhtml
~/Areas/DataStatistics/Views/Shared/10125.cshtml
~/Areas/DataStatistics/Views/Shared/10125.vbhtml
~/Views/GameLog/10125.cshtml
~/Views/GameLog/10125.vbhtml
~/Views/Shared/10125.cshtml
~/Views/Shared/10125.vbhtml

2018-01-30 10:47:45
Url：/DataStatistics/GameLog/Index?id=10125
Message：未找到视图“10125”或其母版视图，或没有视图引擎支持搜索的位置。搜索了以下位置: 
~/Areas/DataStatistics/Views/GameLog/10125.aspx
~/Areas/DataStatistics/Views/GameLog/10125.ascx
~/Areas/DataStatistics/Views/Shared/10125.aspx
~/Areas/DataStatistics/Views/Shared/10125.ascx
~/Views/GameLog/10125.aspx
~/Views/GameLog/10125.ascx
~/Views/Shared/10125.aspx
~/Views/Shared/10125.ascx
~/Areas/DataStatistics/Views/GameLog/10125.cshtml
~/Areas/DataStatistics/Views/GameLog/10125.vbhtml
~/Areas/DataStatistics/Views/Shared/10125.cshtml
~/Areas/DataStatistics/Views/Shared/10125.vbhtml
~/Views/GameLog/10125.cshtml
~/Views/GameLog/10125.vbhtml
~/Views/Shared/10125.cshtml
~/Views/Shared/10125.vbhtml

2018-01-30 10:47:45
Url：/DataStatistics/GameLog/Index?id=10125
Message：未找到视图“10125”或其母版视图，或没有视图引擎支持搜索的位置。搜索了以下位置: 
~/Areas/DataStatistics/Views/GameLog/10125.aspx
~/Areas/DataStatistics/Views/GameLog/10125.ascx
~/Areas/DataStatistics/Views/Shared/10125.aspx
~/Areas/DataStatistics/Views/Shared/10125.ascx
~/Views/GameLog/10125.aspx
~/Views/GameLog/10125.ascx
~/Views/Shared/10125.aspx
~/Views/Shared/10125.ascx
~/Areas/DataStatistics/Views/GameLog/10125.cshtml
~/Areas/DataStatistics/Views/GameLog/10125.vbhtml
~/Areas/DataStatistics/Views/Shared/10125.cshtml
~/Areas/DataStatistics/Views/Shared/10125.vbhtml
~/Views/GameLog/10125.cshtml
~/Views/GameLog/10125.vbhtml
~/Views/Shared/10125.cshtml
~/Views/Shared/10125.vbhtml

2018-01-30 10:51:30
Url：/DataStatistics/GameLog/Index?id=10124
Message：未找到视图“10124”或其母版视图，或没有视图引擎支持搜索的位置。搜索了以下位置: 
~/Areas/DataStatistics/Views/GameLog/10124.aspx
~/Areas/DataStatistics/Views/GameLog/10124.ascx
~/Areas/DataStatistics/Views/Shared/10124.aspx
~/Areas/DataStatistics/Views/Shared/10124.ascx
~/Views/GameLog/10124.aspx
~/Views/GameLog/10124.ascx
~/Views/Shared/10124.aspx
~/Views/Shared/10124.ascx
~/Areas/DataStatistics/Views/GameLog/10124.cshtml
~/Areas/DataStatistics/Views/GameLog/10124.vbhtml
~/Areas/DataStatistics/Views/Shared/10124.cshtml
~/Areas/DataStatistics/Views/Shared/10124.vbhtml
~/Views/GameLog/10124.cshtml
~/Views/GameLog/10124.vbhtml
~/Views/Shared/10124.cshtml
~/Views/Shared/10124.vbhtml

2018-01-30 10:51:30
Url：/DataStatistics/GameLog/Index?id=10124
Message：未找到视图“10124”或其母版视图，或没有视图引擎支持搜索的位置。搜索了以下位置: 
~/Areas/DataStatistics/Views/GameLog/10124.aspx
~/Areas/DataStatistics/Views/GameLog/10124.ascx
~/Areas/DataStatistics/Views/Shared/10124.aspx
~/Areas/DataStatistics/Views/Shared/10124.ascx
~/Views/GameLog/10124.aspx
~/Views/GameLog/10124.ascx
~/Views/Shared/10124.aspx
~/Views/Shared/10124.ascx
~/Areas/DataStatistics/Views/GameLog/10124.cshtml
~/Areas/DataStatistics/Views/GameLog/10124.vbhtml
~/Areas/DataStatistics/Views/Shared/10124.cshtml
~/Areas/DataStatistics/Views/Shared/10124.vbhtml
~/Views/GameLog/10124.cshtml
~/Views/GameLog/10124.vbhtml
~/Views/Shared/10124.cshtml
~/Views/Shared/10124.vbhtml

2018-01-30 10:51:36
Url：/DataStatistics/GameLog/Index?id=10126
Message：未找到视图“10126”或其母版视图，或没有视图引擎支持搜索的位置。搜索了以下位置: 
~/Areas/DataStatistics/Views/GameLog/10126.aspx
~/Areas/DataStatistics/Views/GameLog/10126.ascx
~/Areas/DataStatistics/Views/Shared/10126.aspx
~/Areas/DataStatistics/Views/Shared/10126.ascx
~/Views/GameLog/10126.aspx
~/Views/GameLog/10126.ascx
~/Views/Shared/10126.aspx
~/Views/Shared/10126.ascx
~/Areas/DataStatistics/Views/GameLog/10126.cshtml
~/Areas/DataStatistics/Views/GameLog/10126.vbhtml
~/Areas/DataStatistics/Views/Shared/10126.cshtml
~/Areas/DataStatistics/Views/Shared/10126.vbhtml
~/Views/GameLog/10126.cshtml
~/Views/GameLog/10126.vbhtml
~/Views/Shared/10126.cshtml
~/Views/Shared/10126.vbhtml

2018-01-30 10:51:36
Url：/DataStatistics/GameLog/Index?id=10126
Message：未找到视图“10126”或其母版视图，或没有视图引擎支持搜索的位置。搜索了以下位置: 
~/Areas/DataStatistics/Views/GameLog/10126.aspx
~/Areas/DataStatistics/Views/GameLog/10126.ascx
~/Areas/DataStatistics/Views/Shared/10126.aspx
~/Areas/DataStatistics/Views/Shared/10126.ascx
~/Views/GameLog/10126.aspx
~/Views/GameLog/10126.ascx
~/Views/Shared/10126.aspx
~/Views/Shared/10126.ascx
~/Areas/DataStatistics/Views/GameLog/10126.cshtml
~/Areas/DataStatistics/Views/GameLog/10126.vbhtml
~/Areas/DataStatistics/Views/Shared/10126.cshtml
~/Areas/DataStatistics/Views/Shared/10126.vbhtml
~/Views/GameLog/10126.cshtml
~/Views/GameLog/10126.vbhtml
~/Views/Shared/10126.cshtml
~/Views/Shared/10126.vbhtml

2018-01-30 10:51:41
Url：/DataStatistics/GameLog/Index?id=10128
Message：未找到视图“10128”或其母版视图，或没有视图引擎支持搜索的位置。搜索了以下位置: 
~/Areas/DataStatistics/Views/GameLog/10128.aspx
~/Areas/DataStatistics/Views/GameLog/10128.ascx
~/Areas/DataStatistics/Views/Shared/10128.aspx
~/Areas/DataStatistics/Views/Shared/10128.ascx
~/Views/GameLog/10128.aspx
~/Views/GameLog/10128.ascx
~/Views/Shared/10128.aspx
~/Views/Shared/10128.ascx
~/Areas/DataStatistics/Views/GameLog/10128.cshtml
~/Areas/DataStatistics/Views/GameLog/10128.vbhtml
~/Areas/DataStatistics/Views/Shared/10128.cshtml
~/Areas/DataStatistics/Views/Shared/10128.vbhtml
~/Views/GameLog/10128.cshtml
~/Views/GameLog/10128.vbhtml
~/Views/Shared/10128.cshtml
~/Views/Shared/10128.vbhtml

2018-01-30 10:51:42
Url：/DataStatistics/GameLog/Index?id=10128
Message：未找到视图“10128”或其母版视图，或没有视图引擎支持搜索的位置。搜索了以下位置: 
~/Areas/DataStatistics/Views/GameLog/10128.aspx
~/Areas/DataStatistics/Views/GameLog/10128.ascx
~/Areas/DataStatistics/Views/Shared/10128.aspx
~/Areas/DataStatistics/Views/Shared/10128.ascx
~/Views/GameLog/10128.aspx
~/Views/GameLog/10128.ascx
~/Views/Shared/10128.aspx
~/Views/Shared/10128.ascx
~/Areas/DataStatistics/Views/GameLog/10128.cshtml
~/Areas/DataStatistics/Views/GameLog/10128.vbhtml
~/Areas/DataStatistics/Views/Shared/10128.cshtml
~/Areas/DataStatistics/Views/Shared/10128.vbhtml
~/Views/GameLog/10128.cshtml
~/Views/GameLog/10128.vbhtml
~/Views/Shared/10128.cshtml
~/Views/Shared/10128.vbhtml

2018-01-30 10:52:52
Url：/DataStatistics/GameLog/Index?id=10128
Message：未找到视图“10128”或其母版视图，或没有视图引擎支持搜索的位置。搜索了以下位置: 
~/Areas/DataStatistics/Views/GameLog/10128.aspx
~/Areas/DataStatistics/Views/GameLog/10128.ascx
~/Areas/DataStatistics/Views/Shared/10128.aspx
~/Areas/DataStatistics/Views/Shared/10128.ascx
~/Views/GameLog/10128.aspx
~/Views/GameLog/10128.ascx
~/Views/Shared/10128.aspx
~/Views/Shared/10128.ascx
~/Areas/DataStatistics/Views/GameLog/10128.cshtml
~/Areas/DataStatistics/Views/GameLog/10128.vbhtml
~/Areas/DataStatistics/Views/Shared/10128.cshtml
~/Areas/DataStatistics/Views/Shared/10128.vbhtml
~/Views/GameLog/10128.cshtml
~/Views/GameLog/10128.vbhtml
~/Views/Shared/10128.cshtml
~/Views/Shared/10128.vbhtml

2018-01-30 10:52:52
Url：/DataStatistics/GameLog/Index?id=10128
Message：未找到视图“10128”或其母版视图，或没有视图引擎支持搜索的位置。搜索了以下位置: 
~/Areas/DataStatistics/Views/GameLog/10128.aspx
~/Areas/DataStatistics/Views/GameLog/10128.ascx
~/Areas/DataStatistics/Views/Shared/10128.aspx
~/Areas/DataStatistics/Views/Shared/10128.ascx
~/Views/GameLog/10128.aspx
~/Views/GameLog/10128.ascx
~/Views/Shared/10128.aspx
~/Views/Shared/10128.ascx
~/Areas/DataStatistics/Views/GameLog/10128.cshtml
~/Areas/DataStatistics/Views/GameLog/10128.vbhtml
~/Areas/DataStatistics/Views/Shared/10128.cshtml
~/Areas/DataStatistics/Views/Shared/10128.vbhtml
~/Views/GameLog/10128.cshtml
~/Views/GameLog/10128.vbhtml
~/Views/Shared/10128.cshtml
~/Views/Shared/10128.vbhtml

2018-01-30 10:53:03
Url：/DataStatistics/GameLog/Index?id=10125
Message：未找到视图“10125”或其母版视图，或没有视图引擎支持搜索的位置。搜索了以下位置: 
~/Areas/DataStatistics/Views/GameLog/10125.aspx
~/Areas/DataStatistics/Views/GameLog/10125.ascx
~/Areas/DataStatistics/Views/Shared/10125.aspx
~/Areas/DataStatistics/Views/Shared/10125.ascx
~/Views/GameLog/10125.aspx
~/Views/GameLog/10125.ascx
~/Views/Shared/10125.aspx
~/Views/Shared/10125.ascx
~/Areas/DataStatistics/Views/GameLog/10125.cshtml
~/Areas/DataStatistics/Views/GameLog/10125.vbhtml
~/Areas/DataStatistics/Views/Shared/10125.cshtml
~/Areas/DataStatistics/Views/Shared/10125.vbhtml
~/Views/GameLog/10125.cshtml
~/Views/GameLog/10125.vbhtml
~/Views/Shared/10125.cshtml
~/Views/Shared/10125.vbhtml

2018-01-30 10:53:03
Url：/DataStatistics/GameLog/Index?id=10125
Message：未找到视图“10125”或其母版视图，或没有视图引擎支持搜索的位置。搜索了以下位置: 
~/Areas/DataStatistics/Views/GameLog/10125.aspx
~/Areas/DataStatistics/Views/GameLog/10125.ascx
~/Areas/DataStatistics/Views/Shared/10125.aspx
~/Areas/DataStatistics/Views/Shared/10125.ascx
~/Views/GameLog/10125.aspx
~/Views/GameLog/10125.ascx
~/Views/Shared/10125.aspx
~/Views/Shared/10125.ascx
~/Areas/DataStatistics/Views/GameLog/10125.cshtml
~/Areas/DataStatistics/Views/GameLog/10125.vbhtml
~/Areas/DataStatistics/Views/Shared/10125.cshtml
~/Areas/DataStatistics/Views/Shared/10125.vbhtml
~/Views/GameLog/10125.cshtml
~/Views/GameLog/10125.vbhtml
~/Views/Shared/10125.cshtml
~/Views/Shared/10125.vbhtml

2018-01-30 10:53:12
Url：/DataStatistics/GameLog/Index?id=10127
Message：未找到视图“10127”或其母版视图，或没有视图引擎支持搜索的位置。搜索了以下位置: 
~/Areas/DataStatistics/Views/GameLog/10127.aspx
~/Areas/DataStatistics/Views/GameLog/10127.ascx
~/Areas/DataStatistics/Views/Shared/10127.aspx
~/Areas/DataStatistics/Views/Shared/10127.ascx
~/Views/GameLog/10127.aspx
~/Views/GameLog/10127.ascx
~/Views/Shared/10127.aspx
~/Views/Shared/10127.ascx
~/Areas/DataStatistics/Views/GameLog/10127.cshtml
~/Areas/DataStatistics/Views/GameLog/10127.vbhtml
~/Areas/DataStatistics/Views/Shared/10127.cshtml
~/Areas/DataStatistics/Views/Shared/10127.vbhtml
~/Views/GameLog/10127.cshtml
~/Views/GameLog/10127.vbhtml
~/Views/Shared/10127.cshtml
~/Views/Shared/10127.vbhtml

2018-01-30 10:53:12
Url：/DataStatistics/GameLog/Index?id=10127
Message：未找到视图“10127”或其母版视图，或没有视图引擎支持搜索的位置。搜索了以下位置: 
~/Areas/DataStatistics/Views/GameLog/10127.aspx
~/Areas/DataStatistics/Views/GameLog/10127.ascx
~/Areas/DataStatistics/Views/Shared/10127.aspx
~/Areas/DataStatistics/Views/Shared/10127.ascx
~/Views/GameLog/10127.aspx
~/Views/GameLog/10127.ascx
~/Views/Shared/10127.aspx
~/Views/Shared/10127.ascx
~/Areas/DataStatistics/Views/GameLog/10127.cshtml
~/Areas/DataStatistics/Views/GameLog/10127.vbhtml
~/Areas/DataStatistics/Views/Shared/10127.cshtml
~/Areas/DataStatistics/Views/Shared/10127.vbhtml
~/Views/GameLog/10127.cshtml
~/Views/GameLog/10127.vbhtml
~/Views/Shared/10127.cshtml
~/Views/Shared/10127.vbhtml

2018-01-30 10:53:31
Url：/DataStatistics/GameLog/Index?id=10127
Message：未找到视图“10127”或其母版视图，或没有视图引擎支持搜索的位置。搜索了以下位置: 
~/Areas/DataStatistics/Views/GameLog/10127.aspx
~/Areas/DataStatistics/Views/GameLog/10127.ascx
~/Areas/DataStatistics/Views/Shared/10127.aspx
~/Areas/DataStatistics/Views/Shared/10127.ascx
~/Views/GameLog/10127.aspx
~/Views/GameLog/10127.ascx
~/Views/Shared/10127.aspx
~/Views/Shared/10127.ascx
~/Areas/DataStatistics/Views/GameLog/10127.cshtml
~/Areas/DataStatistics/Views/GameLog/10127.vbhtml
~/Areas/DataStatistics/Views/Shared/10127.cshtml
~/Areas/DataStatistics/Views/Shared/10127.vbhtml
~/Views/GameLog/10127.cshtml
~/Views/GameLog/10127.vbhtml
~/Views/Shared/10127.cshtml
~/Views/Shared/10127.vbhtml

2018-01-30 10:53:32
Url：/DataStatistics/GameLog/Index?id=10127
Message：未找到视图“10127”或其母版视图，或没有视图引擎支持搜索的位置。搜索了以下位置: 
~/Areas/DataStatistics/Views/GameLog/10127.aspx
~/Areas/DataStatistics/Views/GameLog/10127.ascx
~/Areas/DataStatistics/Views/Shared/10127.aspx
~/Areas/DataStatistics/Views/Shared/10127.ascx
~/Views/GameLog/10127.aspx
~/Views/GameLog/10127.ascx
~/Views/Shared/10127.aspx
~/Views/Shared/10127.ascx
~/Areas/DataStatistics/Views/GameLog/10127.cshtml
~/Areas/DataStatistics/Views/GameLog/10127.vbhtml
~/Areas/DataStatistics/Views/Shared/10127.cshtml
~/Areas/DataStatistics/Views/Shared/10127.vbhtml
~/Views/GameLog/10127.cshtml
~/Views/GameLog/10127.vbhtml
~/Views/Shared/10127.cshtml
~/Views/Shared/10127.vbhtml

2018-01-30 10:53:36
Url：/DataStatistics/GameLog/Index?id=10124
Message：未找到视图“10124”或其母版视图，或没有视图引擎支持搜索的位置。搜索了以下位置: 
~/Areas/DataStatistics/Views/GameLog/10124.aspx
~/Areas/DataStatistics/Views/GameLog/10124.ascx
~/Areas/DataStatistics/Views/Shared/10124.aspx
~/Areas/DataStatistics/Views/Shared/10124.ascx
~/Views/GameLog/10124.aspx
~/Views/GameLog/10124.ascx
~/Views/Shared/10124.aspx
~/Views/Shared/10124.ascx
~/Areas/DataStatistics/Views/GameLog/10124.cshtml
~/Areas/DataStatistics/Views/GameLog/10124.vbhtml
~/Areas/DataStatistics/Views/Shared/10124.cshtml
~/Areas/DataStatistics/Views/Shared/10124.vbhtml
~/Views/GameLog/10124.cshtml
~/Views/GameLog/10124.vbhtml
~/Views/Shared/10124.cshtml
~/Views/Shared/10124.vbhtml

2018-01-30 10:53:36
Url：/DataStatistics/GameLog/Index?id=10124
Message：未找到视图“10124”或其母版视图，或没有视图引擎支持搜索的位置。搜索了以下位置: 
~/Areas/DataStatistics/Views/GameLog/10124.aspx
~/Areas/DataStatistics/Views/GameLog/10124.ascx
~/Areas/DataStatistics/Views/Shared/10124.aspx
~/Areas/DataStatistics/Views/Shared/10124.ascx
~/Views/GameLog/10124.aspx
~/Views/GameLog/10124.ascx
~/Views/Shared/10124.aspx
~/Views/Shared/10124.ascx
~/Areas/DataStatistics/Views/GameLog/10124.cshtml
~/Areas/DataStatistics/Views/GameLog/10124.vbhtml
~/Areas/DataStatistics/Views/Shared/10124.cshtml
~/Areas/DataStatistics/Views/Shared/10124.vbhtml
~/Views/GameLog/10124.cshtml
~/Views/GameLog/10124.vbhtml
~/Views/Shared/10124.cshtml
~/Views/Shared/10124.vbhtml

2018-01-30 11:19:31
Url：/DataStatistics/GameLog/Index?id=
Message：对于“Game.H5.Areas.DataStatistics.Controllers.GameLogController”中方法“System.Web.Mvc.ActionResult Index(Int32)”的不可以为 null 的类型“System.Int32”的参数“id”，参数字典包含一个 null 项。可选参数必须为引用类型、可以为 null 的类型或声明为可选参数。
参数名: parameters

2018-01-30 11:19:32
Url：/DataStatistics/GameLog/Index?id=
Message：对于“Game.H5.Areas.DataStatistics.Controllers.GameLogController”中方法“System.Web.Mvc.ActionResult Index(Int32)”的不可以为 null 的类型“System.Int32”的参数“id”，参数字典包含一个 null 项。可选参数必须为引用类型、可以为 null 的类型或声明为可选参数。
参数名: parameters

2018-01-30 11:23:07
Url：/DataStatistics/GameLog/Index?id=
Message：对于“Game.H5.Areas.DataStatistics.Controllers.GameLogController”中方法“System.Web.Mvc.ActionResult Index(Int32)”的不可以为 null 的类型“System.Int32”的参数“id”，参数字典包含一个 null 项。可选参数必须为引用类型、可以为 null 的类型或声明为可选参数。
参数名: parameters

2018-01-30 11:23:07
Url：/DataStatistics/GameLog/Index?id=
Message：对于“Game.H5.Areas.DataStatistics.Controllers.GameLogController”中方法“System.Web.Mvc.ActionResult Index(Int32)”的不可以为 null 的类型“System.Int32”的参数“id”，参数字典包含一个 null 项。可选参数必须为引用类型、可以为 null 的类型或声明为可选参数。
参数名: parameters

2018-01-30 16:07:55
Url：/DataStatistics/GameLog/GameRootNumDetail?id=10125
Message：对于“Game.H5.Areas.DataStatistics.Controllers.GameLogController”中方法“System.Web.Mvc.ActionResult GameRootNumDetail(Int64)”的不可以为 null 的类型“System.Int64”的参数“rootnum”，参数字典包含一个 null 项。可选参数必须为引用类型、可以为 null 的类型或声明为可选参数。
参数名: parameters

2018-01-30 16:07:55
Url：/DataStatistics/GameLog/GameRootNumDetail?id=10125
Message：对于“Game.H5.Areas.DataStatistics.Controllers.GameLogController”中方法“System.Web.Mvc.ActionResult GameRootNumDetail(Int64)”的不可以为 null 的类型“System.Int64”的参数“rootnum”，参数字典包含一个 null 项。可选参数必须为引用类型、可以为 null 的类型或声明为可选参数。
参数名: parameters

2018-01-30 16:11:47
Url：/DataStatistics/GameLog/GameRootNumDetail?id=10125
Message：对于“Game.H5.Areas.DataStatistics.Controllers.GameLogController”中方法“System.Web.Mvc.ActionResult GameRootNumDetail(Int64)”的不可以为 null 的类型“System.Int64”的参数“rootnum”，参数字典包含一个 null 项。可选参数必须为引用类型、可以为 null 的类型或声明为可选参数。
参数名: parameters

2018-01-30 16:11:47
Url：/DataStatistics/GameLog/GameRootNumDetail?id=10125
Message：对于“Game.H5.Areas.DataStatistics.Controllers.GameLogController”中方法“System.Web.Mvc.ActionResult GameRootNumDetail(Int64)”的不可以为 null 的类型“System.Int64”的参数“rootnum”，参数字典包含一个 null 项。可选参数必须为引用类型、可以为 null 的类型或声明为可选参数。
参数名: parameters

2018-01-30 16:13:41
Url：/DataStatistics/GameLog/GameRootNumDetail?id=215560
Message：对于“Game.H5.Areas.DataStatistics.Controllers.GameLogController”中方法“System.Web.Mvc.ActionResult GameRootNumDetail(Int64)”的不可以为 null 的类型“System.Int64”的参数“rootnum”，参数字典包含一个 null 项。可选参数必须为引用类型、可以为 null 的类型或声明为可选参数。
参数名: parameters

2018-01-30 16:13:41
Url：/DataStatistics/GameLog/GameRootNumDetail?id=215560
Message：对于“Game.H5.Areas.DataStatistics.Controllers.GameLogController”中方法“System.Web.Mvc.ActionResult GameRootNumDetail(Int64)”的不可以为 null 的类型“System.Int64”的参数“rootnum”，参数字典包含一个 null 项。可选参数必须为引用类型、可以为 null 的类型或声明为可选参数。
参数名: parameters

2018-01-30 16:20:52
Url：/DataStatistics/GameLog/GameRootNumDetail?id=215560
Message：对于“Game.H5.Areas.DataStatistics.Controllers.GameLogController”中方法“System.Web.Mvc.ActionResult GameRootNumDetail(Int64)”的不可以为 null 的类型“System.Int64”的参数“rootnum”，参数字典包含一个 null 项。可选参数必须为引用类型、可以为 null 的类型或声明为可选参数。
参数名: parameters

2018-01-30 16:20:53
Url：/DataStatistics/GameLog/GameRootNumDetail?id=215560
Message：对于“Game.H5.Areas.DataStatistics.Controllers.GameLogController”中方法“System.Web.Mvc.ActionResult GameRootNumDetail(Int64)”的不可以为 null 的类型“System.Int64”的参数“rootnum”，参数字典包含一个 null 项。可选参数必须为引用类型、可以为 null 的类型或声明为可选参数。
参数名: parameters

2018-01-30 16:20:57
Url：/DataStatistics/GameLog/GameRootNumDetail?id=697049
Message：对于“Game.H5.Areas.DataStatistics.Controllers.GameLogController”中方法“System.Web.Mvc.ActionResult GameRootNumDetail(Int64)”的不可以为 null 的类型“System.Int64”的参数“rootnum”，参数字典包含一个 null 项。可选参数必须为引用类型、可以为 null 的类型或声明为可选参数。
参数名: parameters

2018-01-30 16:20:57
Url：/DataStatistics/GameLog/GameRootNumDetail?id=697049
Message：对于“Game.H5.Areas.DataStatistics.Controllers.GameLogController”中方法“System.Web.Mvc.ActionResult GameRootNumDetail(Int64)”的不可以为 null 的类型“System.Int64”的参数“rootnum”，参数字典包含一个 null 项。可选参数必须为引用类型、可以为 null 的类型或声明为可选参数。
参数名: parameters

2018-01-30 16:21:05
Url：/DataStatistics/GameLog/GameRootNumDetail?id=697049
Message：对于“Game.H5.Areas.DataStatistics.Controllers.GameLogController”中方法“System.Web.Mvc.ActionResult GameRootNumDetail(Int64)”的不可以为 null 的类型“System.Int64”的参数“rootnum”，参数字典包含一个 null 项。可选参数必须为引用类型、可以为 null 的类型或声明为可选参数。
参数名: parameters

2018-01-30 16:21:05
Url：/DataStatistics/GameLog/GameRootNumDetail?id=697049
Message：对于“Game.H5.Areas.DataStatistics.Controllers.GameLogController”中方法“System.Web.Mvc.ActionResult GameRootNumDetail(Int64)”的不可以为 null 的类型“System.Int64”的参数“rootnum”，参数字典包含一个 null 项。可选参数必须为引用类型、可以为 null 的类型或声明为可选参数。
参数名: parameters

2018-01-30 16:21:12
Url：/DataStatistics/GameLog/GameRootNumDetail?id=215560
Message：对于“Game.H5.Areas.DataStatistics.Controllers.GameLogController”中方法“System.Web.Mvc.ActionResult GameRootNumDetail(Int64)”的不可以为 null 的类型“System.Int64”的参数“rootnum”，参数字典包含一个 null 项。可选参数必须为引用类型、可以为 null 的类型或声明为可选参数。
参数名: parameters

2018-01-30 16:21:12
Url：/DataStatistics/GameLog/GameRootNumDetail?id=215560
Message：对于“Game.H5.Areas.DataStatistics.Controllers.GameLogController”中方法“System.Web.Mvc.ActionResult GameRootNumDetail(Int64)”的不可以为 null 的类型“System.Int64”的参数“rootnum”，参数字典包含一个 null 项。可选参数必须为引用类型、可以为 null 的类型或声明为可选参数。
参数名: parameters

2018-01-30 16:22:20
Url：/DataStatistics/GameLog/GameRootNumDetail?id=215560
Message：对于“Game.H5.Areas.DataStatistics.Controllers.GameLogController”中方法“System.Web.Mvc.ActionResult GameRootNumDetail(Int64)”的不可以为 null 的类型“System.Int64”的参数“rootnum”，参数字典包含一个 null 项。可选参数必须为引用类型、可以为 null 的类型或声明为可选参数。
参数名: parameters

2018-01-30 16:22:20
Url：/DataStatistics/GameLog/GameRootNumDetail?id=215560
Message：对于“Game.H5.Areas.DataStatistics.Controllers.GameLogController”中方法“System.Web.Mvc.ActionResult GameRootNumDetail(Int64)”的不可以为 null 的类型“System.Int64”的参数“rootnum”，参数字典包含一个 null 项。可选参数必须为引用类型、可以为 null 的类型或声明为可选参数。
参数名: parameters

2018-01-30 16:24:08
Url：/DataStatistics/GameLog/GameRootNumDetail?id=215560
Message：对于“Game.H5.Areas.DataStatistics.Controllers.GameLogController”中方法“System.Web.Mvc.ActionResult GameRootNumDetail(Int64)”的不可以为 null 的类型“System.Int64”的参数“rootnum”，参数字典包含一个 null 项。可选参数必须为引用类型、可以为 null 的类型或声明为可选参数。
参数名: parameters

2018-01-30 16:24:08
Url：/DataStatistics/GameLog/GameRootNumDetail?id=215560
Message：对于“Game.H5.Areas.DataStatistics.Controllers.GameLogController”中方法“System.Web.Mvc.ActionResult GameRootNumDetail(Int64)”的不可以为 null 的类型“System.Int64”的参数“rootnum”，参数字典包含一个 null 项。可选参数必须为引用类型、可以为 null 的类型或声明为可选参数。
参数名: parameters

2018-01-30 16:28:59
Url：/DataStatistics/GameLog/GameRootNumDetail?rootnum=
Message：对于“Game.H5.Areas.DataStatistics.Controllers.GameLogController”中方法“System.Web.Mvc.ActionResult GameRootNumDetail(Int64)”的不可以为 null 的类型“System.Int64”的参数“rootnum”，参数字典包含一个 null 项。可选参数必须为引用类型、可以为 null 的类型或声明为可选参数。
参数名: parameters

2018-01-30 16:28:59
Url：/DataStatistics/GameLog/GameRootNumDetail?rootnum=
Message：对于“Game.H5.Areas.DataStatistics.Controllers.GameLogController”中方法“System.Web.Mvc.ActionResult GameRootNumDetail(Int64)”的不可以为 null 的类型“System.Int64”的参数“rootnum”，参数字典包含一个 null 项。可选参数必须为引用类型、可以为 null 的类型或声明为可选参数。
参数名: parameters

2018-01-30 16:30:36
Url：/DataStatistics/GameLog/GetGameRoundByRoomNum?roomnum=462799&pagination=%7B%22rows%22%3A50%2C%22page%22%3A1%2C%22sidx%22%3A%22%22%2C%22sord%22%3A%22ASC%22%2C%22records%22%3A0%2C%22total%22%3A0%7D&_=1517301032646
Message：Error parsing column 5 (bankerId=10145 - String)

2018-01-30 16:30:37
Url：/DataStatistics/GameLog/GetGameRoundByRoomNum?roomnum=462799&pagination=%7B%22rows%22%3A50%2C%22page%22%3A1%2C%22sidx%22%3A%22%22%2C%22sord%22%3A%22ASC%22%2C%22records%22%3A0%2C%22total%22%3A0%7D&_=1517301032646
Message：Error parsing column 5 (bankerId=10145 - String)

2018-01-30 16:30:48
Url：/DataStatistics/GameLog/GetGameRoundByRoomNum?roomnum=462799&pagination=%7B%22rows%22%3A50%2C%22page%22%3A1%2C%22sidx%22%3A%22%22%2C%22sord%22%3A%22ASC%22%2C%22records%22%3A0%2C%22total%22%3A0%7D&_=1517301044599
Message：Error parsing column 5 (bankerId=10145 - String)

2018-01-30 16:30:49
Url：/DataStatistics/GameLog/GetGameRoundByRoomNum?roomnum=462799&pagination=%7B%22rows%22%3A50%2C%22page%22%3A1%2C%22sidx%22%3A%22%22%2C%22sord%22%3A%22ASC%22%2C%22records%22%3A0%2C%22total%22%3A0%7D&_=1517301044599
Message：Error parsing column 5 (bankerId=10145 - String)

2018-01-30 16:31:21
Url：/DataStatistics/GameLog/GetGameRoundByRoomNum?roomnum=462799&pagination=%7B%22rows%22%3A50%2C%22page%22%3A1%2C%22sidx%22%3A%22%22%2C%22sord%22%3A%22ASC%22%2C%22records%22%3A0%2C%22total%22%3A0%7D&_=1517301051538
Message：Error parsing column 5 (bankerId=10145 - String)

2018-01-30 16:31:21
Url：/DataStatistics/GameLog/GetGameRoundByRoomNum?roomnum=462799&pagination=%7B%22rows%22%3A50%2C%22page%22%3A1%2C%22sidx%22%3A%22%22%2C%22sord%22%3A%22ASC%22%2C%22records%22%3A0%2C%22total%22%3A0%7D&_=1517301051538
Message：Error parsing column 5 (bankerId=10145 - String)

2018-01-30 16:36:48
Url：/DataStatistics/GameLog/GetGameRoundByRoomNum?roomnum=215560&pagination=%7B%22rows%22%3A50%2C%22page%22%3A1%2C%22sidx%22%3A%22%22%2C%22sord%22%3A%22ASC%22%2C%22records%22%3A0%2C%22total%22%3A0%7D&_=1517301405377
Message：Error parsing column 6 (player1=10124 - String)

2018-01-30 16:36:48
Url：/DataStatistics/GameLog/GetGameRoundByRoomNum?roomnum=215560&pagination=%7B%22rows%22%3A50%2C%22page%22%3A1%2C%22sidx%22%3A%22%22%2C%22sord%22%3A%22ASC%22%2C%22records%22%3A0%2C%22total%22%3A0%7D&_=1517301405377
Message：Error parsing column 6 (player1=10124 - String)

