2018-02-25 14:29:44
Url：/DataStatistics/GameLog/GetGameRoundByRoomNum?roomnum=825564&pagination=%7B%22rows%22%3A50%2C%22page%22%3A1%2C%22sidx%22%3A%22%22%2C%22sord%22%3A%22ASC%22%2C%22records%22%3A0%2C%22total%22%3A0%7D&_=1519540184128
Message：Error getting value from 'resultNiu5' on 'Game.Entity.NiuBusiness.T_Game_round_log'.

2018-02-25 14:29:44
Url：/DataStatistics/GameLog/GetGameRoundByRoomNum?roomnum=825564&pagination=%7B%22rows%22%3A50%2C%22page%22%3A1%2C%22sidx%22%3A%22%22%2C%22sord%22%3A%22ASC%22%2C%22records%22%3A0%2C%22total%22%3A0%7D&_=1519540184128
Message：Error getting value from 'resultNiu5' on 'Game.Entity.NiuBusiness.T_Game_round_log'.

2018-02-25 14:30:24
Url：/DataStatistics/GameLog/GetGameRoundByRoomNum?roomnum=825564&pagination=%7B%22rows%22%3A50%2C%22page%22%3A1%2C%22sidx%22%3A%22%22%2C%22sord%22%3A%22ASC%22%2C%22records%22%3A0%2C%22total%22%3A0%7D&_=1519540223973
Message：Error getting value from 'resultNiu5' on 'Game.Entity.NiuBusiness.T_Game_round_log'.

2018-02-25 14:30:24
Url：/DataStatistics/GameLog/GetGameRoundByRoomNum?roomnum=825564&pagination=%7B%22rows%22%3A50%2C%22page%22%3A1%2C%22sidx%22%3A%22%22%2C%22sord%22%3A%22ASC%22%2C%22records%22%3A0%2C%22total%22%3A0%7D&_=1519540223973
Message：Error getting value from 'resultNiu5' on 'Game.Entity.NiuBusiness.T_Game_round_log'.

2018-02-25 14:31:22
Url：/DataStatistics/GameLog/GetGameRoundByRoomNum?roomnum=825564&pagination=%7B%22rows%22%3A50%2C%22page%22%3A1%2C%22sidx%22%3A%22%22%2C%22sord%22%3A%22ASC%22%2C%22records%22%3A0%2C%22total%22%3A0%7D&_=1519540282214
Message：Error getting value from 'resultNiu5' on 'Game.Entity.NiuBusiness.T_Game_round_log'.

2018-02-25 14:31:22
Url：/DataStatistics/GameLog/GetGameRoundByRoomNum?roomnum=825564&pagination=%7B%22rows%22%3A50%2C%22page%22%3A1%2C%22sidx%22%3A%22%22%2C%22sord%22%3A%22ASC%22%2C%22records%22%3A0%2C%22total%22%3A0%7D&_=1519540282214
Message：Error getting value from 'resultNiu5' on 'Game.Entity.NiuBusiness.T_Game_round_log'.

2018-02-25 14:39:06
Url：/DataStatistics/GameLog/GetGameRoundByRoomNum?roomnum=825564&pagination=%7B%22rows%22%3A50%2C%22page%22%3A1%2C%22sidx%22%3A%22%22%2C%22sord%22%3A%22ASC%22%2C%22records%22%3A0%2C%22total%22%3A0%7D&_=1519540746688
Message：Error getting value from 'resultNiu5' on 'Game.Entity.NiuBusiness.T_Game_round_log'.

2018-02-25 14:39:06
Url：/DataStatistics/GameLog/GetGameRoundByRoomNum?roomnum=825564&pagination=%7B%22rows%22%3A50%2C%22page%22%3A1%2C%22sidx%22%3A%22%22%2C%22sord%22%3A%22ASC%22%2C%22records%22%3A0%2C%22total%22%3A0%7D&_=1519540746688
Message：Error getting value from 'resultNiu5' on 'Game.Entity.NiuBusiness.T_Game_round_log'.

2018-02-25 14:39:48
Url：/DataStatistics/GameLog/GetGameRoundByRoomNum?roomnum=825564&pagination=%7B%22rows%22%3A50%2C%22page%22%3A1%2C%22sidx%22%3A%22%22%2C%22sord%22%3A%22ASC%22%2C%22records%22%3A0%2C%22total%22%3A0%7D&_=1519540788270
Message：Error getting value from 'resultNiu5' on 'Game.Entity.NiuBusiness.T_Game_round_log'.

2018-02-25 14:39:48
Url：/DataStatistics/GameLog/GetGameRoundByRoomNum?roomnum=825564&pagination=%7B%22rows%22%3A50%2C%22page%22%3A1%2C%22sidx%22%3A%22%22%2C%22sord%22%3A%22ASC%22%2C%22records%22%3A0%2C%22total%22%3A0%7D&_=1519540788270
Message：Error getting value from 'resultNiu5' on 'Game.Entity.NiuBusiness.T_Game_round_log'.

2018-02-25 16:28:47
Url：/ClubModule/Club/GetClubPage?pagination=%7B%22rows%22%3A50%2C%22page%22%3A1%2C%22sidx%22%3A%22%22%2C%22sord%22%3A%22ASC%22%2C%22records%22%3A0%2C%22total%22%3A0%7D&_=1519547327289
Message：序列包含一个以上的元素

2018-02-25 16:28:47
Url：/ClubModule/Club/GetClubPage?pagination=%7B%22rows%22%3A50%2C%22page%22%3A1%2C%22sidx%22%3A%22%22%2C%22sord%22%3A%22ASC%22%2C%22records%22%3A0%2C%22total%22%3A0%7D&_=1519547327289
Message：序列包含一个以上的元素

2018-02-25 16:28:50
Url：/ClubModule/Club/GetClubPage?pagination=%7B%22rows%22%3A50%2C%22page%22%3A1%2C%22sidx%22%3A%22%22%2C%22sord%22%3A%22ASC%22%2C%22records%22%3A0%2C%22total%22%3A0%7D&_=1519547329979
Message：序列包含一个以上的元素

2018-02-25 16:28:50
Url：/ClubModule/Club/GetClubPage?pagination=%7B%22rows%22%3A50%2C%22page%22%3A1%2C%22sidx%22%3A%22%22%2C%22sord%22%3A%22ASC%22%2C%22records%22%3A0%2C%22total%22%3A0%7D&_=1519547329979
Message：序列包含一个以上的元素

2018-02-25 16:30:24
Url：/ClubModule/Club/GetClubPage?pagination=%7B%22rows%22%3A50%2C%22page%22%3A1%2C%22sidx%22%3A%22%22%2C%22sord%22%3A%22ASC%22%2C%22records%22%3A0%2C%22total%22%3A0%7D&_=1519547424713
Message：序列包含一个以上的元素

2018-02-25 16:30:24
Url：/ClubModule/Club/GetClubPage?pagination=%7B%22rows%22%3A50%2C%22page%22%3A1%2C%22sidx%22%3A%22%22%2C%22sord%22%3A%22ASC%22%2C%22records%22%3A0%2C%22total%22%3A0%7D&_=1519547424713
Message：序列包含一个以上的元素

2018-02-25 16:30:31
Url：/ClubModule/Club/GetClubPage?pagination=%7B%22rows%22%3A50%2C%22page%22%3A1%2C%22sidx%22%3A%22%22%2C%22sord%22%3A%22ASC%22%2C%22records%22%3A0%2C%22total%22%3A0%7D&_=1519547431244
Message：序列包含一个以上的元素

2018-02-25 16:30:31
Url：/ClubModule/Club/GetClubPage?pagination=%7B%22rows%22%3A50%2C%22page%22%3A1%2C%22sidx%22%3A%22%22%2C%22sord%22%3A%22ASC%22%2C%22records%22%3A0%2C%22total%22%3A0%7D&_=1519547431244
Message：序列包含一个以上的元素

