2018-06-13 10:31:36
Url：/Goods/Tea/BindTea_Lable?fid=13
Message：Fatal error encountered during command execution.

2018-06-13 10:31:36
Url：/Goods/Tea/BindTea_Lable?fid=13
Message：Fatal error encountered during command execution.

2018-06-13 10:32:12
Url：/Goods/Tea/BindTea_Lable?fid=13
Message：Fatal error encountered during command execution.

2018-06-13 10:32:12
Url：/Goods/Tea/BindTea_Lable?fid=13
Message：Fatal error encountered during command execution.

2018-06-13 10:41:46
Url：/Goods/Tea/BindTea_Lable?fid=13
Message：Fatal error encountered during command execution.

2018-06-13 10:41:46
Url：/Goods/Tea/BindTea_Lable?fid=13
Message：Fatal error encountered during command execution.

2018-06-13 10:44:02
Url：/Goods/Tea/BindTea_Lable?fid=13
Message：Fatal error encountered during command execution.

2018-06-13 10:44:02
Url：/Goods/Tea/BindTea_Lable?fid=13
Message：Fatal error encountered during command execution.

2018-06-13 10:45:01
Url：/Goods/Tea/BindTea_Lable?fid=13
Message：Fatal error encountered during command execution.

2018-06-13 10:45:01
Url：/Goods/Tea/BindTea_Lable?fid=13
Message：Fatal error encountered during command execution.

2018-06-13 10:57:11
Url：/Goods/Tea/BindTea_Lable?fid=13
Message：Fatal error encountered during command execution.

2018-06-13 10:57:11
Url：/Goods/Tea/BindTea_Lable?fid=13
Message：Fatal error encountered during command execution.

2018-06-13 11:00:00
Url：/Goods/Tea/BindTea_Lable?fid=13
Message：Fatal error encountered during command execution.

2018-06-13 11:00:00
Url：/Goods/Tea/BindTea_Lable?fid=13
Message：Fatal error encountered during command execution.

2018-06-13 11:39:53
Url：/Goods/Tea/BindTea_Lable?fid=13
Message：未找到视图“8”或其母版视图，或没有视图引擎支持搜索的位置。搜索了以下位置: 
~/Areas/Goods/Views/Tea/8.aspx
~/Areas/Goods/Views/Tea/8.ascx
~/Areas/Goods/Views/Shared/8.aspx
~/Areas/Goods/Views/Shared/8.ascx
~/Views/Tea/8.aspx
~/Views/Tea/8.ascx
~/Views/Shared/8.aspx
~/Views/Shared/8.ascx
~/Areas/Goods/Views/Tea/8.cshtml
~/Areas/Goods/Views/Tea/8.vbhtml
~/Areas/Goods/Views/Shared/8.cshtml
~/Areas/Goods/Views/Shared/8.vbhtml
~/Views/Tea/8.cshtml
~/Views/Tea/8.vbhtml
~/Views/Shared/8.cshtml
~/Views/Shared/8.vbhtml

2018-06-13 11:39:53
Url：/Goods/Tea/BindTea_Lable?fid=13
Message：未找到视图“8”或其母版视图，或没有视图引擎支持搜索的位置。搜索了以下位置: 
~/Areas/Goods/Views/Tea/8.aspx
~/Areas/Goods/Views/Tea/8.ascx
~/Areas/Goods/Views/Shared/8.aspx
~/Areas/Goods/Views/Shared/8.ascx
~/Views/Tea/8.aspx
~/Views/Tea/8.ascx
~/Views/Shared/8.aspx
~/Views/Shared/8.ascx
~/Areas/Goods/Views/Tea/8.cshtml
~/Areas/Goods/Views/Tea/8.vbhtml
~/Areas/Goods/Views/Shared/8.cshtml
~/Areas/Goods/Views/Shared/8.vbhtml
~/Views/Tea/8.cshtml
~/Views/Tea/8.vbhtml
~/Views/Shared/8.cshtml
~/Views/Shared/8.vbhtml

2018-06-13 12:06:55
Url：/Goods/Tea/BindTea_Lable?fid=13
Message：未找到视图“8”或其母版视图，或没有视图引擎支持搜索的位置。搜索了以下位置: 
~/Areas/Goods/Views/Tea/8.aspx
~/Areas/Goods/Views/Tea/8.ascx
~/Areas/Goods/Views/Shared/8.aspx
~/Areas/Goods/Views/Shared/8.ascx
~/Views/Tea/8.aspx
~/Views/Tea/8.ascx
~/Views/Shared/8.aspx
~/Views/Shared/8.ascx
~/Areas/Goods/Views/Tea/8.cshtml
~/Areas/Goods/Views/Tea/8.vbhtml
~/Areas/Goods/Views/Shared/8.cshtml
~/Areas/Goods/Views/Shared/8.vbhtml
~/Views/Tea/8.cshtml
~/Views/Tea/8.vbhtml
~/Views/Shared/8.cshtml
~/Views/Shared/8.vbhtml

2018-06-13 12:06:56
Url：/Goods/Tea/BindTea_Lable?fid=13
Message：未找到视图“8”或其母版视图，或没有视图引擎支持搜索的位置。搜索了以下位置: 
~/Areas/Goods/Views/Tea/8.aspx
~/Areas/Goods/Views/Tea/8.ascx
~/Areas/Goods/Views/Shared/8.aspx
~/Areas/Goods/Views/Shared/8.ascx
~/Views/Tea/8.aspx
~/Views/Tea/8.ascx
~/Views/Shared/8.aspx
~/Views/Shared/8.ascx
~/Areas/Goods/Views/Tea/8.cshtml
~/Areas/Goods/Views/Tea/8.vbhtml
~/Areas/Goods/Views/Shared/8.cshtml
~/Areas/Goods/Views/Shared/8.vbhtml
~/Views/Tea/8.cshtml
~/Views/Tea/8.vbhtml
~/Views/Shared/8.cshtml
~/Views/Shared/8.vbhtml

2018-06-13 12:07:39
Url：/Goods/Tea/BindTea_Lable?fid=13
Message：未找到视图“8”或其母版视图，或没有视图引擎支持搜索的位置。搜索了以下位置: 
~/Areas/Goods/Views/Tea/8.aspx
~/Areas/Goods/Views/Tea/8.ascx
~/Areas/Goods/Views/Shared/8.aspx
~/Areas/Goods/Views/Shared/8.ascx
~/Views/Tea/8.aspx
~/Views/Tea/8.ascx
~/Views/Shared/8.aspx
~/Views/Shared/8.ascx
~/Areas/Goods/Views/Tea/8.cshtml
~/Areas/Goods/Views/Tea/8.vbhtml
~/Areas/Goods/Views/Shared/8.cshtml
~/Areas/Goods/Views/Shared/8.vbhtml
~/Views/Tea/8.cshtml
~/Views/Tea/8.vbhtml
~/Views/Shared/8.cshtml
~/Views/Shared/8.vbhtml

2018-06-13 12:07:39
Url：/Goods/Tea/BindTea_Lable?fid=13
Message：未找到视图“8”或其母版视图，或没有视图引擎支持搜索的位置。搜索了以下位置: 
~/Areas/Goods/Views/Tea/8.aspx
~/Areas/Goods/Views/Tea/8.ascx
~/Areas/Goods/Views/Shared/8.aspx
~/Areas/Goods/Views/Shared/8.ascx
~/Views/Tea/8.aspx
~/Views/Tea/8.ascx
~/Views/Shared/8.aspx
~/Views/Shared/8.ascx
~/Areas/Goods/Views/Tea/8.cshtml
~/Areas/Goods/Views/Tea/8.vbhtml
~/Areas/Goods/Views/Shared/8.cshtml
~/Areas/Goods/Views/Shared/8.vbhtml
~/Views/Tea/8.cshtml
~/Views/Tea/8.vbhtml
~/Views/Shared/8.cshtml
~/Views/Shared/8.vbhtml

