2018-01-26 10:25:53
错误编号:2018012610255322Xa5d1ef818a
Message:Table 'linyun_game.sys_log' doesn't exist
Message2:/Home/Login
Type:MySql.Data.MySqlClient.MySqlException
Source:MySql.Data
StackTrace:   在 MySql.Data.MySqlClient.MySqlStream.ReadPacket()
   在 MySql.Data.MySqlClient.NativeDriver.GetResult(Int32& affectedRow, Int64& insertedId)
   在 MySql.Data.MySqlClient.Driver.GetResult(Int32 statementId, Int32& affectedRows, Int64& insertedId)
   在 MySql.Data.MySqlClient.Driver.NextResult(Int32 statementId, Boolean force)
   在 MySql.Data.MySqlClient.MySqlDataReader.NextResult()
   在 MySql.Data.MySqlClient.MySqlCommand.ExecuteReader(CommandBehavior behavior)
   在 MySql.Data.MySqlClient.MySqlCommand.ExecuteNonQuery()
   在 Dapper.SqlMapper.ExecuteCommand(IDbConnection cnn, CommandDefinition& command, Action`2 paramReader)
   在 Dapper.SqlMapper.ExecuteImpl(IDbConnection cnn, CommandDefinition& command)
   在 Dapper.SqlMapper.Execute(IDbConnection cnn, String sql, Object param, IDbTransaction transaction, Nullable`1 commandTimeout, Nullable`1 commandType)
   在 Game.DataAccess.SysManage.Sys_LogDAL.AddLog(Sys_Log log) 位置 E:\Projects\网站运营后台\Game.H5\Game.DataAccess\SysManage\Sys_LogDAL.cs:行号 31
   在 Game.H5.WebSecurityHelper.LogCommon.WriteLog_Exception(String mark) 位置 E:\Projects\网站运营后台\Game.H5\Game.H5\WebSecurityHelper\LogCommon.cs:行号 141
   在 Game.H5.Controllers.LoginController.UserLogin(String userName, String userPassWord, String checkCode, String& msg) 位置 E:\Projects\网站运营后台\Game.H5\Game.H5\Controllers\LoginController.cs:行号 144
   在 Game.H5.Controllers.LoginController.Login(String userName, String userPassWord, String checkCode) 位置 E:\Projects\网站运营后台\Game.H5\Game.H5\Controllers\LoginController.cs:行号 61
Method:ReadPacket
Class:MySql.Data.MySqlClient.MySqlStream
UserIP:::1
UserName:
CompanyID:0
CompanyName:

2018-01-26 16:34:36
Url：/Login/to
Message：对于“Game.H5.Controllers.LoginController”中方法“System.Web.Mvc.ActionResult to(Int32)”的不可以为 null 的类型“System.Int32”的参数“v”，参数字典包含一个 null 项。可选参数必须为引用类型、可以为 null 的类型或声明为可选参数。
参数名: parameters

2018-01-26 16:34:36
Url：/Login/to
Message：对于“Game.H5.Controllers.LoginController”中方法“System.Web.Mvc.ActionResult to(Int32)”的不可以为 null 的类型“System.Int32”的参数“v”，参数字典包含一个 null 项。可选参数必须为引用类型、可以为 null 的类型或声明为可选参数。
参数名: parameters

2018-01-26 16:36:01
Url：/
Message：对于“Game.H5.Controllers.LoginController”中方法“System.Web.Mvc.ActionResult Index(Int32)”的不可以为 null 的类型“System.Int32”的参数“v”，参数字典包含一个 null 项。可选参数必须为引用类型、可以为 null 的类型或声明为可选参数。
参数名: parameters

2018-01-26 16:36:01
Url：/
Message：对于“Game.H5.Controllers.LoginController”中方法“System.Web.Mvc.ActionResult Index(Int32)”的不可以为 null 的类型“System.Int32”的参数“v”，参数字典包含一个 null 项。可选参数必须为引用类型、可以为 null 的类型或声明为可选参数。
参数名: parameters

2018-01-26 16:36:11
Url：/
Message：对于“Game.H5.Controllers.LoginController”中方法“System.Web.Mvc.ActionResult Index(Int32)”的不可以为 null 的类型“System.Int32”的参数“v”，参数字典包含一个 null 项。可选参数必须为引用类型、可以为 null 的类型或声明为可选参数。
参数名: parameters

2018-01-26 16:36:12
Url：/
Message：对于“Game.H5.Controllers.LoginController”中方法“System.Web.Mvc.ActionResult Index(Int32)”的不可以为 null 的类型“System.Int32”的参数“v”，参数字典包含一个 null 项。可选参数必须为引用类型、可以为 null 的类型或声明为可选参数。
参数名: parameters

2018-01-26 16:37:08
Url：/Login/Index
Message：对于“Game.H5.Controllers.LoginController”中方法“System.Web.Mvc.ActionResult Index(Int32)”的不可以为 null 的类型“System.Int32”的参数“v”，参数字典包含一个 null 项。可选参数必须为引用类型、可以为 null 的类型或声明为可选参数。
参数名: parameters

2018-01-26 16:37:08
Url：/Login/Index
Message：对于“Game.H5.Controllers.LoginController”中方法“System.Web.Mvc.ActionResult Index(Int32)”的不可以为 null 的类型“System.Int32”的参数“v”，参数字典包含一个 null 项。可选参数必须为引用类型、可以为 null 的类型或声明为可选参数。
参数名: parameters

2018-01-26 17:32:26
Url：/Login/Index
Message：对于“Game.H5.Controllers.LoginController”中方法“System.Web.Mvc.ActionResult Index(Int32)”的不可以为 null 的类型“System.Int32”的参数“v”，参数字典包含一个 null 项。可选参数必须为引用类型、可以为 null 的类型或声明为可选参数。
参数名: parameters

2018-01-26 17:32:26
Url：/Login/Index
Message：对于“Game.H5.Controllers.LoginController”中方法“System.Web.Mvc.ActionResult Index(Int32)”的不可以为 null 的类型“System.Int32”的参数“v”，参数字典包含一个 null 项。可选参数必须为引用类型、可以为 null 的类型或声明为可选参数。
参数名: parameters

2018-01-26 17:41:02
Url：/
Message：对于“Game.H5.Controllers.LoginController”中方法“System.Web.Mvc.ActionResult Index(Int32)”的不可以为 null 的类型“System.Int32”的参数“v”，参数字典包含一个 null 项。可选参数必须为引用类型、可以为 null 的类型或声明为可选参数。
参数名: parameters

2018-01-26 17:41:02
Url：/
Message：对于“Game.H5.Controllers.LoginController”中方法“System.Web.Mvc.ActionResult Index(Int32)”的不可以为 null 的类型“System.Int32”的参数“v”，参数字典包含一个 null 项。可选参数必须为引用类型、可以为 null 的类型或声明为可选参数。
参数名: parameters

2018-01-26 17:41:02
Url：/Login/Index
Message：对于“Game.H5.Controllers.LoginController”中方法“System.Web.Mvc.ActionResult Index(Int32)”的不可以为 null 的类型“System.Int32”的参数“v”，参数字典包含一个 null 项。可选参数必须为引用类型、可以为 null 的类型或声明为可选参数。
参数名: parameters

2018-01-26 17:41:02
Url：/Login/Index
Message：对于“Game.H5.Controllers.LoginController”中方法“System.Web.Mvc.ActionResult Index(Int32)”的不可以为 null 的类型“System.Int32”的参数“v”，参数字典包含一个 null 项。可选参数必须为引用类型、可以为 null 的类型或声明为可选参数。
参数名: parameters

2018-01-26 17:41:06
Url：/
Message：对于“Game.H5.Controllers.LoginController”中方法“System.Web.Mvc.ActionResult Index(Int32)”的不可以为 null 的类型“System.Int32”的参数“v”，参数字典包含一个 null 项。可选参数必须为引用类型、可以为 null 的类型或声明为可选参数。
参数名: parameters

2018-01-26 17:41:06
Url：/
Message：对于“Game.H5.Controllers.LoginController”中方法“System.Web.Mvc.ActionResult Index(Int32)”的不可以为 null 的类型“System.Int32”的参数“v”，参数字典包含一个 null 项。可选参数必须为引用类型、可以为 null 的类型或声明为可选参数。
参数名: parameters

