2018-04-04 15:14:53
Url：/GameConfig/Placardset/Marquee
Message：“System.Collections.Generic.List<Game.Entity.NiuBusiness.T_Notice>”未包含“content”的定义

2018-04-04 15:14:53
Url：/GameConfig/Placardset/Marquee
Message：“System.Collections.Generic.List<Game.Entity.NiuBusiness.T_Notice>”未包含“content”的定义

2018-04-04 16:10:31
Url：/GameConfig/Placardset/Marquee
Message：无法将类型“System.Collections.Generic.List<Game.Entity.NiuBusiness.T_Notice>”隐式转换为“string”

2018-04-04 16:10:31
Url：/GameConfig/Placardset/Marquee
Message：无法将类型“System.Collections.Generic.List<Game.Entity.NiuBusiness.T_Notice>”隐式转换为“string”

2018-04-04 16:10:37
Url：/GameConfig/Placardset/Marquee
Message：无法将类型“System.Collections.Generic.List<Game.Entity.NiuBusiness.T_Notice>”隐式转换为“string”

2018-04-04 16:10:37
Url：/GameConfig/Placardset/Marquee
Message：无法将类型“System.Collections.Generic.List<Game.Entity.NiuBusiness.T_Notice>”隐式转换为“string”

2018-04-04 16:10:41
Url：/GameConfig/Placardset/Marquee
Message：无法将类型“System.Collections.Generic.List<Game.Entity.NiuBusiness.T_Notice>”隐式转换为“string”

2018-04-04 16:10:41
Url：/GameConfig/Placardset/Marquee
Message：无法将类型“System.Collections.Generic.List<Game.Entity.NiuBusiness.T_Notice>”隐式转换为“string”

2018-04-04 16:13:56
Url：/GameConfig/Placardset/Marquee
Message：e:\Projects\网站运营后台\Game.H5\Game.H5\Areas\GameConfig\Views\Placardset\Marquee.cshtml(45): error CS1056: 意外的字符“$”

2018-04-04 16:13:56
Url：/GameConfig/Placardset/Marquee
Message：e:\Projects\网站运营后台\Game.H5\Game.H5\Areas\GameConfig\Views\Placardset\Marquee.cshtml(45): error CS1056: 意外的字符“$”

2018-04-04 16:37:33
Url：/GameConfig/Placardset/Marquee
Message：e:\Projects\网站运营后台\Game.H5\Game.H5\Areas\GameConfig\Views\Placardset\Marquee.cshtml(19): error CS0103: 当前上下文中不存在名称“centent”

2018-04-04 16:37:33
Url：/GameConfig/Placardset/Marquee
Message：e:\Projects\网站运营后台\Game.H5\Game.H5\Areas\GameConfig\Views\Placardset\Marquee.cshtml(19): error CS0103: 当前上下文中不存在名称“centent”

2018-04-04 16:37:37
Url：/GameConfig/Placardset/Marquee
Message：e:\Projects\网站运营后台\Game.H5\Game.H5\Areas\GameConfig\Views\Placardset\Marquee.cshtml(19): error CS0103: 当前上下文中不存在名称“centent”

2018-04-04 16:37:37
Url：/GameConfig/Placardset/Marquee
Message：e:\Projects\网站运营后台\Game.H5\Game.H5\Areas\GameConfig\Views\Placardset\Marquee.cshtml(19): error CS0103: 当前上下文中不存在名称“centent”

2018-04-04 16:43:24
Url：/GameConfig/Placardset/Marquee
Message：e:\Projects\网站运营后台\Game.H5\Game.H5\Areas\GameConfig\Views\Placardset\Marquee.cshtml(62): error CS1002: 应输入 ;

2018-04-04 16:43:24
Url：/GameConfig/Placardset/Marquee
Message：e:\Projects\网站运营后台\Game.H5\Game.H5\Areas\GameConfig\Views\Placardset\Marquee.cshtml(62): error CS1002: 应输入 ;

2018-04-04 16:43:30
Url：/GameConfig/Placardset/Marquee
Message：e:\Projects\网站运营后台\Game.H5\Game.H5\Areas\GameConfig\Views\Placardset\Marquee.cshtml(62): error CS1002: 应输入 ;

2018-04-04 16:43:30
Url：/GameConfig/Placardset/Marquee
Message：e:\Projects\网站运营后台\Game.H5\Game.H5\Areas\GameConfig\Views\Placardset\Marquee.cshtml(62): error CS1002: 应输入 ;

2018-04-04 16:43:43
Url：/GameConfig/Placardset/Marquee
Message：e:\Projects\网站运营后台\Game.H5\Game.H5\Areas\GameConfig\Views\Placardset\Marquee.cshtml(62): error CS1002: 应输入 ;

2018-04-04 16:43:43
Url：/GameConfig/Placardset/Marquee
Message：e:\Projects\网站运营后台\Game.H5\Game.H5\Areas\GameConfig\Views\Placardset\Marquee.cshtml(62): error CS1002: 应输入 ;

2018-04-04 16:44:07
Url：/GameConfig/Placardset/Marquee
Message：e:\Projects\网站运营后台\Game.H5\Game.H5\Areas\GameConfig\Views\Placardset\Marquee.cshtml(62): error CS1002: 应输入 ;

2018-04-04 16:44:07
Url：/GameConfig/Placardset/Marquee
Message：e:\Projects\网站运营后台\Game.H5\Game.H5\Areas\GameConfig\Views\Placardset\Marquee.cshtml(62): error CS1002: 应输入 ;

2018-04-04 16:44:31
Url：/GameConfig/Placardset/Marquee
Message：e:\Projects\网站运营后台\Game.H5\Game.H5\Areas\GameConfig\Views\Placardset\Marquee.cshtml(62): error CS1002: 应输入 ;

2018-04-04 16:44:31
Url：/GameConfig/Placardset/Marquee
Message：e:\Projects\网站运营后台\Game.H5\Game.H5\Areas\GameConfig\Views\Placardset\Marquee.cshtml(62): error CS1002: 应输入 ;

2018-04-04 16:45:28
Url：/GameConfig/Placardset/Marquee
Message：e:\Projects\网站运营后台\Game.H5\Game.H5\Areas\GameConfig\Views\Placardset\Marquee.cshtml(62): error CS1002: 应输入 ;

2018-04-04 16:45:28
Url：/GameConfig/Placardset/Marquee
Message：e:\Projects\网站运营后台\Game.H5\Game.H5\Areas\GameConfig\Views\Placardset\Marquee.cshtml(62): error CS1002: 应输入 ;

2018-04-04 16:47:41
Url：/GameConfig/Placardset/Marquee
Message：e:\Projects\网站运营后台\Game.H5\Game.H5\Areas\GameConfig\Views\Placardset\Marquee.cshtml(62): error CS1002: 应输入 ;

2018-04-04 16:47:41
Url：/GameConfig/Placardset/Marquee
Message：e:\Projects\网站运营后台\Game.H5\Game.H5\Areas\GameConfig\Views\Placardset\Marquee.cshtml(62): error CS1002: 应输入 ;

2018-04-04 16:48:04
Url：/GameConfig/Placardset/Marquee
Message：e:\Projects\网站运营后台\Game.H5\Game.H5\Areas\GameConfig\Views\Placardset\Marquee.cshtml(62): error CS1002: 应输入 ;

2018-04-04 16:48:04
Url：/GameConfig/Placardset/Marquee
Message：e:\Projects\网站运营后台\Game.H5\Game.H5\Areas\GameConfig\Views\Placardset\Marquee.cshtml(62): error CS1002: 应输入 ;

2018-04-04 16:48:10
Url：/GameConfig/Placardset/Marquee
Message：e:\Projects\网站运营后台\Game.H5\Game.H5\Areas\GameConfig\Views\Placardset\Marquee.cshtml(62): error CS1002: 应输入 ;

2018-04-04 16:48:10
Url：/GameConfig/Placardset/Marquee
Message：e:\Projects\网站运营后台\Game.H5\Game.H5\Areas\GameConfig\Views\Placardset\Marquee.cshtml(62): error CS1002: 应输入 ;

2018-04-04 17:33:50
Url：/GameConfig/Placardset/updateMarquee
Message：对于“Game.H5.Areas.GameConfig.Controllers.PlacardsetController”中方法“System.Web.Mvc.ActionResult updateMarquee(Int32, Int32, System.String)”的不可以为 null 的类型“System.Int32”的参数“status”，参数字典包含一个 null 项。可选参数必须为引用类型、可以为 null 的类型或声明为可选参数。
参数名: parameters

2018-04-04 17:33:50
Url：/GameConfig/Placardset/updateMarquee
Message：对于“Game.H5.Areas.GameConfig.Controllers.PlacardsetController”中方法“System.Web.Mvc.ActionResult updateMarquee(Int32, Int32, System.String)”的不可以为 null 的类型“System.Int32”的参数“status”，参数字典包含一个 null 项。可选参数必须为引用类型、可以为 null 的类型或声明为可选参数。
参数名: parameters

2018-04-04 17:35:05
错误编号:2018040417350578Xcbe165df0b
Message:基础连接已经关闭: 连接被意外关闭。
Type:System.Net.WebException
Source:System
StackTrace:   在 System.Net.WebClient.UploadDataInternal(Uri address, String method, Byte[] data, WebRequest& request)
   在 System.Net.WebClient.UploadData(Uri address, String method, Byte[] data)
   在 System.Net.WebClient.UploadData(String address, String method, Byte[] data)
   在 Game.Common.WebCommon.APIPostBack(String url, String posts, Boolean check, String contentType) 位置 E:\Projects\网站运营后台\Game.H5\Game.Common\WebCommon.cs:行号 179
Method:UploadDataInternal
Class:System.Net.WebClient
UserIP:::1
UserName:
CompanyID:0
CompanyName:

2018-04-04 17:35:05
Url：/GameConfig/Placardset/updateMarquee
Message：未将对象引用设置到对象的实例。

2018-04-04 17:35:05
Url：/GameConfig/Placardset/updateMarquee
Message：未将对象引用设置到对象的实例。

2018-04-04 18:19:47
Url：/GameConfig/placardset/AddPlacard
Message：已添加了具有相同键的项。

2018-04-04 18:19:47
Url：/GameConfig/placardset/AddPlacard
Message：已添加了具有相同键的项。

